Using WEST data from '/ix/lchong/dty7/hiv1_capsid/ctd-unbinding/2kod/we/2d_v01/west.h5'
# successful (recycled) segments
# column 0:    iteration
# column 1:    seg_id
# column 2:    weight
# column>2:    final progress coordinate value
     167           8    6.6235254203836e-111           24.4632           53.2233           11.7396
     168           8    1.3247050840767e-111           23.9676           52.8294           12.9966
     168           9    1.3247050840767e-111           23.3781           52.2976           11.8495
     170           8    5.2988203363069e-113            2.0255           47.4889            6.9852
     171           7    1.0597640672614e-113           23.3152           55.1514           15.3692
     171           8    1.0597640672614e-113             3.017           47.1444            6.3799
     171           9    1.0597640672614e-113            1.4357           48.7884            6.5847
     174           5    8.4781125380911e-116           25.6722            56.078           14.1805
     175           0    1.6956225076182e-116           25.9278           55.6692           15.7885
     178           1    1.3564980060946e-118            1.3688           47.3345            7.0228
     178           4    1.3564980060946e-118            1.5059           46.0808               7.1
     179           6    2.7129960121891e-119           24.9483           55.7308           16.2864
     181           8    1.0851984048757e-120            1.2387           50.1654            6.6651
     182           6    2.1703968097513e-121           25.5945           56.3841           16.2568
     185           0     1.736317447801e-123            2.9161           47.9038            7.0317
     185           1     1.736317447801e-123            1.8671           46.9191            7.6265
     185           2     1.736317447801e-123            2.3083           47.3131            9.6353
     185           3     1.736317447801e-123            1.4101           48.8517            6.8719
     188           1    1.3890539582408e-125            1.9604           53.3772           11.2416
     188           2    1.3890539582408e-125            1.2713           52.7556             6.236
     188           3    1.3890539582408e-125            2.3128            53.113            7.1702
     188           4    1.3890539582408e-125            1.4571           52.0374          8.709001
     189           0    2.7781079164817e-126            3.7838           52.1823            7.9698
     189           1    2.7781079164817e-126            2.1154           51.7082            9.3923
     190           8    5.5562158329634e-127            2.8165           53.5854            7.4915
     191           0    1.1112431665927e-127            3.4196           51.6485            6.9186
     191           3    1.1112431665927e-127            2.9817           52.9972            6.5514
     191           6    1.1112431665927e-127            1.1365            53.944            6.9376
     191           8    1.1112431665927e-127            2.5841           54.5227            7.8033
     191           9    1.1112431665927e-127             2.258           50.9743            7.3564
     192           1    2.2224863331853e-128            3.7303           50.2501            6.5123
     192           2    2.2224863331853e-128            1.5656           48.9444            6.6828
     192           5    2.2224863331853e-128            2.2584           48.9496            8.5513
     192           6    2.2224863331853e-128            2.5614           48.3848           10.8021
     192           7    2.2224863331853e-128            1.7229            53.043            9.5483
     192           8    2.2224863331853e-128            2.3518           51.3295            6.7486
     192           9    2.2224863331853e-128            3.4374           50.5342            8.5667
     193           0    4.4449726663707e-129            2.5404           53.6693            7.3499
     193           2    4.4449726663707e-129            2.6483           52.5978            6.3237
     193           3    4.4449726663707e-129            2.0457           52.6879            6.6109
     193           4    4.4449726663707e-129            2.2424           47.1871            7.0923
     194           0    8.8899453327414e-130           23.2585           57.1249           15.5506
     194           2    8.8899453327414e-130            1.7477           52.4787            7.0895
     194           3    8.8899453327414e-130            1.7286           53.3226            8.1645
     194           4    8.8899453327414e-130            1.8639           54.3238          9.438001
     195           3    1.7779890665483e-130            3.7673           50.1254             6.178
     195           4    1.7779890665483e-130            1.3946           52.9961            8.3321
     196           0    3.5559781330965e-131            2.0459           54.0814            6.2636
     197           5    7.1119562661931e-132           25.4451           55.3842           17.8699
     197           6    7.1119562661931e-132            1.8882           51.6451            6.6696
     197           7    7.1119562661931e-132           25.0213           56.9001           16.4731
     197           9    7.1119562661931e-132            2.5885           50.4019            8.5087
     198           4    1.4223912532386e-132            1.1767            50.044           12.5081
     199           5    2.8447825064772e-133            3.6309           49.2239            7.8719
     200           1    5.6895650129545e-134           23.8568           55.4266            12.041
     200           4    5.6895650129545e-134            2.1771            51.104            6.7267
     200           5    5.6895650129545e-134            3.5298           51.4875            6.8463
     200           6    5.6895650129545e-134           24.0392           55.2433            20.452
     201           7    1.1379130025909e-134            2.0092           50.5676            6.0322
     201           8    1.1379130025909e-134            2.4263           52.2822            8.3232
     201           9    1.1379130025909e-134            2.1104           50.9372            8.8053
     203           0    4.5516520103636e-136            2.6789           51.6128            7.0282
     203           3    4.5516520103636e-136            1.4727           47.8324            6.5991
     203           5    4.5516520103636e-136            2.1872           51.6357            8.3381
     203           8    4.5516520103636e-136            2.1798           50.8999            6.3182
     203           9    4.5516520103636e-136            3.0138           51.7208            9.2391
     204           2    9.1033040207272e-137            1.7364           51.5861            8.0126
     204           3    9.1033040207272e-137            3.6479           54.3154            8.6383
     204           4    9.1033040207272e-137            2.1271           51.0386            6.5389
     204           7    9.1033040207272e-137            2.1302           49.9944            7.1804
     204           8    9.1033040207272e-137            2.4714           51.3707             7.472
     204           9    9.1033040207272e-137            1.9089           52.0722            6.4654
     205           5    1.8206608041454e-137             3.223           51.8905             7.114
     205           8    1.8206608041454e-137            1.5084           51.3463            6.3876
     206           5    3.6413216082909e-138            2.8169           52.8309             8.314
     206           6    3.6413216082909e-138            2.4467           53.7692            6.5888
     206           7    3.6413216082909e-138            2.7333           50.7529            6.6136
     206           8    3.6413216082909e-138            1.3932           51.5701            6.1805
     207           1    7.2826432165817e-139              3.71           50.4672            7.0319
     208           5    1.4565286433163e-139            4.1171           52.1316             6.958
     208           7    1.4565286433163e-139            2.6485           54.0773             8.017
     208           9    1.4565286433163e-139            4.2424           53.3366            7.8897
     209           1    2.9130572866327e-140            1.8489            53.621            9.3187
     209           3    2.9130572866327e-140            1.9644           51.3115            6.4136
     209           4    2.9130572866327e-140            3.9235           49.8384            7.1484
     209           5    2.9130572866327e-140            2.0485            56.361           10.6682
     209           6    2.9130572866327e-140            2.3933           55.2709           10.4109
     209           7    2.9130572866327e-140            2.5366           53.1173            7.8224
     209           8    2.9130572866327e-140           22.0818           53.8817           22.4203
     209           9    2.9130572866327e-140            4.6883           54.4265           11.4196
     210           0    5.8261145732654e-141            1.8402           52.8901            8.1073
     210           1    5.8261145732654e-141            5.3273           54.1595            7.3136
     210           3    5.8261145732654e-141            1.5546           51.6999            7.1416
     210           5    5.8261145732654e-141            3.7757             53.12           11.1266
     210           6    5.8261145732654e-141            2.5434            55.808           12.2795
     210           7    5.8261145732654e-141            2.9673           53.3713            7.6249
     210           8    5.8261145732654e-141            2.4843           55.7033           13.1093
     210           9    5.8261145732654e-141            2.9963           52.0952            7.3215
     211           0    1.1652229146531e-141            2.3898           47.3563            9.5367
     211           5    1.1652229146531e-141            3.0794           49.3632            6.4428
     211           6    1.1652229146531e-141            2.3752           50.6429          8.597899
     212           1    2.3304458293062e-142            2.6734            50.314            6.8532
     212           2    2.3304458293062e-142            2.9492           51.7845            6.5244
     212           3    2.3304458293062e-142            2.2271           51.3493           11.3003
     212           4    2.3304458293062e-142            2.0231           50.9898            7.3283
     212           5    2.3304458293062e-142            2.1618           52.2607            7.9007
     212           6    2.3304458293062e-142            2.5367           56.1914           10.0118
     212           7    2.3304458293062e-142            1.8627           49.7494            6.0769
     212           9    2.3304458293062e-142            2.6124           54.2334             7.669
     213           7    4.6608916586123e-143            2.9471           50.3959            7.9659
     213           8    4.6608916586123e-143            3.2502           55.1572           11.0073
     214           0    9.3217833172246e-144            1.9991           48.5579           10.6314
     214           1    9.3217833172246e-144            2.2576           50.6628            7.7575
     214           5    9.3217833172246e-144            3.9789           55.8425            10.955
     214           9    9.3217833172246e-144            1.6798           53.3291            8.2901
     215           5    1.8643566634449e-144             1.461            52.033            6.4519
     215           9    1.8643566634449e-144            1.8332            54.223          9.117901
     216           6    3.7287133268898e-145            1.5967           51.5101            7.2722
     216           8    3.7287133268898e-145            5.2277           51.8686           10.8931
     218           0    1.4914853307559e-146            3.7797           50.0293            6.4842
     218           1    1.4914853307559e-146            3.7185           50.1073            6.2792
     218           4    1.4914853307559e-146            2.8788           48.9176            6.6603
     218           5    1.4914853307559e-146            1.2186           53.2045            7.1154
     218           6    1.4914853307559e-146            1.9004           55.1926            8.4389
     218           7    1.4914853307559e-146            7.9496           56.1616           10.3368
     218           8    1.4914853307559e-146            2.0187           53.6734            9.6036
     218           9    1.4914853307559e-146            2.5525           54.8481             9.124
     219           2    2.9829706615119e-147            1.3837           48.5288            6.2261
     219           4    2.9829706615119e-147            2.4492           49.4469            7.6637
     219           5    2.9829706615119e-147            1.2398           51.8634            8.2063
     219           6    2.9829706615119e-147            1.8136           53.5462           12.5814
     219           7    2.9829706615119e-147            2.0311           51.7782            6.4316
     219           8    2.9829706615119e-147            1.8366           52.5279            7.2577
     219           9    2.9829706615119e-147            1.7354           53.0343            9.8078
     220           6    5.9659413230238e-148            2.1744            49.814          8.488601
     220           7    5.9659413230238e-148            1.4809           49.0073            7.0739
     220           8    5.9659413230238e-148            2.6884           53.0615          9.039001
     220           9    5.9659413230238e-148            2.0497           51.4814          8.941501
     221           2    1.1931882646048e-148            1.7678           50.0918             6.605
     221           6    1.1931882646048e-148            1.3987           48.6089            8.3456
     221           7    1.1931882646048e-148            3.9635           47.6577            7.1183
     221           8    1.1931882646048e-148            2.0813           49.9258            6.7071
     223           1     4.772753058419e-150            1.9513            45.754            7.6498
     223           7     4.772753058419e-150            3.5945           48.3813           10.6351
     223           8     4.772753058419e-150            1.1985           50.1526            10.189
     224           1     9.545506116838e-151             3.742           49.2484            9.9948
     224           4     9.545506116838e-151            2.9166           49.9412            7.9422
     225           2    1.9091012233676e-151            2.9321           49.6232           11.4419
     226           2    3.8182024467352e-152            6.4261           44.3653            7.5468
     226           5    3.8182024467352e-152            1.9272           49.2115          9.038099
     226           6    3.8182024467352e-152             4.345           47.3068            7.3494
     226           7    3.8182024467352e-152            3.6984           47.6227             7.999
     226           9    3.8182024467352e-152            3.4665           48.5985            7.8236
     227           4    7.6364048934704e-153            6.3277           48.0656             7.376
     227           6    7.6364048934704e-153          8.485001           49.3914           11.2801
     227           7    7.6364048934704e-153            2.6003           51.7496          8.367599
     227           9    7.6364048934704e-153            2.5278           50.2454            6.4207
     228           1    1.5272809786941e-153            6.1966           43.2448            6.8941
     228           2    1.5272809786941e-153            3.8893           41.4912             7.177
     228           3    1.5272809786941e-153            1.9366           42.2023            7.7797
     228           7    1.5272809786941e-153            1.1961           50.2575            8.2903
     228           9    1.5272809786941e-153            3.6359           49.4474            7.7557
     229           0    3.0545619573882e-154            1.1387           43.7777            7.7088
     229           2    3.0545619573882e-154            5.9166           44.6517             6.314
     229           3    3.0545619573882e-154            2.6235           44.9605            6.6805
     229           5    3.0545619573882e-154            3.7001           50.6215           10.4181
     229           6    3.0545619573882e-154            2.2151           49.6166            6.5739
     229           8    3.0545619573882e-154            2.2723           49.5277            8.2866
     229           9    3.0545619573882e-154            2.5727           49.5942            6.3376
     230           2    6.1091239147763e-155            3.3394           44.6255             6.414
     230           4    6.1091239147763e-155           10.9374           44.0392            6.2644
     230           8    6.1091239147763e-155            3.9182           47.8144            7.6328
     231           5    1.2218247829553e-155            5.6156           49.8476            7.1036
     231           7    1.2218247829553e-155            1.6179           47.2408             6.097
     232           5    2.4436495659105e-156            5.5002            49.566            8.6418
     232           9    2.4436495659105e-156            3.7897           49.6811            9.8013
     233           5    4.8872991318211e-157             2.503           47.6447            7.2408
     234           5    9.7745982636421e-158            3.6694           53.9953             9.161
     234           6    9.7745982636421e-158            1.7165           49.1786             8.792
     234           9    9.7745982636421e-158            3.9726           50.2876            6.7817
     235           0    1.9549196527284e-158            1.6033           46.6446             6.319
     235           1    1.9549196527284e-158            1.1775           47.9742            6.8451
     235           2    1.9549196527284e-158            5.4268           46.6428            6.7539
     235           6    1.9549196527284e-158             1.794           48.8899            7.8094
     235           7    1.9549196527284e-158            2.4956           49.1126            8.0989
     235           8    1.9549196527284e-158             5.194           52.2118           10.2022
     235           9    1.9549196527284e-158            3.9924           47.9835            10.323
     236           2    3.9098393054568e-159            1.8732           46.4301            7.1201
     236           6    3.9098393054568e-159            2.5418           48.8539            8.7332
     236           7    3.9098393054568e-159            3.3816           48.1008            7.6546
     236           9    3.9098393054568e-159              5.03           47.6081            6.0905
     237           0    7.8196786109137e-160            9.4506           44.1711            7.0105
     237           1    7.8196786109137e-160            1.9263           44.6424             6.389
     237           2    7.8196786109137e-160            5.3696           45.5651            8.9943
     237           4    7.8196786109137e-160            6.2134           48.0515           11.6249
     237           7    7.8196786109137e-160            1.9452            44.802             7.804
     237           9    7.8196786109137e-160            4.7862           48.9622            8.9757
     238           1    1.5639357221827e-160           11.5236           46.8622            8.3461
     238           2    1.5639357221827e-160            16.543           45.8996            6.2924
     238           3    1.5639357221827e-160            11.605           47.6649            7.1666
     238           5    1.5639357221827e-160            17.463           47.5136            8.6512
     238           6    1.5639357221827e-160           17.9232           46.4746             7.942
     238           8    1.5639357221827e-160           10.2746           46.8995            6.4656
     239           1    3.1278714443655e-161           11.0056           48.7321            7.1016
     239           2    3.1278714443655e-161            3.1217           46.5985            6.7448
     239           3    3.1278714443655e-161            2.3738            44.044            9.2471
     239           4    3.1278714443655e-161           14.5972           47.4833            7.2411
     240           0     6.255742888731e-162            2.2755           44.9042            6.3946
     240           1     6.255742888731e-162            6.1278            46.627            8.2194
     240           2     6.255742888731e-162            5.8603           49.6461             6.499
     240           4     6.255742888731e-162            4.7549           49.2021             7.713
     241           1    1.2511485777462e-162            4.8731           44.1484             6.128
     241           2    1.2511485777462e-162            4.8297           46.3317            7.1753
     242           0    2.5022971554924e-163            12.491           47.7524            6.4702
     242           2    2.5022971554924e-163          8.225901           46.2927            7.9347
     242           4    2.5022971554924e-163            6.1091           44.8532            6.7463
     242           6    2.5022971554924e-163            7.0685           47.9316            8.6106
     242           7    2.5022971554924e-163            1.6626            48.552            6.9715
     242           9    2.5022971554924e-163             5.837           48.2257            7.5015
     243           1    5.0045943109848e-164            3.5498           47.8158          8.958301
     243           2    5.0045943109848e-164            5.8537           49.7006            7.1437
     243           3    5.0045943109848e-164            6.8255            51.186           11.3919
     243           4    5.0045943109848e-164            5.8104           47.9693            6.4039
     244           2     1.000918862197e-164            3.4822           42.2361            7.0076
     244           4     1.000918862197e-164             3.809           43.3425            6.2018
     245           1    2.0018377243939e-165            1.5521           45.8267            6.2635
     246           2    4.0036754487878e-166            5.1215           43.7261            6.0249
     246           3    4.0036754487878e-166            3.3534           44.8126            6.8223
     246           5    4.0036754487878e-166            3.4057           43.8666            7.5723
     246           7    4.0036754487878e-166            3.6989           41.4069            6.7774
     246           8    4.0036754487878e-166            2.3535           47.0664            9.4718
     246           9    4.0036754487878e-166            3.3869           44.2277            6.7112
     247           1    8.0073508975756e-167            2.4617           47.9635            8.8078
     247           4    8.0073508975756e-167            2.4156           43.7414            6.2792
     247           6    8.0073508975756e-167            2.7149            46.619            9.0655
     247           9    8.0073508975756e-167            6.5144           43.7461            7.2101
     248           3    1.6014701795151e-167            2.9075           42.9815            6.0705
     248           7    1.6014701795151e-167            2.1264           44.3986            7.0016
     249           5    3.2029403590303e-168            3.7603           47.6838            7.1543
     250           3    6.4058807180605e-169            2.0088           47.5577            7.9852
     250           4    6.4058807180605e-169            1.6996           45.2374            6.3158
     250           6    6.4058807180605e-169             2.196           48.2423            7.6529
     251           1    1.2811761436121e-169            2.8379           41.7429            6.9307
     251           2    1.2811761436121e-169            3.0112           44.5935            7.0128
     251           3    1.2811761436121e-169            1.5444           42.7582            7.1604
     251           6    1.2811761436121e-169            3.9061           49.0111          8.767301
     251           7    1.2811761436121e-169            2.7056           47.9122            6.0499
     251           8    1.2811761436121e-169            3.4976           48.3713           10.0311
     251           9    1.2811761436121e-169            2.8247           50.3463            8.7045
     252           0    2.5623522872242e-170            2.0806             44.82             6.402
     252           1    2.5623522872242e-170             2.163           47.8414            8.7953
     252           2    2.5623522872242e-170            1.4731            47.021             6.708
     254           1    1.0249409148897e-171            6.5591           45.4547            8.1865
     254           2    1.0249409148897e-171            2.0045           47.4393            7.4782
     254           4    1.0249409148897e-171           16.7274           46.0169            6.0386
     254           5    1.0249409148897e-171            1.9479           44.8257            6.3765
     254           7    1.0249409148897e-171            5.6343           46.2069             6.349
     255           5    2.0498818297794e-172            8.6504           48.3979            6.7674
     255           6    2.0498818297794e-172            6.1421           49.4557            8.3192
     255           8    2.0498818297794e-172           10.0813           46.0073            6.2742
     255           9    2.0498818297794e-172            1.5954           47.7641            7.7128
     256           5    4.0997636595587e-173            5.9717           50.2777            9.4433
     256           6    4.0997636595587e-173             4.297           50.4711            6.3546
     256           7    4.0997636595587e-173            2.0924           48.9483            9.2325
     256           8    4.0997636595587e-173            2.0907           51.0171            8.5588
     256           9    4.0997636595587e-173            3.4616           51.8494            9.7135
     257           0    8.1995273191174e-174             2.464            48.096            7.0574
     260           8     6.559621855294e-176            7.9209            48.933            6.4051
     261           0    1.3119243710588e-176            3.6409           43.0898            7.5236
     261           1    1.3119243710588e-176            6.1978           46.6179            8.4333
     261           3    1.3119243710588e-176           11.5463           48.7322          8.736401
     262           6    2.6238487421176e-177            2.7396           44.9463            8.9463
     262           7    2.6238487421176e-177            0.9775           48.1358             6.207
     262           9    2.6238487421176e-177            4.5781           48.5275             6.813
     264           3     1.049539496847e-178           14.5134           48.8598            6.2365
     264           9     1.049539496847e-178            2.4729           45.5886            6.2791
     265           1    2.0990789936941e-179            2.4028           46.3262            7.0595
     265           2    2.0990789936941e-179           16.8713           47.8007            6.2043
     266           0    4.1981579873881e-180            3.0909           47.7397            6.4734
     266           4    4.1981579873881e-180            3.6723           47.1219            6.0985
     266           5    4.1981579873881e-180             2.549           49.1153            6.7764
     267           5    8.3963159747763e-181            2.4158           52.1158           13.2196
     267           7    8.3963159747763e-181            2.7536           49.8114           11.9806
     267           8    8.3963159747763e-181           11.4508           46.8402            6.9366
     267           9    8.3963159747763e-181           10.9591           50.1406            9.0654
     268           4    1.6792631949553e-181            3.6375           45.8991            7.0242
     271           5    1.3434105559642e-183           11.3739           49.2736            7.0044
     272           5    2.6868211119284e-184            5.1217           46.8893            7.0588
     272           8    2.6868211119284e-184            4.9889           51.4103            9.6522
     273           8    5.3736422238568e-185            1.4787           51.3814            6.7077
     273           9    5.3736422238568e-185            2.4785           50.1876            8.1381
     274           1    1.0747284447714e-185            3.2291           51.9261            8.7349
     274           2    1.0747284447714e-185             6.016            52.707            7.4475
     274           3    1.0747284447714e-185            2.9118           51.7815            9.3643
     275           8    2.1494568895427e-186            6.2888           51.5785           10.2862
     275           9    2.1494568895427e-186            2.1358           53.0719           12.0521
     276           5    4.2989137790854e-187            1.6978           54.0799           10.0131
     276           6    4.2989137790854e-187            2.6198           52.0833            7.9976
     276           7    4.2989137790854e-187            4.6984           53.5442            9.6496
     276           8    4.2989137790854e-187            4.9234           49.5667            7.8338
     277           0    8.5978275581709e-188            2.5187           48.5719            7.2698
     277           1    8.5978275581709e-188            2.8361           49.0899            7.6652
     277           2    8.5978275581709e-188            1.9312           50.3445          8.811899
     277           3    8.5978275581709e-188            2.6776           48.5181            6.0188
     278           0    1.7195655116342e-188            2.5639           46.8758            8.5722
     278           1    1.7195655116342e-188            1.5708           46.3408            6.6409
     278           2    1.7195655116342e-188            2.6197           47.5359           10.7975
     278           3    1.7195655116342e-188              3.32           47.7006            6.6771
     280           0    6.8782620465367e-190            2.7629           46.1729            6.2214
     280           4    6.8782620465367e-190            4.7451           49.2298            7.4907
     280           8    6.8782620465367e-190            3.0615            48.907             6.968
     281           3    1.3756524093073e-190            2.2661           48.4961            6.1012
     281           6    1.3756524093073e-190            6.1429           52.3834          8.619599
     281           8    1.3756524093073e-190             1.338           49.0803            6.3773
     281           9    1.3756524093073e-190            2.6539           48.9303            8.6987
     282           0    2.7513048186147e-191            3.4641           46.3058            9.6543
     282           4    2.7513048186147e-191            5.0346           45.7489            6.5493
     283           3    5.5026096372294e-192            0.9784           46.3997            6.2579
     283           6    5.5026096372294e-192            1.4168           51.3699            6.8155
     283           7    5.5026096372294e-192            4.3952           54.2157           10.1902
     283           9    5.5026096372294e-192            4.1788           52.2152            6.8145
     284           8    1.1005219274459e-192            1.3945           49.8986            8.3363
     284           9    1.1005219274459e-192            2.2631           49.4228            7.4125
     285           3    2.2010438548917e-193            2.0801           45.9627            6.7622
     285           7    2.2010438548917e-193            6.7931           48.8507            9.7508
     285           8    2.2010438548917e-193            2.9737            48.839            6.0292
     285           9    2.2010438548917e-193            2.0951            49.583            7.0219
     286           6    4.4020877097835e-194            2.9832           49.9596            7.4364
     286           9    4.4020877097835e-194            25.796            56.452           26.0303
     287           0     8.804175419567e-195            2.1698           47.8602            6.7748
     287           8     8.804175419567e-195             2.883           52.4128            7.1986
     287           9     8.804175419567e-195           24.1702           56.9209           23.3496
     288           0    1.7608350839134e-195            4.1063           50.8543            9.7701
     288           1    1.7608350839134e-195            5.8907           47.1434            7.4437
     288           5    1.7608350839134e-195           23.4486           57.1467           15.7718
     288           6    1.7608350839134e-195            2.0009           50.3278            7.2256
     289           0    3.5216701678268e-196            26.395           56.8203           18.4851
     289           2    3.5216701678268e-196            1.9137           48.8522             6.047
     289           4    3.5216701678268e-196            2.1782           46.1416            6.8206
     289           5    3.5216701678268e-196           24.6981           56.6667           18.2638
     289           6    3.5216701678268e-196           25.1574           55.7224           26.7888
     289           7    3.5216701678268e-196            4.0932           50.0838            6.9634
     289           9    3.5216701678268e-196           24.8029           55.4604           22.9582
     290           5    7.0433403356536e-197           25.7338           56.0874           19.9596
     290           6    7.0433403356536e-197           25.8691           56.5791           20.3752
     291           0    1.4086680671307e-197              2.51           48.3318            8.3118
     291           6    1.4086680671307e-197             2.062           52.4894          9.490601
     291           7    1.4086680671307e-197            1.2663           52.7719            7.8642
     291           9    1.4086680671307e-197           24.1703           56.9934           18.2507
     292           0    2.8173361342614e-198           25.9809            56.028           18.0797
     292           1    2.8173361342614e-198           25.7959           55.6604           18.6451
     292           2    2.8173361342614e-198            2.9357           53.1655            7.8419
     292           4    2.8173361342614e-198            1.5742           51.5887            6.5829
     292           6    2.8173361342614e-198             3.121           52.1796            6.7607
     292           7    2.8173361342614e-198           23.2897           55.5007           20.4079
     292           9    2.8173361342614e-198            3.1916           49.4977            7.0137
     293           2    5.6346722685229e-199           24.3788           55.6439            16.869
     293           5    5.6346722685229e-199           23.7796           56.5553            22.167
     293           6    5.6346722685229e-199           23.9951           56.7905           17.7672
     293           8    5.6346722685229e-199           23.7094           56.5404           21.7624
     293           9    5.6346722685229e-199           24.5251           55.3948           22.3416
     294           5    1.1269344537046e-199            0.9204           51.7135             7.248
     294           6    1.1269344537046e-199            4.3757           51.5692           10.2297
     294           7    1.1269344537046e-199           20.2358           55.5806            20.044
     294           8    1.1269344537046e-199           20.6073           56.8201           20.7772
     294           9    1.1269344537046e-199            1.2071           52.4461           12.4389
     296           7    4.5077378148183e-201            2.7208           52.6745            7.2148
     297           2    9.0154756296366e-202            23.578           56.2545           19.8882
     297           7    9.0154756296366e-202            3.9592           53.2256           10.1765
     297           8    9.0154756296366e-202             2.809           51.5846            7.9933
     298           3    1.8030951259273e-202            1.3107           50.8624            6.1381
     299           2    3.6061902518546e-203            2.7973           44.8736            6.5685
     299           5    3.6061902518546e-203            2.4026            47.856          8.159901
     299           7    3.6061902518546e-203            2.9455           52.5724            8.2541
     300           5    7.2123805037093e-204            4.4671           49.2181            6.7767
     301           1    1.4424761007419e-204            5.6791           49.7636            6.0631
     301           5    1.4424761007419e-204             3.212           50.4961            7.4191
     302           4    2.8849522014837e-205            4.9762           52.4507            7.3416
     302           6    2.8849522014837e-205              3.81           50.6433             8.158
     302           7    2.8849522014837e-205            1.3139           50.7529            7.1369
     303           4    5.7699044029674e-206             3.269           45.3202             6.669
     303           5    5.7699044029674e-206            3.5017           54.1013           11.0318
     303           6    5.7699044029674e-206            3.5896           49.7459            8.6195
     303           7    5.7699044029674e-206           28.4076           56.8677           23.3254
     303           9    5.7699044029674e-206           28.9365           54.7888           25.7148
     304           2    1.1539808805935e-206            4.2218           45.8326            7.1771
     304           7    1.1539808805935e-206            2.2747            52.159            6.6134
     304           8    1.1539808805935e-206            1.8477           53.2856            8.1278
     306           6    4.6159235223739e-208            1.3839           49.1381            6.2848
     307           5    9.2318470447479e-209            2.3504           52.6572            9.6784
     307           6    9.2318470447479e-209            2.5388            52.437            9.3234
     307           7    9.2318470447479e-209            3.2852           49.3598           11.2423
     307           8    9.2318470447479e-209            1.6155           51.4962             6.766
     308           5    1.8463694089496e-209            2.1297           49.9954             6.014
     308           6    1.8463694089496e-209            1.7368           49.0548            7.9415
     308           7    1.8463694089496e-209            2.5428           51.5395            8.8366
     308           9    1.8463694089496e-209            1.7205           50.0915            6.7141
     309           9    3.6927388178992e-210            3.6019           50.5776            6.9713
     310           6    7.3854776357983e-211            1.9584           54.5456          9.674601
     310           7    7.3854776357983e-211            2.9009           55.1226            6.5006
     310           9    7.3854776357983e-211           28.9602           55.5559           28.9156
     312           5    2.9541910543193e-212            3.1669           51.3212           11.6071
     312           8    2.9541910543193e-212            3.1728           50.2472            9.6876
     313           5    5.9083821086386e-213            2.3267           52.3802            7.1667
     313           7    5.9083821086386e-213            1.5614           52.3252            7.7214
     314           5    1.1816764217277e-213           28.5028           55.3289           26.5764
     314           6    1.1816764217277e-213            3.1378            51.398             8.198
     314           9    1.1816764217277e-213            1.6905           52.6078            6.4636
     315           7    2.3633528434555e-214            4.3099           47.8008            7.2447
     315           8    2.3633528434555e-214            5.9617           52.1109           10.2927
     315           9    2.3633528434555e-214            1.8885            51.579            10.303
     318           5    1.8906822747644e-216            3.3318           52.3419          8.935699
     318           6    1.8906822747644e-216           27.5342           55.9618           27.7967
     318           7    1.8906822747644e-216            27.798           55.3249           29.8977
     318           8    1.8906822747644e-216           27.7932           56.2962           27.8868
     318           9    1.8906822747644e-216            26.876           56.2556           28.0001
     352           8    3.2481674148959e-240            1.7592           51.7478            6.1493
     353           5    6.4963348297919e-241              3.04           52.8056            6.2871
     353           6    6.4963348297919e-241             1.822           52.8007            7.9611
     353           8    6.4963348297919e-241            1.8406           51.8589            6.5163
     353           9    6.4963348297919e-241           19.1993           56.2904           22.8026
     355           4    2.5985339319167e-242            2.6446           46.6448            6.4074
     355           5    2.5985339319167e-242           20.6626           54.6011           19.4679
     355           8    2.5985339319167e-242            2.1109           51.0764            7.9443
     355           9    2.5985339319167e-242           19.9527           54.5281           21.1308
     356           5    5.1970678638335e-243            1.9122           53.1496            8.5432
     356           8    5.1970678638335e-243            2.1273           52.4964            6.9584
     357           5    1.0394135727667e-243            2.8972           47.3276            6.5933
     357           6    1.0394135727667e-243           21.7569           53.1891           27.8654
     357           7    1.0394135727667e-243            3.9195           50.6355            7.4766
     357           8    1.0394135727667e-243            1.8631           51.9833             9.098
     357           9    1.0394135727667e-243            2.3253           52.0084            8.4059
     359           6    4.1576542910668e-245            2.2872           47.0016            6.4989
     359           8    4.1576542910668e-245            2.5732           49.4889            7.8324
     360           7    8.3153085821336e-246            2.4206           53.0905           13.0596
     361           6    1.6630617164267e-246            1.2118           49.2395           10.1221
     361           8    1.6630617164267e-246            4.6653            45.075             8.156
     362           6    3.3261234328534e-247            1.4207           51.9052            7.4972
     362           7    3.3261234328534e-247            2.2546           48.8288            7.8527
     362           8    3.3261234328534e-247            2.4071           53.5971            6.6796
     362           9    3.3261234328534e-247            2.5058           53.8762            7.9577
     363           6    6.6522468657069e-248           28.6789            51.418           18.7809
     363           9    6.6522468657069e-248            2.5717           51.8811          9.455899
     364           7    1.3304493731414e-248            2.3225           52.6897            7.2188
     364           9    1.3304493731414e-248            3.7424            53.139           13.2533
     365           1    2.6608987462827e-249            1.4869           47.8279            6.1271
     365           2    2.6608987462827e-249            2.8202           49.0751            6.5101
     365           6    2.6608987462827e-249           26.5476           57.2942           24.4475
     365           8    2.6608987462827e-249           26.7075           56.8736           25.1544
     366           6    5.3217974925655e-250            1.9204           54.9727            8.4758
     366           7    5.3217974925655e-250            1.5831           53.9175             6.541
     366           8    5.3217974925655e-250            1.3616           54.8454            6.2849
     366           9    5.3217974925655e-250            2.3951           55.3141            8.9852
     367           7    1.0643594985131e-250            3.6595           55.1392            9.1403
     367           8    1.0643594985131e-250            2.4991           52.9125            7.7731
     367           9    1.0643594985131e-250            2.1713           50.9315            6.9059
     368           0    2.1287189970262e-251            4.2164           50.0229             7.707
     368           2    2.1287189970262e-251            4.1985           53.6113            7.9037
     368           3    2.1287189970262e-251            1.6681           52.5376            6.0732
     368           4    2.1287189970262e-251            3.9043           53.9808            6.8995
     368           5    2.1287189970262e-251           25.1858           57.6664           25.2573
     368           6    2.1287189970262e-251           28.2172           50.7226            20.142
     368           7    2.1287189970262e-251            2.7564           55.1049            8.9586
     368           8    2.1287189970262e-251            2.2796           54.8772           11.0616
     368           9    2.1287189970262e-251           25.4407           55.3274           22.5698
     369           0    4.2574379940524e-252            2.9614           54.0652            6.7884
     370           5    8.5148759881048e-253           27.8874           51.1367           18.4898
     370           6    8.5148759881048e-253            1.9346           54.1105            8.1501
     370           7    8.5148759881048e-253            3.2904           52.1396            7.7746
     370           9    8.5148759881048e-253            2.5658           52.5145            8.7084
     371           1     1.702975197621e-253            1.7646           54.9681            9.2535
     371           3     1.702975197621e-253             3.163           51.2976          9.497399
     371           5     1.702975197621e-253             1.704           55.1264           10.6476
     371           6     1.702975197621e-253            2.1706           51.8249            7.0948
     371           7     1.702975197621e-253            2.9569           53.5274            7.8994
     371           8     1.702975197621e-253            2.9062           52.2721            7.2583
     371           9     1.702975197621e-253            1.7992           55.4206            8.1266
     372           4    3.4059503952419e-254            3.1526           53.6003            7.2262
     372           6    3.4059503952419e-254            1.5721           54.1277            6.6522
     372           9    3.4059503952419e-254           24.6219           55.2675           26.7919
     373           5    6.8119007904838e-255           25.5082           55.9911           22.6745
     373           7    6.8119007904838e-255             1.276           55.8287            7.0162
     373           8    6.8119007904838e-255            4.7949           54.0834            8.1745
     374           3    1.3623801580968e-255            1.6033           53.7675             7.275
     374           4    1.3623801580968e-255            1.7466           53.1986            9.1896
     374           6    1.3623801580968e-255           24.4222           56.3308           27.7882
     375           0    2.7247603161935e-256            1.6929            52.415            9.1028
     375           4    2.7247603161935e-256            2.0776           51.5174            7.2724
     376           7    5.4495206323871e-257              27.4           51.4338           18.9669
     376           9    5.4495206323871e-257            1.2035           54.9266            6.5455
     377           5    1.0899041264774e-257            2.5734           57.4917           11.0541
     377           6    1.0899041264774e-257           27.1536           52.1896           18.3963
     377           7    1.0899041264774e-257            3.4083           53.9374             7.498
     379           4    4.3596165059097e-259            1.9196           54.6789            9.4782
     379           9    4.3596165059097e-259            2.1981           53.9012            7.9002
     380           1    8.7192330118193e-260            1.8965           53.1111            6.0381
     380           5    8.7192330118193e-260              4.05           53.1258          8.947101
     380           8    8.7192330118193e-260            3.0972           53.1909           11.4354
     381           5    1.7438466023639e-260            1.7645           55.0238            8.0773
     381           8    1.7438466023639e-260            2.3134           56.5781            6.3726
     382           5    3.4876932047277e-261            2.4158           56.7127            7.3865
     382           7    3.4876932047277e-261           25.1528           57.8253           24.7533
     382           8    3.4876932047277e-261            1.2354           57.6684            6.2092
     382           9    3.4876932047277e-261            3.2426           55.1116            7.0321
     383           0    6.9753864094554e-262            2.0669           53.7288            6.6371
     384           0    1.3950772818911e-262            26.299           53.6101           20.5973
     384           1    1.3950772818911e-262           26.3079           52.6811           22.2758
     385           3    2.7901545637822e-263            1.8524           56.5806            6.1254
     385           5    2.7901545637822e-263           26.4341           52.2783           22.3702
     385           6    2.7901545637822e-263           26.6719           52.9795           24.3942
     385           7    2.7901545637822e-263            2.0063           53.8121            7.0974
     385           8    2.7901545637822e-263            1.1591           55.5206            6.0839
     385           9    2.7901545637822e-263           24.3367           57.2486            25.548
     386           0    5.5803091275644e-264           25.8577           53.7433            22.185
     386           2    5.5803091275644e-264             3.493           57.4142          9.972401
     386           4    5.5803091275644e-264           26.1106           54.0734           23.3709
     386           9    5.5803091275644e-264            2.2061           58.1765          9.219601
     387           0    1.1160618255129e-264            2.5828           53.5262            7.9647
     387           2    1.1160618255129e-264            2.2461           54.2545            7.0303
     387           4    1.1160618255129e-264            2.0488           55.0023            6.5919
     387           5    1.1160618255129e-264           25.8185           53.8278           18.5719
     387           6    1.1160618255129e-264           25.6524           53.7154           21.1166
     387           7    1.1160618255129e-264            2.6452            55.023            6.3254
     387           9    1.1160618255129e-264           25.0291           54.1909           22.9377
     389           6    4.4642473020515e-266            2.7209             52.69            6.1198
     390           8     8.928494604103e-267           25.6861           54.0929           25.9395
     390           9     8.928494604103e-267            2.2981            56.492            6.6688
     391           0    1.7856989208206e-267           24.2927           55.6787           27.9234
     391           1    1.7856989208206e-267            3.9909            57.002           10.1338
     391           3    1.7856989208206e-267           25.5563           53.9035           24.3073
     391           4    1.7856989208206e-267           25.1341           55.9951            28.646
     391           5    1.7856989208206e-267            24.609           55.3322           21.7084
     391           7    1.7856989208206e-267           23.6721           57.9788           21.7936
     392           1    3.5713978416412e-268            2.4282           54.4226            8.0414
     392           2    3.5713978416412e-268            3.6064            56.041            7.1411
     392           3    3.5713978416412e-268            2.1325           57.1614            9.6696
     392           4    3.5713978416412e-268           21.8224           57.0609           22.4035
     392           5    3.5713978416412e-268           22.7618           56.6537           20.4233
     392           6    3.5713978416412e-268           23.6256            56.536           19.9455
     392           8    3.5713978416412e-268           22.6851           57.9093           20.8773
     392           9    3.5713978416412e-268           21.6928            57.579           16.8126
     393           1    7.1427956832824e-269           22.2282           58.1759           23.6615
     393           3    7.1427956832824e-269            22.834           57.3132           22.3274
     393           5    7.1427956832824e-269           25.7245           50.1826           21.5074
     393           7    7.1427956832824e-269            2.3616           57.5696            7.2193
     393           9    7.1427956832824e-269           23.4597            58.965            19.451
     394           1    1.4285591366565e-269            1.3531           52.1813            6.3696
     394           3    1.4285591366565e-269            1.8759           53.8968            9.0623
     394           5    1.4285591366565e-269            2.8664           55.7762            6.8606
     394           6    1.4285591366565e-269            3.4414           56.5359           10.0844
     394           7    1.4285591366565e-269            1.9707           54.9079            6.4622
     394           8    1.4285591366565e-269             2.369           54.6888            7.4174
     395           0     2.857118273313e-270            1.5133           54.8363            6.8562
     395           2     2.857118273313e-270            2.5103            54.525            9.7575
     395           6     2.857118273313e-270            2.5937           56.0416          9.631499
     395           7     2.857118273313e-270            1.0451           58.2749            6.2402
     395           8     2.857118273313e-270           23.2178           58.2233           16.6855
     395           9     2.857118273313e-270           25.9057           49.8818           19.3917
     396           1    5.7142365466259e-271           22.6994           54.5209           26.6855
     396           3    5.7142365466259e-271            1.9611           52.9871            6.6165
     396           5    5.7142365466259e-271            1.5591           59.0722            9.0981
     396           6    5.7142365466259e-271            2.5877           58.2069            8.6996
     396           9    5.7142365466259e-271           23.1118           56.8465           19.9998
     397           3    1.1428473093252e-271           25.3856            50.288           20.5966
     397           4    1.1428473093252e-271            25.328           51.7357           21.4163
     397           5    1.1428473093252e-271            1.8824           56.1561            6.6377
     397           6    1.1428473093252e-271           23.4966           55.5199           19.9715
     397           7    1.1428473093252e-271           22.5757           56.4631           18.6908
     397           8    1.1428473093252e-271           22.6822           58.4701           20.9685
     397           9    1.1428473093252e-271           23.1597           56.9896           19.9647
     398           5    2.2856946186504e-272           22.1405           55.8555           22.1722
     398           6    2.2856946186504e-272           21.6031           56.3743           21.9993
     398           7    2.2856946186504e-272            22.243           56.4505           22.4149
     398           8    2.2856946186504e-272           21.0736           56.6338           20.2995
     399           4    4.5713892373007e-273            2.2918           56.6587            6.6713
     399           7    4.5713892373007e-273            2.5447           57.1607            7.5949
     399           9    4.5713892373007e-273            2.1784           54.4773            8.1239
     400           2    9.1427784746014e-274            3.7468           53.4479            6.8441
     400           6    9.1427784746014e-274           22.3898           56.0534           20.0565
     400           7    9.1427784746014e-274            2.0995            56.542            6.1234
     401           0    1.8285556949203e-274           20.5181           56.7802           22.0893
     401           1    1.8285556949203e-274            1.4996           56.5911            6.0547
     401           2    1.8285556949203e-274           21.0234           55.4057           19.6248
     401           4    1.8285556949203e-274            3.4461           52.5708            7.9465
     402           0    3.6571113898406e-275           21.6963           56.2006           23.1041
     402           1    3.6571113898406e-275            1.5806           54.9865            6.0302
     402           2    3.6571113898406e-275            1.0956           55.6633            8.8027
     402           3    3.6571113898406e-275            2.7193           56.8281            12.144
     402           4    3.6571113898406e-275            1.7653           55.6983            6.4582
