Updating system with the options from the configuration file
-- ERROR    [westpa.core.propagators.executable] -- could not read pcoord from '/tmp/tmpe6ghkkwm': ValueError('cannot reshape array of size 0 into shape (11,3)')
-- ERROR    [westpa.core.propagators.executable] -- could not read pcoord from '/tmp/tmpgcgt_10y': ValueError('cannot reshape array of size 0 into shape (11,3)')
-- ERROR    [westpa.core.propagators.executable] -- could not read pcoord from '/tmp/tmpv1urf1zi': ValueError('cannot reshape array of size 0 into shape (11,3)')
-- ERROR    [westpa.core.propagators.executable] -- could not read pcoord from '/tmp/tmp6k4oge5n': ValueError('cannot reshape array of size 0 into shape (11,3)')
-- ERROR    [westpa.core.propagators.executable] -- could not read pcoord from '/tmp/tmp0deovuca': ValueError('cannot reshape array of size 0 into shape (11,3)')
-- ERROR    [westpa.core.propagators.executable] -- could not read pcoord from '/tmp/tmpejwfpa_h': ValueError('cannot reshape array of size 0 into shape (11,3)')
-- ERROR    [westpa.core.propagators.executable] -- could not read pcoord from '/tmp/tmpi_rcgti9': ValueError('cannot reshape array of size 0 into shape (11,3)')
-- ERROR    [westpa.core.propagators.executable] -- could not read pcoord from '/tmp/tmp3c7e4sg0': ValueError('cannot reshape array of size 0 into shape (11,3)')
-- ERROR    [westpa.core.propagators.executable] -- could not read pcoord from '/tmp/tmpm2a1s34f': ValueError('cannot reshape array of size 0 into shape (11,3)')
-- ERROR    [westpa.core.propagators.executable] -- could not read pcoord from '/tmp/tmpzlloje3z': ValueError('cannot reshape array of size 0 into shape (11,3)')
-- ERROR    [westpa.core.propagators.executable] -- could not read pcoord from '/tmp/tmpa9r8cbyo': ValueError('cannot reshape array of size 0 into shape (11,3)')
-- ERROR    [westpa.core.propagators.executable] -- could not read pcoord from '/tmp/tmp2_h4ee1w': ValueError('cannot reshape array of size 0 into shape (11,3)')
-- ERROR    [westpa.core.propagators.executable] -- could not read pcoord from '/tmp/tmpg1l6mu4q': ValueError('cannot reshape array of size 0 into shape (11,3)')
-- ERROR    [westpa.core.propagators.executable] -- could not read pcoord from '/tmp/tmpe3rn1rzi': ValueError('cannot reshape array of size 0 into shape (11,3)')
-- ERROR    [westpa.core.propagators.executable] -- could not read pcoord from '/tmp/tmpx66w2ys3': ValueError('cannot reshape array of size 0 into shape (11,3)')
-- ERROR    [westpa.core.propagators.executable] -- could not read pcoord from '/tmp/tmp8dpcrvce': ValueError('cannot reshape array of size 0 into shape (11,3)')
-- ERROR    [westpa.core.propagators.executable] -- could not read pcoord from '/tmp/tmpyjosfvo0': ValueError('cannot reshape array of size 0 into shape (11,3)')
-- ERROR    [westpa.core.propagators.executable] -- could not read pcoord from '/tmp/tmp8ha1k4az': ValueError('cannot reshape array of size 0 into shape (11,3)')
-- ERROR    [westpa.core.propagators.executable] -- could not read pcoord from '/tmp/tmph7uu7vnv': ValueError('cannot reshape array of size 0 into shape (11,3)')
-- ERROR    [westpa.core.propagators.executable] -- could not read pcoord from '/tmp/tmpb6rzy8xf': ValueError('cannot reshape array of size 0 into shape (11,3)')
-- ERROR    [westpa.core.propagators.executable] -- could not read pcoord from '/tmp/tmpjblfco8e': ValueError('cannot reshape array of size 0 into shape (11,3)')
-- ERROR    [westpa.core.propagators.executable] -- could not read pcoord from '/tmp/tmpe86owjjg': ValueError('cannot reshape array of size 0 into shape (11,3)')
-- ERROR    [westpa.core.propagators.executable] -- could not read pcoord from '/tmp/tmp4zihfkcs': ValueError('cannot reshape array of size 0 into shape (11,3)')
-- ERROR    [westpa.core.propagators.executable] -- could not read pcoord from '/tmp/tmp_9rr0sty': ValueError('cannot reshape array of size 0 into shape (11,3)')
-- ERROR    [westpa.core.propagators.executable] -- could not read pcoord from '/tmp/tmpzilws7x_': ValueError('cannot reshape array of size 0 into shape (11,3)')
-- ERROR    [westpa.core.propagators.executable] -- could not read pcoord from '/tmp/tmpddppqmsh': ValueError('cannot reshape array of size 0 into shape (11,3)')
-- ERROR    [westpa.core.propagators.executable] -- could not read pcoord from '/tmp/tmp9lkt1l5i': ValueError('cannot reshape array of size 0 into shape (11,3)')
-- ERROR    [westpa.core.propagators.executable] -- could not read pcoord from '/tmp/tmpv5v0md3l': ValueError('cannot reshape array of size 0 into shape (11,3)')
-- ERROR    [westpa.core.propagators.executable] -- could not read pcoord from '/tmp/tmpylzmi6hl': ValueError('cannot reshape array of size 0 into shape (11,3)')
-- ERROR    [westpa.core.propagators.executable] -- could not read pcoord from '/tmp/tmp4s7aum6g': ValueError('cannot reshape array of size 0 into shape (11,3)')
-- ERROR    [westpa.core.propagators.executable] -- could not read pcoord from '/tmp/tmp0vho020f': ValueError('cannot reshape array of size 0 into shape (11,3)')
-- ERROR    [westpa.core.propagators.executable] -- could not read pcoord from '/tmp/tmpda6hvk_d': ValueError('cannot reshape array of size 0 into shape (11,3)')
-- ERROR    [westpa.core.propagators.executable] -- could not read pcoord from '/tmp/tmpx5mp3c46': ValueError('cannot reshape array of size 0 into shape (11,3)')
-- ERROR    [westpa.core.propagators.executable] -- could not read pcoord from '/tmp/tmp2jj6yivg': ValueError('cannot reshape array of size 0 into shape (11,3)')
-- ERROR    [westpa.core.propagators.executable] -- could not read pcoord from '/tmp/tmpnbahl78s': ValueError('cannot reshape array of size 0 into shape (11,3)')
-- ERROR    [westpa.core.propagators.executable] -- could not read pcoord from '/tmp/tmp1dkys351': ValueError('cannot reshape array of size 0 into shape (11,3)')
-- ERROR    [westpa.core.propagators.executable] -- could not read pcoord from '/tmp/tmpor5ki8c1': ValueError('cannot reshape array of size 0 into shape (11,3)')
-- ERROR    [westpa.core.propagators.executable] -- could not read pcoord from '/tmp/tmpoozi2l20': ValueError('cannot reshape array of size 0 into shape (11,3)')
-- ERROR    [westpa.core.propagators.executable] -- could not read pcoord from '/tmp/tmpb0c2vi9c': ValueError('cannot reshape array of size 0 into shape (11,3)')
-- ERROR    [westpa.core.propagators.executable] -- could not read pcoord from '/tmp/tmpve0o06qh': ValueError('cannot reshape array of size 0 into shape (11,3)')
-- ERROR    [westpa.core.propagators.executable] -- could not read pcoord from '/tmp/tmpulzcckkv': ValueError('cannot reshape array of size 0 into shape (11,3)')
-- ERROR    [westpa.core.propagators.executable] -- could not read pcoord from '/tmp/tmpedam7kar': ValueError('cannot reshape array of size 0 into shape (11,3)')
-- ERROR    [westpa.core.propagators.executable] -- could not read pcoord from '/tmp/tmp4lt5jf05': ValueError('cannot reshape array of size 0 into shape (11,3)')
-- ERROR    [westpa.core.propagators.executable] -- could not read pcoord from '/tmp/tmpky1bzst3': ValueError('cannot reshape array of size 0 into shape (11,3)')
-- WARNING  [westpa.work_managers.zeromq.core.ZMQWorker.25fdf35d-d9b5-4a3a-92b2-16d018cdbbc6] -- sending SIGKILL to worker process 79939
-- WARNING  [westpa.work_managers.zeromq.core.ZMQWorker.bd5eae1e-d0e4-405a-ab00-30801b27461c] -- sending SIGKILL to worker process 79946
