Updating system with the options from the configuration file
Maximum wallclock time: 3 days, 0:00:00

Wed Nov 16 16:25:02 2022
Iteration 430 (2000 requested)
Beginning iteration 430
48 segments remain in iteration 430 (48 total)
6 of 34 (17.647059%) active bins are populated
per-bin minimum non-zero probability:       3.11338e-06
per-bin maximum probability:                0.654746
per-bin probability dynamic range (kT):     12.2563
per-segment minimum non-zero probability:   3.89172e-07
per-segment maximum non-zero probability:   0.102731
per-segment probability dynamic range (kT): 12.4836
norm = 1, error in norm = 0 (0*epsilon)
MAB binning in use
Bottleneck bin occupancy may not be accurately reported
Waiting for segments to complete...
-- ERROR    [westpa.core.sim_manager] -- propagation failed for 44 segment(s):
1  
2  
3  
5  
8  
9  
10  
11  
12  
13  
14  
15  
16  
17  
18  
19  
20  
21  
22  
23  
24  
25  
26  
27  
28  
29  
30  
31  
32  
33  
34  
35  
36  
37  
38  
39  
40  
41  
42  
43  
44  
45  
46  
47
exception caught; shutting down
-- ERROR    [w_run] -- error message: propagation failed for 44 segments
-- ERROR    [w_run] -- Traceback (most recent call last):
  File "/ihome/lchong/dty7/Apps/westpa/src/westpa/cli/core/w_run.py", line 62, in run_simulation
    sim_manager.run()
  File "/ihome/lchong/dty7/Apps/westpa/src/westpa/core/sim_manager.py", line 752, in run
    self.check_propagation()
  File "/ihome/lchong/dty7/Apps/westpa/src/westpa/core/sim_manager.py", line 650, in check_propagation
    raise PropagationError('propagation failed for {:d} segments'.format(len(failed_segments)))
westpa.core.sim_manager.PropagationError: propagation failed for 44 segments

