
          -------------------------------------------------------
          Amber 22 PMEMD                              2022
          -------------------------------------------------------

| PMEMD implementation of SANDER, Release 22

|  Compiled date/time: Thu Apr 14 14:06:37 2022
| Run on 08/10/2022 at 13:44:04

|   Executable path: pmemd.MPI
| Working directory: /ix/lchong/dty7/hiv1_capsid/we/ctd-unbinding/1a43/std-prep
|          Hostname: smp-n134

  [-O]verwriting output

File Assignments:
|   MDIN: 03_eq1.in                                                             
|  MDOUT: 03_eq1.out                                                            
| INPCRD: 02_min.rst                                                            
|   PARM: 1a43_solv2.prmtop                                                     
| RESTRT: 03_eq1.rst                                                            
|   REFC: 02_min.rst                                                            
|  MDVEL: mdvel                                                                 
|   MDEN: mden                                                                  
|  MDCRD: mdcrd                                                                 
| MDINFO: mdinfo                                                                
|LOGFILE: logfile                                                               
|  MDFRC: mdfrc                                                                 


 Here is the input file:

20 ps solute restrained NVT equilibration using Langevin thermostat            
&cntrl                                                                         
  irest     = 0,                                                               
  ntx       = 1,                                                               
  ig        = -1,                                                              
  dt        = 0.002,                                                           
  nstlim    = 10000,                                                           
  nscm      = 500,                                                             
  ntr       = 1,                                                               
  restraint_wt  = 1.0,                                                         
  restraintmask = '!:WAT & !@H',                                               
  ntb       = 1,                                                               
  ntp       = 0,                                                               
  ntt       = 3,                                                               
  tempi     = 298.0,                                                           
  temp0     = 298.0,                                                           
  gamma_ln  = 1.0,                                                             
  ntf       = 2,                                                               
  ntc       = 2,                                                               
  cut       = 10.0,                                                            
  ntpr      = 500,                                                             
  ntxo      = 2,                                                               
  ntwr      = 10000,                                                           
  ioutfm    = 1,                                                               
  ntwx      = 500,                                                             
  iwrap     = 1,                                                               
&end                                                                           


Note: ig = -1. Setting random seed to   577376 based on wallclock time in
      microseconds and disabling the synchronization of random numbers 
      between tasks to improve performance.
| irandom = 1, using AMBER's internal random number generator (default).
 
 
| Conditional Compilation Defines Used:
| MPI
| PUBFFT
| BINTRAJ
| EMIL

| Largest sphere to fit in unit cell has radius =    41.648

| New format PARM file being parsed.
| Version =    1.000 Date = 07/22/22 Time = 14:40:53

| Note: 1-4 EEL scale factors are being read from the topology file.

| Note: 1-4 VDW scale factors are being read from the topology file.
| Duplicated    0 dihedrals

| Duplicated    0 dihedrals

--------------------------------------------------------------------------------
   1.  RESOURCE   USE: 
--------------------------------------------------------------------------------

 getting box info from netcdf restart file
 NATOM  =   74705 NTYPES =      18 NBONH =   73329 MBONA  =    1400
 NTHETH =    3162 MTHETA =    1894 NPHIH =    6040 MPHIA  =    6476
 NHPARM =       0 NPARM  =       0 NNB   =  111178 NRES   =   24159
 NBONA  =    1400 NTHETA =    1894 NPHIA =    6476 NUMBND =      86
 NUMANG =     201 NPTRA  =     423 NATYP =      44 NPHB   =       0
 IFBOX  =       2 NMXRS  =      24 IFCAP =       0 NEXTRA =       0
 NCOPY  =       0

| Coordinate Index Table dimensions:    15   15   15
| Direct force subcell size =     6.8010    6.8010    6.8010

     BOX TYPE: TRUNCATED OCTAHEDRON

--------------------------------------------------------------------------------
   2.  CONTROL  DATA  FOR  THE  RUN
--------------------------------------------------------------------------------

default_name                                                                    

General flags:
     imin    =       0, nmropt  =       0

Nature and format of input:
     ntx     =       1, irest   =       0, ntrx    =       1

Nature and format of output:
     ntxo    =       2, ntpr    =     500, ntrx    =       1, ntwr    =   10000
     iwrap   =       1, ntwx    =     500, ntwv    =       0, ntwe    =       0
     ioutfm  =       1, ntwprt  =       0, idecomp =       0, rbornstat=      0

Potential function:
     ntf     =       2, ntb     =       1, igb     =       0, nsnb    =      25
     ipol    =       0, gbsa    =       0, iesp    =       0
     dielc   =   1.00000, cut     =  10.00000, intdiel =   1.00000

Frozen or restrained atoms:
     ibelly  =       0, ntr     =       1
     restraint_wt =   1.00000

Molecular dynamics:
     nstlim  =     10000, nscm    =         0, nrespa  =         1
     t       =   0.00000, dt      =   0.00200, vlimit  =  20.00000

Langevin dynamics temperature regulation:
     ig      =  577376
     temp0   = 298.00000, tempi   = 298.00000, gamma_ln=   1.00000

SHAKE:
     ntc     =       2, jfastw  =       0
     tol     =   0.00001

| Intermolecular bonds treatment:
|     no_intermolecular_bonds =       1

| Energy averages sample interval:
|     ene_avg_sampling =     500

Ewald parameters:
     verbose =       0, ew_type =       0, nbflag  =       1, use_pme =       1
     vdwmeth =       1, eedmeth =       1, netfrc  =       1
     Box X =  102.016   Box Y =  102.016   Box Z =  102.016
     Alpha =  109.471   Beta  =  109.471   Gamma =  109.471
     NFFT1 =  108       NFFT2 =  108       NFFT3 =  108
     Cutoff=   10.000   Tol   =0.100E-04
     Ewald Coefficient =  0.27511
     Interpolation order =    4

| PMEMD ewald parallel performance parameters:
|     block_fft =    0
|     fft_blk_y_divisor =    2
|     excl_recip =    0
|     excl_master =    0
|     atm_redist_freq =  320

    LOADING THE CONSTRAINED ATOMS AS GROUPS


   5.  REFERENCE ATOM COORDINATES

  default_name                                                                    
     Mask !:WAT & !@H; matches  2600 atoms

--------------------------------------------------------------------------------
   3.  ATOMIC COORDINATES AND VELOCITIES
--------------------------------------------------------------------------------

default_name                                                                    
 begin time read from input coords =     0.000 ps

 
 Number of triangulated 3-point waters found:    23981

     Sum of charges from parm topology file =  -0.00002624
     Forcing neutrality...

| Dynamic Memory, Types Used:
| Reals            12386148
| Integers          3011333

| Nonbonded Pairs Initial Allocation:     3658676

| Running AMBER/MPI version on   16 MPI task

 
--------------------------------------------------------------------------------
   4.  RESULTS
--------------------------------------------------------------------------------

 ---------------------------------------------------
 APPROXIMATING switch and d/dx switch using CUBIC SPLINE INTERPOLATION
 using   5000.0 points per unit in tabled values
 TESTING RELATIVE ERROR over r ranging from 0.0 to cutoff
| CHECK switch(x): max rel err =   0.2738E-14   at   2.422500
| CHECK d/dx switch(x): max rel err =   0.8314E-11   at   2.736960
 ---------------------------------------------------
|---------------------------------------------------
| APPROXIMATING direct energy using CUBIC SPLINE INTERPOLATION
|  with   50.0 points per unit in tabled values
| Relative Error Limit not exceeded for r .gt.   2.33
| APPROXIMATING direct force using CUBIC SPLINE INTERPOLATION
|  with   50.0 points per unit in tabled values
| Relative Error Limit not exceeded for r .gt.   2.80
|---------------------------------------------------

 NSTEP =        0   TIME(PS) =       0.000  TEMP(K) =   442.88  PRESS =     0.0
 Etot   =   -320735.5230  EKtot   =     66351.7502  EPtot      =   -387087.2733
 BOND   =       141.1180  ANGLE   =       537.0907  DIHED      =     -1600.8903
 1-4 NB =       571.1305  1-4 EEL =     10636.1160  VDWAALS    =     81596.3314
 EELEC  =   -478968.1695  EHBOND  =         0.0000  RESTRAINT  =         0.0000
 Ewald error estimate:   0.1683E-03
 ------------------------------------------------------------------------------


 NSTEP =      500   TIME(PS) =       1.000  TEMP(K) =   243.75  PRESS =     0.0
 Etot   =   -248847.9711  EKtot   =     36519.2011  EPtot      =   -285367.1723
 BOND   =       517.2559  ANGLE   =      1408.5095  DIHED      =     -1437.4375
 1-4 NB =       621.5407  1-4 EEL =     10609.6005  VDWAALS    =     52115.2616
 EELEC  =   -349377.2151  EHBOND  =         0.0000  RESTRAINT  =       175.3122
 EAMBER (non-restraint)  =   -285542.4845
 Ewald error estimate:   0.1288E-03
 ------------------------------------------------------------------------------


 NSTEP =     1000   TIME(PS) =       2.000  TEMP(K) =   271.72  PRESS =     0.0
 Etot   =   -238349.3205  EKtot   =     40709.7153  EPtot      =   -279059.0358
 BOND   =       554.7590  ANGLE   =      1526.8229  DIHED      =     -1364.9500
 1-4 NB =       644.6421  1-4 EEL =     10637.3500  VDWAALS    =     49744.7652
 EELEC  =   -341013.5896  EHBOND  =         0.0000  RESTRAINT  =       211.1646
 EAMBER (non-restraint)  =   -279270.2004
 Ewald error estimate:   0.2783E-04
 ------------------------------------------------------------------------------


 NSTEP =     1500   TIME(PS) =       3.000  TEMP(K) =   284.04  PRESS =     0.0
 Etot   =   -233395.9438  EKtot   =     42555.4414  EPtot      =   -275951.3852
 BOND   =       555.8566  ANGLE   =      1538.1782  DIHED      =     -1398.9939
 1-4 NB =       649.2020  1-4 EEL =     10650.6439  VDWAALS    =     48636.9072
 EELEC  =   -336810.4356  EHBOND  =         0.0000  RESTRAINT  =       227.2563
 EAMBER (non-restraint)  =   -276178.6415
 Ewald error estimate:   0.2170E-04
 ------------------------------------------------------------------------------


 NSTEP =     2000   TIME(PS) =       4.000  TEMP(K) =   293.13  PRESS =     0.0
 Etot   =   -230331.0601  EKtot   =     43916.6650  EPtot      =   -274247.7251
 BOND   =       560.5794  ANGLE   =      1587.0977  DIHED      =     -1370.9995
 1-4 NB =       661.5962  1-4 EEL =     10655.6959  VDWAALS    =     48207.7404
 EELEC  =   -334782.1642  EHBOND  =         0.0000  RESTRAINT  =       232.7289
 EAMBER (non-restraint)  =   -274480.4540
 Ewald error estimate:   0.9192E-04
 ------------------------------------------------------------------------------


 NSTEP =     2500   TIME(PS) =       5.000  TEMP(K) =   293.80  PRESS =     0.0
 Etot   =   -228970.3044  EKtot   =     44016.4985  EPtot      =   -272986.8028
 BOND   =       568.9326  ANGLE   =      1579.3847  DIHED      =     -1380.8504
 1-4 NB =       648.5378  1-4 EEL =     10601.8856  VDWAALS    =     47627.3850
 EELEC  =   -332848.4020  EHBOND  =         0.0000  RESTRAINT  =       216.3239
 EAMBER (non-restraint)  =   -273203.1267
 Ewald error estimate:   0.3746E-04
 ------------------------------------------------------------------------------


 NSTEP =     3000   TIME(PS) =       6.000  TEMP(K) =   296.86  PRESS =     0.0
 Etot   =   -227824.4975  EKtot   =     44476.1113  EPtot      =   -272300.6088
 BOND   =       590.4337  ANGLE   =      1569.9284  DIHED      =     -1393.2211
 1-4 NB =       622.6033  1-4 EEL =     10563.4404  VDWAALS    =     47206.5903
 EELEC  =   -331676.8043  EHBOND  =         0.0000  RESTRAINT  =       216.4204
 EAMBER (non-restraint)  =   -272517.0293
 Ewald error estimate:   0.1579E-04
 ------------------------------------------------------------------------------


 NSTEP =     3500   TIME(PS) =       7.000  TEMP(K) =   296.17  PRESS =     0.0
 Etot   =   -227560.8018  EKtot   =     44371.6254  EPtot      =   -271932.4271
 BOND   =       585.2574  ANGLE   =      1564.6484  DIHED      =     -1386.1048
 1-4 NB =       637.9232  1-4 EEL =     10585.7238  VDWAALS    =     47006.3430
 EELEC  =   -331154.5233  EHBOND  =         0.0000  RESTRAINT  =       228.3052
 EAMBER (non-restraint)  =   -272160.7323
 Ewald error estimate:   0.5460E-04
 ------------------------------------------------------------------------------


 NSTEP =     4000   TIME(PS) =       8.000  TEMP(K) =   296.86  PRESS =     0.0
 Etot   =   -227353.6415  EKtot   =     44475.8614  EPtot      =   -271829.5029
 BOND   =       570.4777  ANGLE   =      1586.1754  DIHED      =     -1377.2413
 1-4 NB =       658.9598  1-4 EEL =     10628.8647  VDWAALS    =     46936.8404
 EELEC  =   -331068.9665  EHBOND  =         0.0000  RESTRAINT  =       235.3870
 EAMBER (non-restraint)  =   -272064.8899
 Ewald error estimate:   0.3393E-05
 ------------------------------------------------------------------------------


 NSTEP =     4500   TIME(PS) =       9.000  TEMP(K) =   296.63  PRESS =     0.0
 Etot   =   -227055.6342  EKtot   =     44440.6665  EPtot      =   -271496.3007
 BOND   =       590.8357  ANGLE   =      1485.7516  DIHED      =     -1380.7874
 1-4 NB =       661.5531  1-4 EEL =     10616.0989  VDWAALS    =     46512.1592
 EELEC  =   -330209.5267  EHBOND  =         0.0000  RESTRAINT  =       227.6148
 EAMBER (non-restraint)  =   -271723.9155
 Ewald error estimate:   0.1155E-03
 ------------------------------------------------------------------------------


 NSTEP =     5000   TIME(PS) =      10.000  TEMP(K) =   299.58  PRESS =     0.0
 Etot   =   -226689.5244  EKtot   =     44883.6611  EPtot      =   -271573.1855
 BOND   =       590.7028  ANGLE   =      1504.6988  DIHED      =     -1404.0275
 1-4 NB =       654.1076  1-4 EEL =     10606.5325  VDWAALS    =     46101.5402
 EELEC  =   -329843.4152  EHBOND  =         0.0000  RESTRAINT  =       216.6752
 EAMBER (non-restraint)  =   -271789.8608
 Ewald error estimate:   0.7002E-04
 ------------------------------------------------------------------------------


 NSTEP =     5500   TIME(PS) =      11.000  TEMP(K) =   299.78  PRESS =     0.0
 Etot   =   -226682.8266  EKtot   =     44913.0580  EPtot      =   -271595.8846
 BOND   =       558.3795  ANGLE   =      1536.6289  DIHED      =     -1398.9856
 1-4 NB =       638.7109  1-4 EEL =     10622.4666  VDWAALS    =     46220.8716
 EELEC  =   -329985.9291  EHBOND  =         0.0000  RESTRAINT  =       211.9727
 EAMBER (non-restraint)  =   -271807.8573
 Ewald error estimate:   0.1117E-04
 ------------------------------------------------------------------------------


 NSTEP =     6000   TIME(PS) =      12.000  TEMP(K) =   297.09  PRESS =     0.0
 Etot   =   -227015.5309  EKtot   =     44510.4805  EPtot      =   -271526.0114
 BOND   =       562.8233  ANGLE   =      1585.5294  DIHED      =     -1373.1684
 1-4 NB =       632.5079  1-4 EEL =     10595.0424  VDWAALS    =     46487.3038
 EELEC  =   -330263.4787  EHBOND  =         0.0000  RESTRAINT  =       247.4289
 EAMBER (non-restraint)  =   -271773.4403
 Ewald error estimate:   0.1687E-04
 ------------------------------------------------------------------------------


 NSTEP =     6500   TIME(PS) =      13.000  TEMP(K) =   297.52  PRESS =     0.0
 Etot   =   -226978.0272  EKtot   =     44574.2899  EPtot      =   -271552.3171
 BOND   =       577.7261  ANGLE   =      1544.4787  DIHED      =     -1404.1392
 1-4 NB =       639.5869  1-4 EEL =     10617.3928  VDWAALS    =     46589.8749
 EELEC  =   -330352.1422  EHBOND  =         0.0000  RESTRAINT  =       234.9049
 EAMBER (non-restraint)  =   -271787.2220
 Ewald error estimate:   0.1018E-03
 ------------------------------------------------------------------------------


 NSTEP =     7000   TIME(PS) =      14.000  TEMP(K) =   297.44  PRESS =     0.0
 Etot   =   -227110.7389  EKtot   =     44561.8970  EPtot      =   -271672.6358
 BOND   =       563.0204  ANGLE   =      1584.4140  DIHED      =     -1411.1183
 1-4 NB =       650.6608  1-4 EEL =     10618.1602  VDWAALS    =     46690.3268
 EELEC  =   -330586.8103  EHBOND  =         0.0000  RESTRAINT  =       218.7105
 EAMBER (non-restraint)  =   -271891.3463
 Ewald error estimate:   0.3840E-04
 ------------------------------------------------------------------------------


 NSTEP =     7500   TIME(PS) =      15.000  TEMP(K) =   297.79  PRESS =     0.0
 Etot   =   -227030.0439  EKtot   =     44615.6128  EPtot      =   -271645.6567
 BOND   =       565.4518  ANGLE   =      1628.9531  DIHED      =     -1388.1456
 1-4 NB =       612.0027  1-4 EEL =     10582.8513  VDWAALS    =     46353.8047
 EELEC  =   -330227.5846  EHBOND  =         0.0000  RESTRAINT  =       227.0099
 EAMBER (non-restraint)  =   -271872.6666
 Ewald error estimate:   0.3192E-04
 ------------------------------------------------------------------------------


 NSTEP =     8000   TIME(PS) =      16.000  TEMP(K) =   299.36  PRESS =     0.0
 Etot   =   -226896.4739  EKtot   =     44850.0258  EPtot      =   -271746.4997
 BOND   =       586.6193  ANGLE   =      1563.4863  DIHED      =     -1391.8991
 1-4 NB =       652.4651  1-4 EEL =     10635.2592  VDWAALS    =     46745.4218
 EELEC  =   -330761.2159  EHBOND  =         0.0000  RESTRAINT  =       223.3635
 EAMBER (non-restraint)  =   -271969.8633
 Ewald error estimate:   0.9617E-04
 ------------------------------------------------------------------------------


 NSTEP =     8500   TIME(PS) =      17.000  TEMP(K) =   298.43  PRESS =     0.0
 Etot   =   -226977.6323  EKtot   =     44711.0130  EPtot      =   -271688.6453
 BOND   =       560.5618  ANGLE   =      1493.7508  DIHED      =     -1396.0075
 1-4 NB =       656.4858  1-4 EEL =     10640.4500  VDWAALS    =     46016.3243
 EELEC  =   -329864.8441  EHBOND  =         0.0000  RESTRAINT  =       204.6337
 EAMBER (non-restraint)  =   -271893.2790
 Ewald error estimate:   0.6757E-04
 ------------------------------------------------------------------------------


 NSTEP =     9000   TIME(PS) =      18.000  TEMP(K) =   298.55  PRESS =     0.0
 Etot   =   -226808.0232  EKtot   =     44728.8244  EPtot      =   -271536.8476
 BOND   =       585.6650  ANGLE   =      1544.4990  DIHED      =     -1385.8146
 1-4 NB =       634.2537  1-4 EEL =     10639.1127  VDWAALS    =     46491.3394
 EELEC  =   -330268.7846  EHBOND  =         0.0000  RESTRAINT  =       222.8819
 EAMBER (non-restraint)  =   -271759.7294
 Ewald error estimate:   0.2868E-04
 ------------------------------------------------------------------------------


 NSTEP =     9500   TIME(PS) =      19.000  TEMP(K) =   297.26  PRESS =     0.0
 Etot   =   -227126.3902  EKtot   =     44535.1465  EPtot      =   -271661.5367
 BOND   =       564.1330  ANGLE   =      1572.4886  DIHED      =     -1416.5339
 1-4 NB =       646.6450  1-4 EEL =     10635.0011  VDWAALS    =     46617.3999
 EELEC  =   -330498.6883  EHBOND  =         0.0000  RESTRAINT  =       218.0180
 EAMBER (non-restraint)  =   -271879.5547
 Ewald error estimate:   0.1011E-06
 ------------------------------------------------------------------------------


 NSTEP =    10000   TIME(PS) =      20.000  TEMP(K) =   297.79  PRESS =     0.0
 Etot   =   -227005.3107  EKtot   =     44614.3927  EPtot      =   -271619.7034
 BOND   =       567.9071  ANGLE   =      1549.4548  DIHED      =     -1422.0063
 1-4 NB =       649.0302  1-4 EEL =     10603.8169  VDWAALS    =     46625.3882
 EELEC  =   -330414.1794  EHBOND  =         0.0000  RESTRAINT  =       220.8852
 EAMBER (non-restraint)  =   -271840.5886
 Ewald error estimate:   0.3536E-04
 ------------------------------------------------------------------------------


      A V E R A G E S   O V E R      20 S T E P S


 NSTEP =    10000   TIME(PS) =      20.000  TEMP(K) =   292.68  PRESS =     0.0
 Etot   =   -229300.4848  EKtot   =     43849.0094  EPtot      =   -273149.4942
 BOND   =       568.8689  ANGLE   =      1547.7440  DIHED      =     -1394.1216
 1-4 NB =       643.6507  1-4 EEL =     10617.2695  VDWAALS    =     47246.6794
 EELEC  =   -332600.4350  EHBOND  =         0.0000  RESTRAINT  =       220.8499
 EAMBER (non-restraint)  =   -273370.3441
 Ewald error estimate:   0.4975E-04
 ------------------------------------------------------------------------------


      R M S  F L U C T U A T I O N S


 NSTEP =    10000   TIME(PS) =      20.000  TEMP(K) =    12.89  PRESS =     0.0
 Etot   =      5280.0562  EKtot   =      1930.4729  EPtot      =      3359.6126
 BOND   =        16.9661  ANGLE   =        46.7475  DIHED      =        17.7943
 1-4 NB =        13.3997  1-4 EEL =        23.4232  VDWAALS    =      1435.8919
 EELEC  =      4721.9200  EHBOND  =         0.0000  RESTRAINT  =        14.1891
 EAMBER (non-restraint)  =      3345.4235
 Ewald error estimate:   0.3795E-04
 ------------------------------------------------------------------------------

--------------------------------------------------------------------------------
   5.  TIMINGS
--------------------------------------------------------------------------------

|  NonSetup CPU Time in Major Routines, Average for All Tasks:
|
|     Routine           Sec        %
|     ------------------------------
|     DataDistrib      23.86    8.56
|     Nonbond         235.76   84.55
|     Bond              0.04    0.02
|     Angle             0.31    0.11
|     Dihedral          2.30    0.82
|     Shake             1.72    0.62
|     RunMD            14.83    5.32
|     Other             0.03    0.01
|     ------------------------------
|     Total           278.85

|  PME Nonbond Pairlist CPU Time, Average for All Tasks:
|
|     Routine              Sec        %
|     ---------------------------------
|     Set Up Cit           2.35    0.84
|     Build List          28.10   10.08
|     ---------------------------------
|     Total               30.45   10.92

|  PME Direct Force CPU Time, Average for All Tasks:
|
|     Routine              Sec        %
|     ---------------------------------
|     NonBonded Calc     155.77   55.86
|     Exclude Masked       2.34    0.84
|     Other                5.29    1.90
|     ---------------------------------
|     Total              163.39   58.59

|  PME Reciprocal Force CPU Time, Average for All Tasks:
|
|     Routine              Sec        %
|     ---------------------------------
|     1D bspline           2.96    1.06
|     Grid Charges         4.44    1.59
|     Scalar Sum           1.96    0.70
|     Gradient Sum         5.92    2.12
|     FFT                 26.57    9.53
|     ---------------------------------
|     Total               41.85   15.01

|  PME Load Balancing CPU Time, Average for All Tasks:
|
|     Routine                 Sec        %
|     ------------------------------------
|     Atom Reassign           0.01    0.00
|     Image Reassign          0.01    0.00
|     FFT Reassign            0.01    0.00
|     ------------------------------------
|     Total                   0.03    0.01

|  Final Performance Info:
|     -----------------------------------------------------
|     Average timings for last       1 steps:
|     Elapsed(s) =       0.00 Per Step(ms) =       2.90
|         ns/day =      59.52   seconds/ns =    1451.54
|
|     Average timings for all steps:
|     Elapsed(s) =     279.61 Per Step(ms) =      27.96
|         ns/day =       6.18   seconds/ns =   13980.27
|     -----------------------------------------------------

|  Master Setup CPU time:            0.45 seconds
|  Master NonSetup CPU time:       278.88 seconds
|  Master Total CPU time:          279.33 seconds     0.08 hours

|  Master Setup wall time:           1    seconds
|  Master NonSetup wall time:      279    seconds
|  Master Total wall time:         280    seconds     0.08 hours
