
CPPTRAJ: Trajectory Analysis. V6.4.4 (AmberTools)
    ___  ___  ___  ___
     | \/ | \/ | \/ | 
    _|_/\_|_/\_|_/\_|_

| Date/time: 08/09/22 14:43:50
| Available memory: 185.044 GB

INPUT: Reading input from 'strip_06.in'
  [parm 1a43_solv2.prmtop]
	Reading '1a43_solv2.prmtop' as Amber Topology
Warning: Low precision truncated octahedron angles detected (109.47 vs 109.471).
Warning:   If desired, the 'box' command can be used during processing
Warning:   to set higher-precision angles.
	Radius Set: modified Bondi radii (mbondi)
  [trajin 06_prod.nc 1 last 10]
	Reading '06_prod.nc' as Amber NetCDF
  [autoimage]
    AUTOIMAGE: To box center based on center of mass, anchor is first molecule.
  [strip :WAT,Cl-,Na+ parmout 1a43_dry.prmtop]
    STRIP: Stripping atoms in mask [:WAT,Cl-,Na+]
	Writing 'stripped' topology file with name '1a43_dry.prmtop'
  [trajout 06_prod_dry_10i.nc]
	Writing '06_prod_dry_10i.nc' as Amber NetCDF
  [go]
---------- RUN BEGIN -------------------------------------------------

PARAMETER FILES (1 total):
 0: 1a43_solv2.prmtop, 74705 atoms, 24159 res, box: Truncated octahedron, 23985 mol, 23981 solvent

INPUT TRAJECTORIES (1 total):
 0: '06_prod.nc' is a NetCDF AMBER trajectory with coordinates, time, box, Parm 1a43_solv2.prmtop (Truncated octahedron box) (reading 20000 of 200000)
  Coordinate processing will occur on 20000 frames.

OUTPUT TRAJECTORIES (1 total):
  '06_prod_dry_10i.nc' (20000 frames) is a NetCDF AMBER trajectory

BEGIN TRAJECTORY PROCESSING:
.....................................................
ACTION SETUP FOR PARM '1a43_solv2.prmtop' (2 actions):
  0: [autoimage]
	Original box is truncated octahedron, turning on 'familiar'.
	Using first molecule as anchor.
	1 molecules are fixed to anchor: 2
	23983 molecules are mobile.
  1: [strip :WAT,Cl-,Na+ parmout 1a43_dry.prmtop]
	Stripping 71945 atoms.
	Stripped topology: 2760 atoms, 176 res, box: Truncated octahedron, 2 mol
	Writing topology 0 (1a43_solv2.prmtop) to '1a43_dry.prmtop' with format Amber Topology
	Memory used by full exclusion list: 60.456 kB
.....................................................
ACTIVE OUTPUT TRAJECTORIES (1):
  06_prod_dry_10i.nc (coordinates, time, box)
----- 06_prod.nc (1-200000, 10) -----
 0% 10% 20% 30% 40% 50% 60% 70% 80% 90% 100% Complete.

Read 20000 frames and processed 20000 frames.
TIME: Avg. throughput= 11.2933 frames / second.

ACTION OUTPUT:
TIME: Analyses took 0.0000 seconds.

RUN TIMING:
TIME:		Init               : 0.0000 s (  0.00%)
TIME:		Trajectory Process : 1770.9604 s (100.00%)
TIME:		Action Post        : 0.0000 s (  0.00%)
TIME:		Analysis           : 0.0000 s (  0.00%)
TIME:		Data File Write    : 0.0000 s (  0.00%)
TIME:		Other              : 0.0513 s (  0.00%)
TIME:	Run Total 1771.0116 s
---------- RUN END ---------------------------------------------------
  [quit]
TIME: Total execution time: 1771.1150 seconds.
--------------------------------------------------------------------------------
To cite CPPTRAJ use:
Daniel R. Roe and Thomas E. Cheatham, III, "PTRAJ and CPPTRAJ: Software for
  Processing and Analysis of Molecular Dynamics Trajectory Data". J. Chem.
  Theory Comput., 2013, 9 (7), pp 3084-3095.

