Updating system with the options from the configuration file
Maximum wallclock time: 3 days, 0:00:00

Tue Oct 18 16:29:20 2022
Iteration 1 (500 requested)
Beginning iteration 1
8 segments remain in iteration 1 (8 total)
1 of 32 (3.125000%) active bins are populated
per-bin minimum non-zero probability:       1
per-bin maximum probability:                1
per-bin probability dynamic range (kT):     0
per-segment minimum non-zero probability:   0.125
per-segment maximum non-zero probability:   0.125
per-segment probability dynamic range (kT): 0
norm = 1, error in norm = 0 (0*epsilon)
MAB binning in use
Bottleneck bin occupancy may not be accurately reported
Waiting for segments to complete...
Iteration completed successfully
Iteration wallclock: 0:03:31.528513, cputime: 0:10:00.179012


Tue Oct 18 16:32:51 2022
Iteration 2 (500 requested)
Beginning iteration 2
24 segments remain in iteration 2 (24 total)
3 of 32 (9.375000%) active bins are populated
per-bin minimum non-zero probability:       0.125
per-bin maximum probability:                0.75
per-bin probability dynamic range (kT):     1.79176
per-segment minimum non-zero probability:   0.015625
per-segment maximum non-zero probability:   0.125
per-segment probability dynamic range (kT): 2.07944
norm = 1, error in norm = 0 (0*epsilon)
MAB binning in use
Bottleneck bin occupancy may not be accurately reported
Waiting for segments to complete...
Iteration completed successfully
Iteration wallclock: 0:05:16.045511, cputime: 0:33:26.971036


Tue Oct 18 16:38:07 2022
Iteration 3 (500 requested)
Beginning iteration 3
40 segments remain in iteration 3 (40 total)
4 of 32 (12.500000%) active bins are populated
per-bin minimum non-zero probability:       0.015625
per-bin maximum probability:                0.890625
per-bin probability dynamic range (kT):     4.04305
per-segment minimum non-zero probability:   0.00195312
per-segment maximum non-zero probability:   0.125
per-segment probability dynamic range (kT): 4.15888
norm = 1, error in norm = 0 (0*epsilon)
MAB binning in use
Bottleneck bin occupancy may not be accurately reported
Waiting for segments to complete...
Iteration completed successfully
Iteration wallclock: 0:08:44.523835, cputime: 0:56:39.199360


Tue Oct 18 16:46:52 2022
Iteration 4 (500 requested)
Beginning iteration 4
40 segments remain in iteration 4 (40 total)
5 of 32 (15.625000%) active bins are populated
per-bin minimum non-zero probability:       0.00195312
per-bin maximum probability:                0.808594
per-bin probability dynamic range (kT):     6.02587
per-segment minimum non-zero probability:   0.000244141
per-segment maximum non-zero probability:   0.125
per-segment probability dynamic range (kT): 6.23832
norm = 1, error in norm = 0 (0*epsilon)
MAB binning in use
Bottleneck bin occupancy may not be accurately reported
Waiting for segments to complete...
Iteration completed successfully
Iteration wallclock: 0:08:46.906429, cputime: 0:53:36.431029


Tue Oct 18 16:55:39 2022
Iteration 5 (500 requested)
Beginning iteration 5
40 segments remain in iteration 5 (40 total)
5 of 32 (15.625000%) active bins are populated
per-bin minimum non-zero probability:       0.000244141
per-bin maximum probability:                0.780762
per-bin probability dynamic range (kT):     8.07028
per-segment minimum non-zero probability:   3.05176e-05
per-segment maximum non-zero probability:   0.125
per-segment probability dynamic range (kT): 8.31777
norm = 1, error in norm = 0 (0*epsilon)
MAB binning in use
Bottleneck bin occupancy may not be accurately reported
Waiting for segments to complete...
Iteration completed successfully
Iteration wallclock: 0:08:47.092452, cputime: 0:54:55.296099


Tue Oct 18 17:04:26 2022
Iteration 6 (500 requested)
Beginning iteration 6
40 segments remain in iteration 6 (40 total)
5 of 32 (15.625000%) active bins are populated
per-bin minimum non-zero probability:       3.05176e-05
per-bin maximum probability:                0.881592
per-bin probability dynamic range (kT):     10.2712
per-segment minimum non-zero probability:   3.8147e-06
per-segment maximum non-zero probability:   0.165527
per-segment probability dynamic range (kT): 10.678
norm = 1, error in norm = 0 (0*epsilon)
MAB binning in use
Bottleneck bin occupancy may not be accurately reported
Waiting for segments to complete...
Iteration completed successfully
Iteration wallclock: 0:08:41.188843, cputime: 0:57:35.011070


Tue Oct 18 17:13:07 2022
Iteration 7 (500 requested)
Beginning iteration 7
40 segments remain in iteration 7 (40 total)
5 of 32 (15.625000%) active bins are populated
per-bin minimum non-zero probability:       3.8147e-06
per-bin maximum probability:                0.985046
per-bin probability dynamic range (kT):     12.4616
per-segment minimum non-zero probability:   4.76837e-07
per-segment maximum non-zero probability:   0.165527
per-segment probability dynamic range (kT): 12.7575
norm = 1, error in norm = 0 (0*epsilon)
MAB binning in use
Bottleneck bin occupancy may not be accurately reported
Waiting for segments to complete...
Iteration completed successfully
Iteration wallclock: 0:08:47.438871, cputime: 0:55:24.177439


Tue Oct 18 17:21:54 2022
Iteration 8 (500 requested)
Beginning iteration 8
40 segments remain in iteration 8 (40 total)
5 of 32 (15.625000%) active bins are populated
per-bin minimum non-zero probability:       4.76837e-07
per-bin maximum probability:                0.751099
per-bin probability dynamic range (kT):     14.2699
per-segment minimum non-zero probability:   5.96046e-08
per-segment maximum non-zero probability:   0.165527
per-segment probability dynamic range (kT): 14.8369
norm = 1, error in norm = 0 (0*epsilon)
MAB binning in use
Bottleneck bin occupancy may not be accurately reported
Waiting for segments to complete...
Iteration completed successfully
Iteration wallclock: 0:08:58.719095, cputime: 0:55:16.048211


Tue Oct 18 17:30:53 2022
Iteration 9 (500 requested)
Beginning iteration 9
40 segments remain in iteration 9 (40 total)
5 of 32 (15.625000%) active bins are populated
per-bin minimum non-zero probability:       5.96046e-08
per-bin maximum probability:                0.879272
per-bin probability dynamic range (kT):     16.5069
per-segment minimum non-zero probability:   7.45058e-09
per-segment maximum non-zero probability:   0.125
per-segment probability dynamic range (kT): 16.6355
norm = 1, error in norm = 0 (0*epsilon)
MAB binning in use
Bottleneck bin occupancy may not be accurately reported
Waiting for segments to complete...
Iteration completed successfully
Iteration wallclock: 0:08:48.397619, cputime: 0:54:56.889500


Tue Oct 18 17:39:41 2022
Iteration 10 (500 requested)
Beginning iteration 10
40 segments remain in iteration 10 (40 total)
5 of 32 (15.625000%) active bins are populated
per-bin minimum non-zero probability:       7.45058e-09
per-bin maximum probability:                0.875587
per-bin probability dynamic range (kT):     18.5821
per-segment minimum non-zero probability:   9.31323e-10
per-segment maximum non-zero probability:   0.125
per-segment probability dynamic range (kT): 18.715
norm = 1, error in norm = 0 (0*epsilon)
MAB binning in use
Bottleneck bin occupancy may not be accurately reported
Waiting for segments to complete...
Iteration completed successfully
Iteration wallclock: 0:08:44.209407, cputime: 0:56:53.541748


Tue Oct 18 17:48:26 2022
Iteration 11 (500 requested)
Beginning iteration 11
32 segments remain in iteration 11 (32 total)
4 of 32 (12.500000%) active bins are populated
per-bin minimum non-zero probability:       9.31323e-10
per-bin maximum probability:                0.984448
per-bin probability dynamic range (kT):     20.7787
per-segment minimum non-zero probability:   1.16415e-10
per-segment maximum non-zero probability:   0.181152
per-segment probability dynamic range (kT): 21.1654
norm = 1, error in norm = 0 (0*epsilon)
MAB binning in use
Bottleneck bin occupancy may not be accurately reported
Waiting for segments to complete...
Iteration completed successfully
Iteration wallclock: 0:07:05.159807, cputime: 0:43:16.881782


Tue Oct 18 17:55:31 2022
Iteration 12 (500 requested)
Beginning iteration 12
40 segments remain in iteration 12 (40 total)
5 of 32 (15.625000%) active bins are populated
per-bin minimum non-zero probability:       1.16415e-10
per-bin maximum probability:                0.998056
per-bin probability dynamic range (kT):     22.8719
per-segment minimum non-zero probability:   1.45519e-11
per-segment maximum non-zero probability:   0.181152
per-segment probability dynamic range (kT): 23.2449
norm = 1, error in norm = 0 (0*epsilon)
MAB binning in use
Bottleneck bin occupancy may not be accurately reported
Waiting for segments to complete...
Iteration completed successfully
Iteration wallclock: 0:08:44.630672, cputime: 0:57:19.021923


Tue Oct 18 18:04:15 2022
Iteration 13 (500 requested)
Beginning iteration 13
40 segments remain in iteration 13 (40 total)
5 of 32 (15.625000%) active bins are populated
per-bin minimum non-zero probability:       1.45519e-11
per-bin maximum probability:                0.999757
per-bin probability dynamic range (kT):     24.9531
per-segment minimum non-zero probability:   1.81899e-12
per-segment maximum non-zero probability:   0.181152
per-segment probability dynamic range (kT): 25.3243
norm = 1, error in norm = 0 (0*epsilon)
MAB binning in use
Bottleneck bin occupancy may not be accurately reported
Waiting for segments to complete...
Iteration completed successfully
Iteration wallclock: 0:08:44.686502, cputime: 0:56:22.417431


Tue Oct 18 18:13:00 2022
Iteration 14 (500 requested)
Beginning iteration 14
40 segments remain in iteration 14 (40 total)
5 of 32 (15.625000%) active bins are populated
per-bin minimum non-zero probability:       1.81899e-12
per-bin maximum probability:                0.99997
per-bin probability dynamic range (kT):     27.0327
per-segment minimum non-zero probability:   2.27374e-13
per-segment maximum non-zero probability:   0.181152
per-segment probability dynamic range (kT): 27.4038
norm = 1, error in norm = 0 (0*epsilon)
MAB binning in use
Bottleneck bin occupancy may not be accurately reported
Waiting for segments to complete...
Iteration completed successfully
Iteration wallclock: 0:08:44.413725, cputime: 0:55:46.966694


Tue Oct 18 18:21:45 2022
Iteration 15 (500 requested)
Beginning iteration 15
40 segments remain in iteration 15 (40 total)
5 of 32 (15.625000%) active bins are populated
per-bin minimum non-zero probability:       2.27374e-13
per-bin maximum probability:                0.999996
per-bin probability dynamic range (kT):     29.1122
per-segment minimum non-zero probability:   2.84217e-14
per-segment maximum non-zero probability:   0.181152
per-segment probability dynamic range (kT): 29.4832
norm = 1, error in norm = 0 (0*epsilon)
MAB binning in use
Bottleneck bin occupancy may not be accurately reported
Waiting for segments to complete...
Iteration completed successfully
Iteration wallclock: 0:08:48.740414, cputime: 0:56:08.413414


Tue Oct 18 18:30:33 2022
Iteration 16 (500 requested)
Beginning iteration 16
40 segments remain in iteration 16 (40 total)
5 of 32 (15.625000%) active bins are populated
per-bin minimum non-zero probability:       2.84217e-14
per-bin maximum probability:                0.890625
per-bin probability dynamic range (kT):     31.0758
per-segment minimum non-zero probability:   3.55271e-15
per-segment maximum non-zero probability:   0.181152
per-segment probability dynamic range (kT): 31.5626
norm = 1, error in norm = 0 (0*epsilon)
MAB binning in use
Bottleneck bin occupancy may not be accurately reported
Waiting for segments to complete...
Iteration completed successfully
Iteration wallclock: 0:08:44.896618, cputime: 0:58:16.335834


Tue Oct 18 18:39:18 2022
Iteration 17 (500 requested)
Beginning iteration 17
40 segments remain in iteration 17 (40 total)
5 of 32 (15.625000%) active bins are populated
per-bin minimum non-zero probability:       3.55271e-15
per-bin maximum probability:                0.782991
per-bin probability dynamic range (kT):     33.0264
per-segment minimum non-zero probability:   4.44089e-16
per-segment maximum non-zero probability:   0.125
per-segment probability dynamic range (kT): 33.2711
norm = 1, error in norm = 0 (0*epsilon)
MAB binning in use
Bottleneck bin occupancy may not be accurately reported
Waiting for segments to complete...
Iteration completed successfully
Iteration wallclock: 0:08:50.912511, cputime: 0:57:40.101397


Tue Oct 18 18:48:09 2022
Iteration 18 (500 requested)
Beginning iteration 18
40 segments remain in iteration 18 (40 total)
5 of 32 (15.625000%) active bins are populated
per-bin minimum non-zero probability:       4.44089e-16
per-bin maximum probability:                0.892366
per-bin probability dynamic range (kT):     35.2366
per-segment minimum non-zero probability:   5.55112e-17
per-segment maximum non-zero probability:   0.181152
per-segment probability dynamic range (kT): 35.7215
norm = 1, error in norm = 0 (0*epsilon)
MAB binning in use
Bottleneck bin occupancy may not be accurately reported
Waiting for segments to complete...
Iteration completed successfully
Iteration wallclock: 0:08:47.116861, cputime: 0:55:18.326519


Tue Oct 18 18:56:56 2022
Iteration 19 (500 requested)
Beginning iteration 19
40 segments remain in iteration 19 (40 total)
5 of 32 (15.625000%) active bins are populated
per-bin minimum non-zero probability:       5.55112e-17
per-bin maximum probability:                0.879242
per-bin probability dynamic range (kT):     37.3013
per-segment minimum non-zero probability:   6.93889e-18
per-segment maximum non-zero probability:   0.181152
per-segment probability dynamic range (kT): 37.801
norm = 1, error in norm = 0 (0*epsilon)
MAB binning in use
Bottleneck bin occupancy may not be accurately reported
Waiting for segments to complete...
Iteration completed successfully
Iteration wallclock: 0:08:47.513282, cputime: 0:55:18.852785


Tue Oct 18 19:05:44 2022
Iteration 20 (500 requested)
Beginning iteration 20
32 segments remain in iteration 20 (32 total)
4 of 32 (12.500000%) active bins are populated
per-bin minimum non-zero probability:       6.93889e-18
per-bin maximum probability:                0.818637
per-bin probability dynamic range (kT):     39.3093
per-segment minimum non-zero probability:   8.67362e-19
per-segment maximum non-zero probability:   0.125
per-segment probability dynamic range (kT): 39.5094
norm = 1, error in norm = 0 (0*epsilon)
MAB binning in use
Bottleneck bin occupancy may not be accurately reported
Waiting for segments to complete...
Iteration completed successfully
Iteration wallclock: 0:07:02.171125, cputime: 0:45:20.357276


Tue Oct 18 19:12:46 2022
Iteration 21 (500 requested)
Beginning iteration 21
40 segments remain in iteration 21 (40 total)
5 of 32 (15.625000%) active bins are populated
per-bin minimum non-zero probability:       8.67362e-19
per-bin maximum probability:                0.999947
per-bin probability dynamic range (kT):     41.5888
per-segment minimum non-zero probability:   1.0842e-19
per-segment maximum non-zero probability:   0.173885
per-segment probability dynamic range (kT): 41.9189
norm = 1, error in norm = 0 (0*epsilon)
MAB binning in use
Bottleneck bin occupancy may not be accurately reported
Waiting for segments to complete...
Iteration completed successfully
Iteration wallclock: 0:08:48.681170, cputime: 0:55:09.725612


Tue Oct 18 19:21:35 2022
Iteration 22 (500 requested)
Beginning iteration 22
40 segments remain in iteration 22 (40 total)
5 of 32 (15.625000%) active bins are populated
per-bin minimum non-zero probability:       1.0842e-19
per-bin maximum probability:                0.999993
per-bin probability dynamic range (kT):     43.6683
per-segment minimum non-zero probability:   1.35525e-20
per-segment maximum non-zero probability:   0.173885
per-segment probability dynamic range (kT): 43.9984
norm = 1, error in norm = 0 (0*epsilon)
MAB binning in use
Bottleneck bin occupancy may not be accurately reported
Waiting for segments to complete...
Iteration completed successfully
Iteration wallclock: 0:08:48.102457, cputime: 0:56:30.406223


Tue Oct 18 19:30:23 2022
Iteration 23 (500 requested)
Beginning iteration 23
40 segments remain in iteration 23 (40 total)
5 of 32 (15.625000%) active bins are populated
per-bin minimum non-zero probability:       1.35525e-20
per-bin maximum probability:                0.999999
per-bin probability dynamic range (kT):     45.7477
per-segment minimum non-zero probability:   1.69407e-21
per-segment maximum non-zero probability:   0.173885
per-segment probability dynamic range (kT): 46.0778
norm = 1, error in norm = 0 (0*epsilon)
MAB binning in use
Bottleneck bin occupancy may not be accurately reported
Waiting for segments to complete...
Iteration completed successfully
Iteration wallclock: 0:08:46.924296, cputime: 0:58:16.183953


Tue Oct 18 19:39:10 2022
Iteration 24 (500 requested)
Beginning iteration 24
40 segments remain in iteration 24 (40 total)
5 of 32 (15.625000%) active bins are populated
per-bin minimum non-zero probability:       1.69407e-21
per-bin maximum probability:                1
per-bin probability dynamic range (kT):     47.8272
per-segment minimum non-zero probability:   2.11758e-22
per-segment maximum non-zero probability:   0.173885
per-segment probability dynamic range (kT): 48.1572
norm = 1, error in norm = 0 (0*epsilon)
MAB binning in use
Bottleneck bin occupancy may not be accurately reported
Waiting for segments to complete...
Iteration completed successfully
Iteration wallclock: 0:08:53.226263, cputime: 0:55:18.560978


Tue Oct 18 19:48:03 2022
Iteration 25 (500 requested)
Beginning iteration 25
40 segments remain in iteration 25 (40 total)
5 of 32 (15.625000%) active bins are populated
per-bin minimum non-zero probability:       2.11758e-22
per-bin maximum probability:                1
per-bin probability dynamic range (kT):     49.9066
per-segment minimum non-zero probability:   2.64698e-23
per-segment maximum non-zero probability:   0.173885
per-segment probability dynamic range (kT): 50.2367
norm = 1, error in norm = 0 (0*epsilon)
MAB binning in use
Bottleneck bin occupancy may not be accurately reported
Waiting for segments to complete...
Iteration completed successfully
Iteration wallclock: 0:08:44.740304, cputime: 0:58:52.925173


Tue Oct 18 19:56:48 2022
Iteration 26 (500 requested)
Beginning iteration 26
40 segments remain in iteration 26 (40 total)
5 of 32 (15.625000%) active bins are populated
per-bin minimum non-zero probability:       2.64698e-23
per-bin maximum probability:                1
per-bin probability dynamic range (kT):     51.986
per-segment minimum non-zero probability:   3.30872e-24
per-segment maximum non-zero probability:   0.173885
per-segment probability dynamic range (kT): 52.3161
norm = 1, error in norm = 0 (0*epsilon)
MAB binning in use
Bottleneck bin occupancy may not be accurately reported
Waiting for segments to complete...
Iteration completed successfully
Iteration wallclock: 0:08:46.607097, cputime: 0:56:26.215790


Tue Oct 18 20:05:34 2022
Iteration 27 (500 requested)
Beginning iteration 27
40 segments remain in iteration 27 (40 total)
5 of 32 (15.625000%) active bins are populated
per-bin minimum non-zero probability:       3.30872e-24
per-bin maximum probability:                0.8761
per-bin probability dynamic range (kT):     53.9332
per-segment minimum non-zero probability:   4.1359e-25
per-segment maximum non-zero probability:   0.125
per-segment probability dynamic range (kT): 54.0655
norm = 1, error in norm = 0 (0*epsilon)
MAB binning in use
Bottleneck bin occupancy may not be accurately reported
Waiting for segments to complete...
Iteration completed successfully
Iteration wallclock: 0:08:43.568793, cputime: 0:56:10.183343


Tue Oct 18 20:14:18 2022
Iteration 28 (500 requested)
Beginning iteration 28
40 segments remain in iteration 28 (40 total)
5 of 32 (15.625000%) active bins are populated
per-bin minimum non-zero probability:       4.1359e-25
per-bin maximum probability:                0.984512
per-bin probability dynamic range (kT):     56.1293
per-segment minimum non-zero probability:   5.16988e-26
per-segment maximum non-zero probability:   0.173885
per-segment probability dynamic range (kT): 56.475
norm = 1, error in norm = 0 (0*epsilon)
MAB binning in use
Bottleneck bin occupancy may not be accurately reported
Waiting for segments to complete...
Iteration completed successfully
Iteration wallclock: 0:09:05.278932, cputime: 0:53:17.569946


Tue Oct 18 20:23:23 2022
Iteration 29 (500 requested)
Beginning iteration 29
40 segments remain in iteration 29 (40 total)
5 of 32 (15.625000%) active bins are populated
per-bin minimum non-zero probability:       5.16988e-26
per-bin maximum probability:                0.998064
per-bin probability dynamic range (kT):     58.2224
per-segment minimum non-zero probability:   6.46235e-27
per-segment maximum non-zero probability:   0.173885
per-segment probability dynamic range (kT): 58.5544
norm = 1, error in norm = 0 (0*epsilon)
MAB binning in use
Bottleneck bin occupancy may not be accurately reported
Waiting for segments to complete...
Iteration completed successfully
Iteration wallclock: 0:08:50.427916, cputime: 0:53:03.963027


Tue Oct 18 20:32:14 2022
Iteration 30 (500 requested)
Beginning iteration 30
40 segments remain in iteration 30 (40 total)
5 of 32 (15.625000%) active bins are populated
per-bin minimum non-zero probability:       6.46235e-27
per-bin maximum probability:                0.999758
per-bin probability dynamic range (kT):     60.3036
per-segment minimum non-zero probability:   8.07794e-28
per-segment maximum non-zero probability:   0.173885
per-segment probability dynamic range (kT): 60.6339
norm = 1, error in norm = 0 (0*epsilon)
MAB binning in use
Bottleneck bin occupancy may not be accurately reported
Waiting for segments to complete...
Iteration completed successfully
Iteration wallclock: 0:08:47.360168, cputime: 0:56:10.777125


Tue Oct 18 20:41:01 2022
Iteration 31 (500 requested)
Beginning iteration 31
40 segments remain in iteration 31 (40 total)
5 of 32 (15.625000%) active bins are populated
per-bin minimum non-zero probability:       8.07794e-28
per-bin maximum probability:                0.889362
per-bin probability dynamic range (kT):     62.266
per-segment minimum non-zero probability:   1.00974e-28
per-segment maximum non-zero probability:   0.173885
per-segment probability dynamic range (kT): 62.7133
norm = 1, error in norm = -1.11022e-16 (-0.5*epsilon)
MAB binning in use
Bottleneck bin occupancy may not be accurately reported
Waiting for segments to complete...
Iteration completed successfully
Iteration wallclock: 0:08:43.803552, cputime: 0:56:44.753081


Tue Oct 18 20:49:45 2022
Iteration 32 (500 requested)
Beginning iteration 32
40 segments remain in iteration 32 (40 total)
5 of 32 (15.625000%) active bins are populated
per-bin minimum non-zero probability:       1.00974e-28
per-bin maximum probability:                0.826111
per-bin probability dynamic range (kT):     64.2717
per-segment minimum non-zero probability:   1.26218e-29
per-segment maximum non-zero probability:   0.173885
per-segment probability dynamic range (kT): 64.7928
norm = 1, error in norm = 0 (0*epsilon)
MAB binning in use
Bottleneck bin occupancy may not be accurately reported
Waiting for segments to complete...
Iteration completed successfully
Iteration wallclock: 0:08:41.773468, cputime: 0:57:31.085005


Tue Oct 18 20:58:26 2022
Iteration 33 (500 requested)
Beginning iteration 33
40 segments remain in iteration 33 (40 total)
5 of 32 (15.625000%) active bins are populated
per-bin minimum non-zero probability:       1.26218e-29
per-bin maximum probability:                0.878035
per-bin probability dynamic range (kT):     66.4121
per-segment minimum non-zero probability:   1.57772e-30
per-segment maximum non-zero probability:   0.125
per-segment probability dynamic range (kT): 66.5421
norm = 1, error in norm = -1.11022e-16 (-0.5*epsilon)
MAB binning in use
Bottleneck bin occupancy may not be accurately reported
Waiting for segments to complete...
Iteration completed successfully
Iteration wallclock: 0:08:45.410842, cputime: 0:58:12.668421


Tue Oct 18 21:07:12 2022
Iteration 34 (500 requested)
Beginning iteration 34
40 segments remain in iteration 34 (40 total)
5 of 32 (15.625000%) active bins are populated
per-bin minimum non-zero probability:       1.57772e-30
per-bin maximum probability:                0.913058
per-bin probability dynamic range (kT):     68.5306
per-segment minimum non-zero probability:   1.97215e-31
per-segment maximum non-zero probability:   0.125
per-segment probability dynamic range (kT): 68.6216
norm = 1, error in norm = 0 (0*epsilon)
MAB binning in use
Bottleneck bin occupancy may not be accurately reported
Waiting for segments to complete...
Iteration completed successfully
Iteration wallclock: 0:08:43.004115, cputime: 0:57:41.510963


Tue Oct 18 21:15:55 2022
Iteration 35 (500 requested)
Beginning iteration 35
40 segments remain in iteration 35 (40 total)
5 of 32 (15.625000%) active bins are populated
per-bin minimum non-zero probability:       1.97215e-31
per-bin maximum probability:                0.989132
per-bin probability dynamic range (kT):     70.6901
per-segment minimum non-zero probability:   2.46519e-32
per-segment maximum non-zero probability:   0.178263
per-segment probability dynamic range (kT): 71.056
norm = 1, error in norm = 0 (0*epsilon)
MAB binning in use
Bottleneck bin occupancy may not be accurately reported
Waiting for segments to complete...
Iteration completed successfully
Iteration wallclock: 0:08:42.975079, cputime: 0:58:59.799815


Tue Oct 18 21:24:38 2022
Iteration 36 (500 requested)
Beginning iteration 36
32 segments remain in iteration 36 (32 total)
4 of 32 (12.500000%) active bins are populated
per-bin minimum non-zero probability:       2.46519e-32
per-bin maximum probability:                0.998642
per-bin probability dynamic range (kT):     72.7791
per-segment minimum non-zero probability:   3.08149e-33
per-segment maximum non-zero probability:   0.178263
per-segment probability dynamic range (kT): 73.1354
norm = 1, error in norm = 0 (0*epsilon)
MAB binning in use
Bottleneck bin occupancy may not be accurately reported
Waiting for segments to complete...
Iteration completed successfully
Iteration wallclock: 0:07:00.380957, cputime: 0:46:59.375484


Tue Oct 18 21:31:38 2022
Iteration 37 (500 requested)
Beginning iteration 37
40 segments remain in iteration 37 (40 total)
5 of 32 (15.625000%) active bins are populated
per-bin minimum non-zero probability:       3.08149e-33
per-bin maximum probability:                0.99966
per-bin probability dynamic range (kT):     74.8596
per-segment minimum non-zero probability:   3.85186e-34
per-segment maximum non-zero probability:   0.178263
per-segment probability dynamic range (kT): 75.2148
norm = 1, error in norm = 0 (0*epsilon)
MAB binning in use
Bottleneck bin occupancy may not be accurately reported
Waiting for segments to complete...
Iteration completed successfully
Iteration wallclock: 0:08:49.622884, cputime: 0:57:53.246846


Tue Oct 18 21:40:28 2022
Iteration 38 (500 requested)
Beginning iteration 38
40 segments remain in iteration 38 (40 total)
5 of 32 (15.625000%) active bins are populated
per-bin minimum non-zero probability:       3.85186e-34
per-bin maximum probability:                0.999958
per-bin probability dynamic range (kT):     76.9393
per-segment minimum non-zero probability:   4.81482e-35
per-segment maximum non-zero probability:   0.178263
per-segment probability dynamic range (kT): 77.2943
norm = 1, error in norm = 0 (0*epsilon)
MAB binning in use
Bottleneck bin occupancy may not be accurately reported
Waiting for segments to complete...
Iteration completed successfully
Iteration wallclock: 0:08:46.155563, cputime: 0:56:46.110942


Tue Oct 18 21:49:14 2022
Iteration 39 (500 requested)
Beginning iteration 39
40 segments remain in iteration 39 (40 total)
5 of 32 (15.625000%) active bins are populated
per-bin minimum non-zero probability:       4.81482e-35
per-bin maximum probability:                0.999995
per-bin probability dynamic range (kT):     79.0188
per-segment minimum non-zero probability:   6.01853e-36
per-segment maximum non-zero probability:   0.178263
per-segment probability dynamic range (kT): 79.3737
norm = 1, error in norm = -1.11022e-16 (-0.5*epsilon)
MAB binning in use
Bottleneck bin occupancy may not be accurately reported
Waiting for segments to complete...
Iteration completed successfully
Iteration wallclock: 0:08:45.355713, cputime: 0:57:39.838441


Tue Oct 18 21:57:59 2022
Iteration 40 (500 requested)
Beginning iteration 40
40 segments remain in iteration 40 (40 total)
5 of 32 (15.625000%) active bins are populated
per-bin minimum non-zero probability:       6.01853e-36
per-bin maximum probability:                0.999999
per-bin probability dynamic range (kT):     81.0982
per-segment minimum non-zero probability:   7.52316e-37
per-segment maximum non-zero probability:   0.178263
per-segment probability dynamic range (kT): 81.4532
norm = 1, error in norm = 0 (0*epsilon)
MAB binning in use
Bottleneck bin occupancy may not be accurately reported
Waiting for segments to complete...
Iteration completed successfully
Iteration wallclock: 0:08:55.130323, cputime: 0:56:04.084531


Tue Oct 18 22:06:55 2022
Iteration 41 (500 requested)
Beginning iteration 41
40 segments remain in iteration 41 (40 total)
5 of 32 (15.625000%) active bins are populated
per-bin minimum non-zero probability:       7.52316e-37
per-bin maximum probability:                1
per-bin probability dynamic range (kT):     83.1777
per-segment minimum non-zero probability:   9.40395e-38
per-segment maximum non-zero probability:   0.178263
per-segment probability dynamic range (kT): 83.5326
norm = 1, error in norm = 0 (0*epsilon)
MAB binning in use
Bottleneck bin occupancy may not be accurately reported
Waiting for segments to complete...
Iteration completed successfully
Iteration wallclock: 0:08:46.819669, cputime: 0:56:57.103336


Tue Oct 18 22:15:41 2022
Iteration 42 (500 requested)
Beginning iteration 42
40 segments remain in iteration 42 (40 total)
5 of 32 (15.625000%) active bins are populated
per-bin minimum non-zero probability:       9.40395e-38
per-bin maximum probability:                1
per-bin probability dynamic range (kT):     85.2571
per-segment minimum non-zero probability:   1.17549e-38
per-segment maximum non-zero probability:   0.178263
per-segment probability dynamic range (kT): 85.612
norm = 1, error in norm = 0 (0*epsilon)
MAB binning in use
Bottleneck bin occupancy may not be accurately reported
Waiting for segments to complete...
Iteration completed successfully
Iteration wallclock: 0:08:49.774384, cputime: 0:55:07.570823


Tue Oct 18 22:24:31 2022
Iteration 43 (500 requested)
Beginning iteration 43
40 segments remain in iteration 43 (40 total)
5 of 32 (15.625000%) active bins are populated
per-bin minimum non-zero probability:       1.17549e-38
per-bin maximum probability:                1
per-bin probability dynamic range (kT):     87.3365
per-segment minimum non-zero probability:   1.46937e-39
per-segment maximum non-zero probability:   0.178263
per-segment probability dynamic range (kT): 87.6915
norm = 1, error in norm = 0 (0*epsilon)
MAB binning in use
Bottleneck bin occupancy may not be accurately reported
Waiting for segments to complete...
Iteration completed successfully
Iteration wallclock: 0:08:49.058234, cputime: 0:56:37.565314


Tue Oct 18 22:33:20 2022
Iteration 44 (500 requested)
Beginning iteration 44
40 segments remain in iteration 44 (40 total)
5 of 32 (15.625000%) active bins are populated
per-bin minimum non-zero probability:       1.46937e-39
per-bin maximum probability:                1
per-bin probability dynamic range (kT):     89.416
per-segment minimum non-zero probability:   1.83671e-40
per-segment maximum non-zero probability:   0.178263
per-segment probability dynamic range (kT): 89.7709
norm = 1, error in norm = 0 (0*epsilon)
MAB binning in use
Bottleneck bin occupancy may not be accurately reported
Waiting for segments to complete...
Iteration completed successfully
Iteration wallclock: 0:08:47.017112, cputime: 0:56:56.250970


Tue Oct 18 22:42:07 2022
Iteration 45 (500 requested)
Beginning iteration 45
40 segments remain in iteration 45 (40 total)
5 of 32 (15.625000%) active bins are populated
per-bin minimum non-zero probability:       1.83671e-40
per-bin maximum probability:                1
per-bin probability dynamic range (kT):     91.4954
per-segment minimum non-zero probability:   2.29589e-41
per-segment maximum non-zero probability:   0.178263
per-segment probability dynamic range (kT): 91.8504
norm = 1, error in norm = 0 (0*epsilon)
MAB binning in use
Bottleneck bin occupancy may not be accurately reported
Waiting for segments to complete...
exception caught; shutting down
-- ERROR    [w_run] -- error message: coordinate value -1.354099988937378 is out of bin space in dimension 1
-- ERROR    [w_run] -- Traceback (most recent call last):
  File "/ihome/lchong/dty7/Apps/westpa/src/westpa/cli/core/w_run.py", line 62, in run_simulation
    sim_manager.run()
  File "/ihome/lchong/dty7/Apps/westpa/src/westpa/core/sim_manager.py", line 750, in run
    self.propagate()
  File "/ihome/lchong/dty7/Apps/westpa/src/westpa/core/binning/mab_manager.py", line 78, in propagate
    self.we_driver.assign(self.segments.values())
  File "/ihome/lchong/dty7/Apps/westpa/src/westpa/core/binning/mab_driver.py", line 25, in assign
    assignments = self.bin_mapper.assign(all_pcoords)
  File "/ihome/lchong/dty7/Apps/westpa/src/westpa/core/binning/assign.py", line 427, in assign
    self.base_mapper.assign(coords, mask, output)
  File "/ihome/lchong/dty7/Apps/westpa/src/westpa/core/binning/assign.py", line 175, in assign
    rectilinear_assign(coords, mask, output, self.boundaries, self._boundlens)
  File "src/westpa/core/binning/_assign.pyx", line 28, in westpa.core.binning._assign.rectilinear_assign
  File "src/westpa/core/binning/_assign.pyx", line 81, in westpa.core.binning._assign.rectilinear_assign
ValueError: coordinate value -1.354099988937378 is out of bin space in dimension 1

