Updating system with the options from the configuration file
Maximum wallclock time: 3 days, 0:00:00

Tue May 23 18:55:43 2023
Iteration 1 (500 requested)
Beginning iteration 1
4 segments remain in iteration 1 (4 total)
1 of 22 (4.545455%) active bins are populated
per-bin minimum non-zero probability:       1
per-bin maximum probability:                1
per-bin probability dynamic range (kT):     0
per-segment minimum non-zero probability:   0.25
per-segment maximum non-zero probability:   0.25
per-segment probability dynamic range (kT): 0
norm = 1, error in norm = 0 (0*epsilon)
MAB binning in use
Bottleneck bin occupancy may not be accurately reported
Waiting for segments to complete...
Iteration completed successfully
Iteration wallclock: 0:02:40.780362, cputime: 0:02:44.810483


Tue May 23 18:58:23 2023
Iteration 2 (500 requested)
Beginning iteration 2
16 segments remain in iteration 2 (16 total)
4 of 22 (18.181818%) active bins are populated
per-bin minimum non-zero probability:       0.25
per-bin maximum probability:                0.25
per-bin probability dynamic range (kT):     0
per-segment minimum non-zero probability:   0.0625
per-segment maximum non-zero probability:   0.0625
per-segment probability dynamic range (kT): 0
norm = 1, error in norm = 0 (0*epsilon)
MAB binning in use
Bottleneck bin occupancy may not be accurately reported
Waiting for segments to complete...
Iteration completed successfully
Iteration wallclock: 0:02:11.306342, cputime: 0:10:59.573873


Tue May 23 19:00:35 2023
Iteration 3 (500 requested)
Beginning iteration 3
48 segments remain in iteration 3 (48 total)
12 of 22 (54.545455%) active bins are populated
per-bin minimum non-zero probability:       0.0625
per-bin maximum probability:                0.1875
per-bin probability dynamic range (kT):     1.09861
per-segment minimum non-zero probability:   0.015625
per-segment maximum non-zero probability:   0.0625
per-segment probability dynamic range (kT): 1.38629
norm = 1, error in norm = 0 (0*epsilon)
MAB binning in use
Bottleneck bin occupancy may not be accurately reported
Waiting for segments to complete...
Iteration completed successfully
Iteration wallclock: 0:06:07.057711, cputime: 0:33:01.056941


Tue May 23 19:06:42 2023
Iteration 4 (500 requested)
Beginning iteration 4
64 segments remain in iteration 4 (64 total)
16 of 22 (72.727273%) active bins are populated
per-bin minimum non-zero probability:       0.015625
per-bin maximum probability:                0.25
per-bin probability dynamic range (kT):     2.77259
per-segment minimum non-zero probability:   0.00390625
per-segment maximum non-zero probability:   0.109375
per-segment probability dynamic range (kT): 3.3322
norm = 1, error in norm = 0 (0*epsilon)
MAB binning in use
Bottleneck bin occupancy may not be accurately reported
Waiting for segments to complete...
Iteration completed successfully
Iteration wallclock: 0:08:06.643892, cputime: 0:44:01.191114


Tue May 23 19:14:48 2023
Iteration 5 (500 requested)
Beginning iteration 5
84 segments remain in iteration 5 (84 total)
20 of 22 (90.909091%) active bins are populated
per-bin minimum non-zero probability:       0.00390625
per-bin maximum probability:                0.277344
per-bin probability dynamic range (kT):     4.26268
per-segment minimum non-zero probability:   0.000976562
per-segment maximum non-zero probability:   0.109375
per-segment probability dynamic range (kT): 4.7185
norm = 1, error in norm = 0 (0*epsilon)
MAB binning in use
Bottleneck bin occupancy may not be accurately reported
Waiting for segments to complete...
Iteration completed successfully
Iteration wallclock: 0:10:46.027758, cputime: 0:57:47.354387


Tue May 23 19:25:34 2023
Iteration 6 (500 requested)
Beginning iteration 6
64 segments remain in iteration 6 (64 total)
16 of 22 (72.727273%) active bins are populated
per-bin minimum non-zero probability:       0.00195312
per-bin maximum probability:                0.265625
per-bin probability dynamic range (kT):     4.91265
per-segment minimum non-zero probability:   0.000488281
per-segment maximum non-zero probability:   0.0898438
per-segment probability dynamic range (kT): 5.21494
norm = 1, error in norm = -1.11022e-16 (-0.5*epsilon)
MAB binning in use
Bottleneck bin occupancy may not be accurately reported
Waiting for segments to complete...
Iteration completed successfully
Iteration wallclock: 0:08:11.568643, cputime: 0:44:11.923341


Tue May 23 19:33:46 2023
Iteration 7 (500 requested)
Beginning iteration 7
68 segments remain in iteration 7 (68 total)
16 of 22 (72.727273%) active bins are populated
per-bin minimum non-zero probability:       0.000488281
per-bin maximum probability:                0.244954
per-bin probability dynamic range (kT):     6.21794
per-segment minimum non-zero probability:   0.00012207
per-segment maximum non-zero probability:   0.0664062
per-segment probability dynamic range (kT): 6.29895
norm = 1, error in norm = -1.11022e-16 (-0.5*epsilon)
MAB binning in use
Bottleneck bin occupancy may not be accurately reported
Waiting for segments to complete...
Iteration completed successfully
Iteration wallclock: 0:08:56.034114, cputime: 0:46:51.670253


Tue May 23 19:42:42 2023
Iteration 8 (500 requested)
Beginning iteration 8
72 segments remain in iteration 8 (72 total)
18 of 22 (81.818182%) active bins are populated
per-bin minimum non-zero probability:       0.00488281
per-bin maximum probability:                0.23112
per-bin probability dynamic range (kT):     3.85721
per-segment minimum non-zero probability:   0.00012207
per-segment maximum non-zero probability:   0.0690104
per-segment probability dynamic range (kT): 6.33742
norm = 1, error in norm = -1.11022e-16 (-0.5*epsilon)
MAB binning in use
Bottleneck bin occupancy may not be accurately reported
Waiting for segments to complete...
Iteration completed successfully
Iteration wallclock: 0:09:05.461127, cputime: 0:49:33.558909


Tue May 23 19:51:48 2023
Iteration 9 (500 requested)
Beginning iteration 9
76 segments remain in iteration 9 (76 total)
19 of 22 (86.363636%) active bins are populated
per-bin minimum non-zero probability:       0.00130208
per-bin maximum probability:                0.231269
per-bin probability dynamic range (kT):     5.17962
per-segment minimum non-zero probability:   0.000325521
per-segment maximum non-zero probability:   0.0664062
per-segment probability dynamic range (kT): 5.31812
norm = 1, error in norm = 2.22045e-16 (1*epsilon)
MAB binning in use
Bottleneck bin occupancy may not be accurately reported
Waiting for segments to complete...
Iteration completed successfully
Iteration wallclock: 0:09:56.187520, cputime: 0:52:24.566838


Tue May 23 20:01:44 2023
Iteration 10 (500 requested)
Beginning iteration 10
84 segments remain in iteration 10 (84 total)
21 of 22 (95.454545%) active bins are populated
per-bin minimum non-zero probability:       0.00317383
per-bin maximum probability:                0.181966
per-bin probability dynamic range (kT):     4.04888
per-segment minimum non-zero probability:   0.000630697
per-segment maximum non-zero probability:   0.0702718
per-segment probability dynamic range (kT): 4.7133
norm = 1, error in norm = 0 (0*epsilon)
MAB binning in use
Bottleneck bin occupancy may not be accurately reported
Waiting for segments to complete...
exception caught; shutting down
-- ERROR    [w_run] -- error message: work manager shut down during task
