
          -------------------------------------------------------
          Amber 18 PMEMD                              2018
          -------------------------------------------------------

| PMEMD implementation of SANDER, Release 18

| Run on 07/22/2022 at 13:33:04

|   Executable path: pmemd.MPI
| Working directory: /ix/lchong/dty7/hiv1_capsid/we/unbinding/2kod/std-prep
|          Hostname: smp-n161

  [-O]verwriting output

File Assignments:
|   MDIN: 03_eq1.in                                                             
|  MDOUT: 03_eq1.out                                                            
| INPCRD: 02_min.rst                                                            
|   PARM: 2kod_m01_solv.prmtop                                                  
| RESTRT: 03_eq1.rst                                                            
|   REFC: 02_min.rst                                                            
|  MDVEL: mdvel                                                                 
|   MDEN: mden                                                                  
|  MDCRD: mdcrd                                                                 
| MDINFO: mdinfo                                                                
|LOGFILE: logfile                                                               
|  MDFRC: mdfrc                                                                 

 
 Here is the input file:
 
20 ps solute restrained NVT equilibration using Langevin thermostat            
&cntrl                                                                         
  irest     = 0,                                                               
  ntx       = 1,                                                               
  ig        = -1,                                                              
  dt        = 0.002,                                                           
  nstlim    = 10000,                                                           
  nscm      = 500,                                                             
  ntr       = 1,                                                               
  restraint_wt  = 1.0,                                                         
  restraintmask = '!:WAT & !@H',                                               
  ntb       = 1,                                                               
  ntp       = 0,                                                               
  ntt       = 3,                                                               
  tempi     = 298.0,                                                           
  temp0     = 298.0,                                                           
  gamma_ln  = 1.0,                                                             
  ntf       = 2,                                                               
  ntc       = 2,                                                               
  cut       = 10.0,                                                            
  ntpr      = 500,                                                             
  ntxo      = 2,                                                               
  ntwr      = 10000,                                                           
  ioutfm    = 1,                                                               
  ntwx      = 500,                                                             
  iwrap     = 1,                                                               
&end                                                                           


Note: ig = -1. Setting random seed to    52076 based on wallclock time in
      microseconds and disabling the synchronization of random numbers 
      between tasks to improve performance.
| irandom = 1, using AMBER's internal random number generator (default).
 
 
| Conditional Compilation Defines Used:
| MPI
| FFTW_FFT
| BINTRAJ
| MKL
| EMIL
 
| Largest sphere to fit in unit cell has radius =    41.648

| New format PARM file being parsed.
| Version =    1.000 Date = 07/22/22 Time = 13:25:05

| Note: 1-4 EEL scale factors are being read from the topology file.

| Note: 1-4 VDW scale factors are being read from the topology file.
| Duplicated    0 dihedrals

| Duplicated    0 dihedrals

--------------------------------------------------------------------------------
   1.  RESOURCE   USE: 
--------------------------------------------------------------------------------

 getting box info from netcdf restart file
 NATOM  =   74705 NTYPES =      18 NBONH =   73329 MBONA  =    1400
 NTHETH =    3162 MTHETA =    1894 NPHIH =    6040 MPHIA  =    6476
 NHPARM =       0 NPARM  =       0 NNB   =  111178 NRES   =   24159
 NBONA  =    1400 NTHETA =    1894 NPHIA =    6476 NUMBND =      86
 NUMANG =     201 NPTRA  =     423 NATYP =      44 NPHB   =       0
 IFBOX  =       2 NMXRS  =      24 IFCAP =       0 NEXTRA =       0
 NCOPY  =       0

| Coordinate Index Table dimensions:    15   15   15
| Direct force subcell size =     6.8010    6.8010    6.8010

     BOX TYPE: TRUNCATED OCTAHEDRON

--------------------------------------------------------------------------------
   2.  CONTROL  DATA  FOR  THE  RUN
--------------------------------------------------------------------------------

default_name                                                                    

General flags:
     imin    =       0, nmropt  =       0

Nature and format of input:
     ntx     =       1, irest   =       0, ntrx    =       1

Nature and format of output:
     ntxo    =       2, ntpr    =     500, ntrx    =       1, ntwr    =   10000
     iwrap   =       1, ntwx    =     500, ntwv    =       0, ntwe    =       0
     ioutfm  =       1, ntwprt  =       0, idecomp =       0, rbornstat=      0

Potential function:
     ntf     =       2, ntb     =       1, igb     =       0, nsnb    =      25
     ipol    =       0, gbsa    =       0, iesp    =       0
     dielc   =   1.00000, cut     =  10.00000, intdiel =   1.00000

Frozen or restrained atoms:
     ibelly  =       0, ntr     =       1
     restraint_wt =   1.00000

Molecular dynamics:
     nstlim  =     10000, nscm    =         0, nrespa  =         1
     t       =   0.00000, dt      =   0.00200, vlimit  =  20.00000

Langevin dynamics temperature regulation:
     ig      =   52076
     temp0   = 298.00000, tempi   = 298.00000, gamma_ln=   1.00000

SHAKE:
     ntc     =       2, jfastw  =       0
     tol     =   0.00001

| Intermolecular bonds treatment:
|     no_intermolecular_bonds =       1

| Energy averages sample interval:
|     ene_avg_sampling =     500

Ewald parameters:
     verbose =       0, ew_type =       0, nbflag  =       1, use_pme =       1
     vdwmeth =       1, eedmeth =       1, netfrc  =       1
     Box X =  102.016   Box Y =  102.016   Box Z =  102.016
     Alpha =  109.471   Beta  =  109.471   Gamma =  109.471
     NFFT1 =  108       NFFT2 =  108       NFFT3 =  108
     Cutoff=   10.000   Tol   =0.100E-04
     Ewald Coefficient =  0.27511
     Interpolation order =    4

| PMEMD ewald parallel performance parameters:
|     block_fft =    0
|     fft_blk_y_divisor =    2
|     excl_recip =    0
|     excl_master =    0
|     atm_redist_freq =  320

    LOADING THE CONSTRAINED ATOMS AS GROUPS


   5.  REFERENCE ATOM COORDINATES

  default_name                                                                    
     Mask !:WAT & !@H; matches  2600 atoms

--------------------------------------------------------------------------------
   3.  ATOMIC COORDINATES AND VELOCITIES
--------------------------------------------------------------------------------

default_name                                                                    
 begin time read from input coords =     0.000 ps

 
 Number of triangulated 3-point waters found:    23981

     Sum of charges from parm topology file =  -0.00002624
     Forcing neutrality...

| Dynamic Memory, Types Used:
| Reals            12385804
| Integers          2814583

| Nonbonded Pairs Initial Allocation:     3658676

| Running AMBER/MPI version on   16 MPI task

 
--------------------------------------------------------------------------------
   4.  RESULTS
--------------------------------------------------------------------------------

 ---------------------------------------------------
 APPROXIMATING switch and d/dx switch using CUBIC SPLINE INTERPOLATION
 using   5000.0 points per unit in tabled values
 TESTING RELATIVE ERROR over r ranging from 0.0 to cutoff
| CHECK switch(x): max rel err =   0.2738E-14   at   2.422500
| CHECK d/dx switch(x): max rel err =   0.8314E-11   at   2.736960
 ---------------------------------------------------
|---------------------------------------------------
| APPROXIMATING direct energy using CUBIC SPLINE INTERPOLATION
|  with   50.0 points per unit in tabled values
| Relative Error Limit not exceeded for r .gt.   2.33
| APPROXIMATING direct force using CUBIC SPLINE INTERPOLATION
|  with   50.0 points per unit in tabled values
| Relative Error Limit not exceeded for r .gt.   2.80
|---------------------------------------------------

 NSTEP =        0   TIME(PS) =       0.000  TEMP(K) =   443.38  PRESS =     0.0
 Etot   =   -320660.5562  EKtot   =     66426.7170  EPtot      =   -387087.2733
 BOND   =       141.1180  ANGLE   =       537.0907  DIHED      =     -1600.8903
 1-4 NB =       571.1305  1-4 EEL =     10636.1160  VDWAALS    =     81596.3314
 EELEC  =   -478968.1695  EHBOND  =         0.0000  RESTRAINT  =         0.0000
 Ewald error estimate:   0.1683E-03
 ------------------------------------------------------------------------------


 NSTEP =      500   TIME(PS) =       1.000  TEMP(K) =   243.32  PRESS =     0.0
 Etot   =   -248647.4512  EKtot   =     36454.9376  EPtot      =   -285102.3888
 BOND   =       501.0807  ANGLE   =      1336.9291  DIHED      =     -1407.5281
 1-4 NB =       645.8705  1-4 EEL =     10634.1506  VDWAALS    =     52560.9855
 EELEC  =   -349543.8541  EHBOND  =         0.0000  RESTRAINT  =       169.9769
 EAMBER (non-restraint)  =   -285272.3657
 Ewald error estimate:   0.9432E-04
 ------------------------------------------------------------------------------


 NSTEP =     1000   TIME(PS) =       2.000  TEMP(K) =   275.24  PRESS =     0.0
 Etot   =   -237539.5902  EKtot   =     41236.0220  EPtot      =   -278775.6122
 BOND   =       563.1489  ANGLE   =      1517.7194  DIHED      =     -1396.4325
 1-4 NB =       637.7681  1-4 EEL =     10588.8811  VDWAALS    =     50068.5319
 EELEC  =   -340948.1516  EHBOND  =         0.0000  RESTRAINT  =       192.9225
 EAMBER (non-restraint)  =   -278968.5347
 Ewald error estimate:   0.4191E-04
 ------------------------------------------------------------------------------


 NSTEP =     1500   TIME(PS) =       3.000  TEMP(K) =   288.25  PRESS =     0.0
 Etot   =   -232322.6747  EKtot   =     43186.3342  EPtot      =   -275509.0088
 BOND   =       569.0301  ANGLE   =      1540.1983  DIHED      =     -1409.0240
 1-4 NB =       644.2641  1-4 EEL =     10645.1041  VDWAALS    =     48685.1484
 EELEC  =   -336405.2473  EHBOND  =         0.0000  RESTRAINT  =       221.5175
 EAMBER (non-restraint)  =   -275730.5263
 Ewald error estimate:   0.4792E-04
 ------------------------------------------------------------------------------


 NSTEP =     2000   TIME(PS) =       4.000  TEMP(K) =   292.37  PRESS =     0.0
 Etot   =   -230137.9312  EKtot   =     43803.2729  EPtot      =   -273941.2041
 BOND   =       536.1268  ANGLE   =      1558.0445  DIHED      =     -1387.7075
 1-4 NB =       648.5737  1-4 EEL =     10645.3628  VDWAALS    =     47882.8308
 EELEC  =   -334034.4333  EHBOND  =         0.0000  RESTRAINT  =       209.9980
 EAMBER (non-restraint)  =   -274151.2021
 Ewald error estimate:   0.6141E-04
 ------------------------------------------------------------------------------


 NSTEP =     2500   TIME(PS) =       5.000  TEMP(K) =   295.75  PRESS =     0.0
 Etot   =   -228751.2428  EKtot   =     44308.7101  EPtot      =   -273059.9529
 BOND   =       581.5472  ANGLE   =      1550.1167  DIHED      =     -1392.8504
 1-4 NB =       673.5358  1-4 EEL =     10565.3243  VDWAALS    =     47248.4487
 EELEC  =   -332509.1000  EHBOND  =         0.0000  RESTRAINT  =       223.0248
 EAMBER (non-restraint)  =   -273282.9778
 Ewald error estimate:   0.3664E-04
 ------------------------------------------------------------------------------


 NSTEP =     3000   TIME(PS) =       6.000  TEMP(K) =   297.82  PRESS =     0.0
 Etot   =   -227648.4491  EKtot   =     44618.7644  EPtot      =   -272267.2136
 BOND   =       551.5290  ANGLE   =      1561.3990  DIHED      =     -1405.8149
 1-4 NB =       638.2389  1-4 EEL =     10572.3997  VDWAALS    =     46800.2483
 EELEC  =   -331191.5962  EHBOND  =         0.0000  RESTRAINT  =       206.3826
 EAMBER (non-restraint)  =   -272473.5962
 Ewald error estimate:   0.1117E-04
 ------------------------------------------------------------------------------


 NSTEP =     3500   TIME(PS) =       7.000  TEMP(K) =   297.28  PRESS =     0.0
 Etot   =   -227170.4410  EKtot   =     44538.5026  EPtot      =   -271708.9436
 BOND   =       542.8898  ANGLE   =      1570.8769  DIHED      =     -1421.7030
 1-4 NB =       670.9624  1-4 EEL =     10671.0375  VDWAALS    =     46743.1483
 EELEC  =   -330701.8246  EHBOND  =         0.0000  RESTRAINT  =       215.6691
 EAMBER (non-restraint)  =   -271924.6126
 Ewald error estimate:   0.5472E-04
 ------------------------------------------------------------------------------


 NSTEP =     4000   TIME(PS) =       8.000  TEMP(K) =   297.32  PRESS =     0.0
 Etot   =   -226807.3046  EKtot   =     44544.4559  EPtot      =   -271351.7605
 BOND   =       559.4691  ANGLE   =      1603.6884  DIHED      =     -1388.2099
 1-4 NB =       643.8089  1-4 EEL =     10598.0461  VDWAALS    =     46657.4226
 EELEC  =   -330266.3315  EHBOND  =         0.0000  RESTRAINT  =       240.3458
 EAMBER (non-restraint)  =   -271592.1064
 Ewald error estimate:   0.1148E-04
 ------------------------------------------------------------------------------


 NSTEP =     4500   TIME(PS) =       9.000  TEMP(K) =   299.60  PRESS =     0.0
 Etot   =   -226632.0472  EKtot   =     44886.6091  EPtot      =   -271518.6563
 BOND   =       549.4363  ANGLE   =      1425.8067  DIHED      =     -1395.0192
 1-4 NB =       667.6954  1-4 EEL =     10688.7686  VDWAALS    =     46672.1195
 EELEC  =   -330355.5286  EHBOND  =         0.0000  RESTRAINT  =       228.0651
 EAMBER (non-restraint)  =   -271746.7214
 Ewald error estimate:   0.6144E-04
 ------------------------------------------------------------------------------


 NSTEP =     5000   TIME(PS) =      10.000  TEMP(K) =   297.40  PRESS =     0.0
 Etot   =   -226810.4118  EKtot   =     44557.1471  EPtot      =   -271367.5589
 BOND   =       584.5127  ANGLE   =      1568.6884  DIHED      =     -1419.1637
 1-4 NB =       644.5148  1-4 EEL =     10605.6914  VDWAALS    =     46675.0017
 EELEC  =   -330245.5179  EHBOND  =         0.0000  RESTRAINT  =       218.7136
 EAMBER (non-restraint)  =   -271586.2725
 Ewald error estimate:   0.8175E-05
 ------------------------------------------------------------------------------


 NSTEP =     5500   TIME(PS) =      11.000  TEMP(K) =   298.26  PRESS =     0.0
 Etot   =   -226836.7374  EKtot   =     44685.3675  EPtot      =   -271522.1049
 BOND   =       568.7355  ANGLE   =      1542.8311  DIHED      =     -1379.2943
 1-4 NB =       651.4948  1-4 EEL =     10634.7373  VDWAALS    =     46421.9115
 EELEC  =   -330174.7157  EHBOND  =         0.0000  RESTRAINT  =       212.1948
 EAMBER (non-restraint)  =   -271734.2997
 Ewald error estimate:   0.2761E-04
 ------------------------------------------------------------------------------


 NSTEP =     6000   TIME(PS) =      12.000  TEMP(K) =   297.82  PRESS =     0.0
 Etot   =   -226856.7613  EKtot   =     44619.0383  EPtot      =   -271475.7996
 BOND   =       591.8715  ANGLE   =      1558.0325  DIHED      =     -1418.2753
 1-4 NB =       647.3996  1-4 EEL =     10613.8809  VDWAALS    =     46424.6212
 EELEC  =   -330089.1944  EHBOND  =         0.0000  RESTRAINT  =       195.8644
 EAMBER (non-restraint)  =   -271671.6640
 Ewald error estimate:   0.5844E-04
 ------------------------------------------------------------------------------


 NSTEP =     6500   TIME(PS) =      13.000  TEMP(K) =   297.68  PRESS =     0.0
 Etot   =   -226599.3223  EKtot   =     44599.0346  EPtot      =   -271198.3569
 BOND   =       621.3135  ANGLE   =      1567.5465  DIHED      =     -1376.1593
 1-4 NB =       668.8094  1-4 EEL =     10574.4445  VDWAALS    =     46720.8981
 EELEC  =   -330182.8442  EHBOND  =         0.0000  RESTRAINT  =       207.6345
 EAMBER (non-restraint)  =   -271405.9915
 Ewald error estimate:   0.3896E-04
 ------------------------------------------------------------------------------


 NSTEP =     7000   TIME(PS) =      14.000  TEMP(K) =   297.90  PRESS =     0.0
 Etot   =   -226823.9713  EKtot   =     44631.7358  EPtot      =   -271455.7072
 BOND   =       564.4742  ANGLE   =      1506.9674  DIHED      =     -1391.8944
 1-4 NB =       664.6209  1-4 EEL =     10632.0134  VDWAALS    =     46357.0692
 EELEC  =   -330006.6632  EHBOND  =         0.0000  RESTRAINT  =       217.7053
 EAMBER (non-restraint)  =   -271673.4124
 Ewald error estimate:   0.6589E-04
 ------------------------------------------------------------------------------


 NSTEP =     7500   TIME(PS) =      15.000  TEMP(K) =   298.82  PRESS =     0.0
 Etot   =   -226745.3800  EKtot   =     44769.2443  EPtot      =   -271514.6243
 BOND   =       529.9895  ANGLE   =      1594.9440  DIHED      =     -1398.8471
 1-4 NB =       669.4472  1-4 EEL =     10634.0105  VDWAALS    =     46298.9501
 EELEC  =   -330062.0808  EHBOND  =         0.0000  RESTRAINT  =       218.9624
 EAMBER (non-restraint)  =   -271733.5868
 Ewald error estimate:   0.6751E-04
 ------------------------------------------------------------------------------


 NSTEP =     8000   TIME(PS) =      16.000  TEMP(K) =   298.06  PRESS =     0.0
 Etot   =   -226611.4224  EKtot   =     44655.2734  EPtot      =   -271266.6958
 BOND   =       562.9278  ANGLE   =      1565.6849  DIHED      =     -1395.4547
 1-4 NB =       655.3534  1-4 EEL =     10559.1162  VDWAALS    =     46547.4484
 EELEC  =   -330007.2312  EHBOND  =         0.0000  RESTRAINT  =       245.4594
 EAMBER (non-restraint)  =   -271512.1551
 Ewald error estimate:   0.7552E-04
 ------------------------------------------------------------------------------


 NSTEP =     8500   TIME(PS) =      17.000  TEMP(K) =   298.74  PRESS =     0.0
 Etot   =   -226437.6877  EKtot   =     44757.8647  EPtot      =   -271195.5524
 BOND   =       571.5134  ANGLE   =      1611.3631  DIHED      =     -1422.3063
 1-4 NB =       660.4317  1-4 EEL =     10617.1945  VDWAALS    =     46607.5320
 EELEC  =   -330072.5914  EHBOND  =         0.0000  RESTRAINT  =       231.3107
 EAMBER (non-restraint)  =   -271426.8630
 Ewald error estimate:   0.2502E-04
 ------------------------------------------------------------------------------


 NSTEP =     9000   TIME(PS) =      18.000  TEMP(K) =   297.90  PRESS =     0.0
 Etot   =   -226670.8217  EKtot   =     44631.3859  EPtot      =   -271302.2076
 BOND   =       566.1995  ANGLE   =      1554.2502  DIHED      =     -1383.2358
 1-4 NB =       664.6483  1-4 EEL =     10641.4117  VDWAALS    =     46889.2803
 EELEC  =   -330444.9743  EHBOND  =         0.0000  RESTRAINT  =       210.2125
 EAMBER (non-restraint)  =   -271512.4201
 Ewald error estimate:   0.1002E-03
 ------------------------------------------------------------------------------


 NSTEP =     9500   TIME(PS) =      19.000  TEMP(K) =   298.74  PRESS =     0.0
 Etot   =   -226703.6831  EKtot   =     44756.9963  EPtot      =   -271460.6793
 BOND   =       556.2861  ANGLE   =      1606.1624  DIHED      =     -1390.3731
 1-4 NB =       660.6171  1-4 EEL =     10624.8775  VDWAALS    =     46600.2176
 EELEC  =   -330341.8726  EHBOND  =         0.0000  RESTRAINT  =       223.4056
 EAMBER (non-restraint)  =   -271684.0850
 Ewald error estimate:   0.2238E-04
 ------------------------------------------------------------------------------


 NSTEP =    10000   TIME(PS) =      20.000  TEMP(K) =   298.69  PRESS =     0.0
 Etot   =   -226631.9625  EKtot   =     44750.2257  EPtot      =   -271382.1883
 BOND   =       534.8445  ANGLE   =      1595.0642  DIHED      =     -1405.8762
 1-4 NB =       650.6912  1-4 EEL =     10594.9767  VDWAALS    =     46166.8058
 EELEC  =   -329738.8276  EHBOND  =         0.0000  RESTRAINT  =       220.1331
 EAMBER (non-restraint)  =   -271602.3213
 Ewald error estimate:   0.4082E-04
 ------------------------------------------------------------------------------


      A V E R A G E S   O V E R      20 S T E P S


 NSTEP =    10000   TIME(PS) =      20.000  TEMP(K) =   293.35  PRESS =     0.0
 Etot   =   -228969.2647  EKtot   =     43949.5461  EPtot      =   -272918.8108
 BOND   =       560.3463  ANGLE   =      1546.8157  DIHED      =     -1399.2585
 1-4 NB =       655.4373  1-4 EEL =     10617.0715  VDWAALS    =     47251.4310
 EELEC  =   -332366.1290  EHBOND  =         0.0000  RESTRAINT  =       215.4749
 EAMBER (non-restraint)  =   -273134.2857
 Ewald error estimate:   0.4757E-04
 ------------------------------------------------------------------------------


      R M S  F L U C T U A T I O N S


 NSTEP =    10000   TIME(PS) =      20.000  TEMP(K) =    12.67  PRESS =     0.0
 Etot   =      5220.8223  EKtot   =      1898.9384  EPtot      =      3340.1509
 BOND   =        24.7692  ANGLE   =        62.9010  DIHED      =        13.6062
 1-4 NB =        11.2773  1-4 EEL =        33.9412  VDWAALS    =      1517.6694
 EELEC  =      4775.3882  EHBOND  =         0.0000  RESTRAINT  =        16.2919
 EAMBER (non-restraint)  =      3323.8590
 Ewald error estimate:   0.2550E-04
 ------------------------------------------------------------------------------

--------------------------------------------------------------------------------
   5.  TIMINGS
--------------------------------------------------------------------------------

|  NonSetup CPU Time in Major Routines, Average for All Tasks:
|
|     Routine           Sec        %
|     ------------------------------
|     DataDistrib      17.03    7.03
|     Nonbond         213.29   88.04
|     Bond              0.03    0.01
|     Angle             0.24    0.10
|     Dihedral          1.05    0.43
|     Shake             1.42    0.58
|     RunMD             9.19    3.79
|     Other             0.01    0.01
|     ------------------------------
|     Total           242.25

|  PME Nonbond Pairlist CPU Time, Average for All Tasks:
|
|     Routine              Sec        %
|     ---------------------------------
|     Set Up Cit           1.41    0.58
|     Build List          26.59   10.97
|     ---------------------------------
|     Total               28.00   11.56

|  PME Direct Force CPU Time, Average for All Tasks:
|
|     Routine              Sec        %
|     ---------------------------------
|     NonBonded Calc     153.72   63.46
|     Exclude Masked       2.32    0.96
|     Other                4.29    1.77
|     ---------------------------------
|     Total              160.33   66.19

|  PME Reciprocal Force CPU Time, Average for All Tasks:
|
|     Routine              Sec        %
|     ---------------------------------
|     1D bspline           2.14    0.88
|     Grid Charges         2.81    1.16
|     Scalar Sum           1.37    0.57
|     Gradient Sum         3.65    1.51
|     FFT                 14.92    6.16
|     ---------------------------------
|     Total               24.89   10.27

|  PME Load Balancing CPU Time, Average for All Tasks:
|
|     Routine                 Sec        %
|     ------------------------------------
|     Atom Reassign           0.01    0.00
|     Image Reassign          0.00    0.00
|     FFT Reassign            0.01    0.00
|     ------------------------------------
|     Total                   0.02    0.01

|  Final Performance Info:
|     -----------------------------------------------------
|     Average timings for last       1 steps:
|     Elapsed(s) =       0.00 Per Step(ms) =       4.27
|         ns/day =      40.47   seconds/ns =    2135.01
|
|     Average timings for all steps:
|     Elapsed(s) =     242.30 Per Step(ms) =      24.23
|         ns/day =       7.13   seconds/ns =   12114.98
|     -----------------------------------------------------

|  Master Setup CPU time:            0.24 seconds
|  Master NonSetup CPU time:       242.16 seconds
|  Master Total CPU time:          242.40 seconds     0.07 hours

|  Master Setup wall time:           0    seconds
|  Master NonSetup wall time:      243    seconds
|  Master Total wall time:         243    seconds     0.07 hours
