Updating system with the options from the configuration file
Maximum wallclock time: 4:00:00

Wed Aug 24 16:41:58 2022
Iteration 1 (3 requested)
Beginning iteration 1
5 segments remain in iteration 1 (5 total)
1 of 32 (3.125000%) active bins are populated
per-bin minimum non-zero probability:       1
per-bin maximum probability:                1
per-bin probability dynamic range (kT):     0
per-segment minimum non-zero probability:   0.2
per-segment maximum non-zero probability:   0.2
per-segment probability dynamic range (kT): 0
norm = 1, error in norm = 0 (0*epsilon)
MAB binning in use
Bottleneck bin occupancy may not be accurately reported
Waiting for segments to complete...
Iteration completed successfully
Iteration wallclock: 0:11:13.693229, cputime: 0:19:38.490258


Wed Aug 24 16:53:12 2022
Iteration 2 (3 requested)
Beginning iteration 2
15 segments remain in iteration 2 (15 total)
3 of 32 (9.375000%) active bins are populated
per-bin minimum non-zero probability:       0.2
per-bin maximum probability:                0.6
per-bin probability dynamic range (kT):     1.09861
per-segment minimum non-zero probability:   0.04
per-segment maximum non-zero probability:   0.2
per-segment probability dynamic range (kT): 1.60944
norm = 1, error in norm = -1.11022e-16 (-0.5*epsilon)
MAB binning in use
Bottleneck bin occupancy may not be accurately reported
Waiting for segments to complete...
Iteration completed successfully
Iteration wallclock: 0:25:23.618685, cputime: 0:58:59.309311


Wed Aug 24 17:18:35 2022
Iteration 3 (3 requested)
Beginning iteration 3
25 segments remain in iteration 3 (25 total)
3 of 32 (9.375000%) active bins are populated
per-bin minimum non-zero probability:       0.04
per-bin maximum probability:                0.92
per-bin probability dynamic range (kT):     3.13549
per-segment minimum non-zero probability:   0.008
per-segment maximum non-zero probability:   0.18
per-segment probability dynamic range (kT): 3.11352
norm = 1, error in norm = 0 (0*epsilon)
MAB binning in use
Bottleneck bin occupancy may not be accurately reported
Waiting for segments to complete...
Iteration completed successfully
Iteration wallclock: 0:41:35.258758, cputime: 1:38:01.943236


Wed Aug 24 18:00:10 2022
WEST run complete.
