
CPPTRAJ: Trajectory Analysis. V4.14.0 (AmberTools V19.11) MPI
    ___  ___  ___  ___
     | \/ | \/ | \/ | 
    _|_/\_|_/\_|_/\_|_

| Running on 8 processes.
| Date/time: 08/10/22 13:03:17
| Available memory: 192.079 GB

INPUT: Reading input from 'C0C1.cpp'
  [parm ../2kod_m01_dry.prmtop]
	Reading '../2kod_m01_dry.prmtop' as Amber Topology
	Radius Set: modified Bondi radii (mbondi)
  [trajin ../06_prod_dry_10i.nc 1 last 1]
	Reading '../06_prod_dry_10i.nc' as Amber NetCDF
  [reference /ix/lchong/dty7/hiv1_capsid/we/ctd-unbinding/1a43/std-prep/1a43_solv3.pdb :* name [xtal]]
	Reading '/ix/lchong/dty7/hiv1_capsid/we/ctd-unbinding/1a43/std-prep/1a43_solv3.pdb' as PDB
	Read CRYST1 info from PDB: a=102.016 b=102.016 c=102.016 alpha=109.47 beta=109.47 gamma=109.47
Warning: Low precision truncated octahedron angles detected (109.47 vs 109.471).
Warning:   If desired, the 'box' command can be used during processing
Warning:   to set higher-precision angles.
Warning: PDB 1a43_solv3.pdb: Reading frame 28, got 185 atoms, expected 2760.
Warning: Only using frames 1-27
Warning: Reference has 27 frames, only reading frame 1
	Read CRYST1 info from PDB: a=102.016 b=102.016 c=102.016 alpha=109.47 beta=109.47 gamma=109.47
	Stripped ref parm: 2760 atoms, 176 res, box: Trunc. Oct., 2 mol
	Setting active reference for distance-based masks: '1a43_solv3.pdb'
  [reference /ix/lchong/dty7/hiv1_capsid/we/ctd-unbinding/2kod/std-prep/2kod_m01_solv.pdb :* name [nmr]]
	Reading '/ix/lchong/dty7/hiv1_capsid/we/ctd-unbinding/2kod/std-prep/2kod_m01_solv.pdb' as PDB
	Read CRYST1 info from PDB: a=102.016 b=102.016 c=102.016 alpha=109.47 beta=109.47 gamma=109.47
Warning: Low precision truncated octahedron angles detected (109.47 vs 109.471).
Warning:   If desired, the 'box' command can be used during processing
Warning:   to set higher-precision angles.
Warning: PDB line length is short (67 chars, expected 80).
Warning: PDB 2kod_m01_solv.pdb: Reading frame 28, got 185 atoms, expected 2760.
Warning: Only using frames 1-27
Warning: Reference has 27 frames, only reading frame 1
	Read CRYST1 info from PDB: a=102.016 b=102.016 c=102.016 alpha=109.47 beta=109.47 gamma=109.47
	Stripped ref parm: 2760 atoms, 176 res, box: Trunc. Oct., 2 mol
  [reference /ix/lchong/dty7/hiv1_capsid/we/ctd-unbinding/2kod/std-prep/2kod_m01_solv.pdb :* name [REF]]
	Reading '/ix/lchong/dty7/hiv1_capsid/we/ctd-unbinding/2kod/std-prep/2kod_m01_solv.pdb' as PDB
	Read CRYST1 info from PDB: a=102.016 b=102.016 c=102.016 alpha=109.47 beta=109.47 gamma=109.47
Warning: Low precision truncated octahedron angles detected (109.47 vs 109.471).
Warning:   If desired, the 'box' command can be used during processing
Warning:   to set higher-precision angles.
Warning: PDB line length is short (67 chars, expected 80).
Warning: PDB 2kod_m01_solv.pdb: Reading frame 28, got 185 atoms, expected 2760.
Warning: Only using frames 1-27
Warning: Reference has 27 frames, only reading frame 1
	Read CRYST1 info from PDB: a=102.016 b=102.016 c=102.016 alpha=109.47 beta=109.47 gamma=109.47
	Stripped ref parm: 2760 atoms, 176 res, box: Trunc. Oct., 2 mol
  [rms NMR_RMS_FIT :6-75,94-163&!@H= ref [nmr]]
    RMSD: (:6-75,94-163&!@H*), reference is "[nmr]:1" (:6-75,94-163&!@H*).
	Best-fit RMSD will be calculated, coords will be rotated and translated.
  [vector M1 :1-75@CA,C,O,N :39@CA,C,O,N]
    VECTOR: Type Mask, mask [:1-75@CA,C,O,N], second mask [:39@CA,C,O,N]
  [vector M2 :89-163@CA,C,O,N :127@CA,C,O,N]
    VECTOR: Type Mask, mask [:89-163@CA,C,O,N], second mask [:127@CA,C,O,N]
  [vectormath vec1 M1 vec2 M2 out c2_angle.dat name C2_Angle dotangle]
    VECTORMATH: Calculating Angle from dot product of vectors M1 and M2
	Vectors will be normalized.
	Results are written to c2_angle.dat
  [angle helix_angle :43@N :38,126@N :131@N out angle_3pt.dat mass]
    ANGLE: [:43@N]-[:38,126@N]-[:131@N]
	Using center of mass of atoms in masks.
  [distance M1-E175-Oe_M2-W184-He1 :32@OE1,OE2 :129@HE1 out dist_M1-E175_M2-W184.dat]
    DISTANCE: :32@OE1,OE2 to :129@HE1, center of mass.
  [distance M2-E175-Oe_M1-W184-He1 :120@OE1,OE2 :41@HE1 out dist_M2-E175_M1-W184.dat]
    DISTANCE: :120@OE1,OE2 to :41@HE1, center of mass.
  [distance M1-E175-Oe_M1-T148-HG1 :32@OE1,OE2 :5@HG1 out dist_M1-E175_M1-T148.dat]
    DISTANCE: :32@OE1,OE2 to :5@HG1, center of mass.
  [distance M2-E175-Oe_M2-T148-HG1 :120@OE1,OE2 :93@HG1 out dist_M2-E175_M2-T148.dat]
    DISTANCE: :120@OE1,OE2 to :93@HG1, center of mass.
  [distance M1-M2-COM :6-75&!@H= :94-163&!@H= out dist_M1-M2_COM.dat]
    DISTANCE: :6-75&!@H* to :94-163&!@H*, center of mass.
  [distance M1-M2-L46 :46@N :134@N out dist_M1-M2_L46.dat]
    DISTANCE: :46@N to :134@N, center of mass.
  [radgyr rog-cut-nomw :6-75,94-163&!@H= out rog.dat]
    RADGYR: Calculating for atoms in mask :6-75,94-163&!@H*.
  [radgyr rog-all-mw :1-176 out rog-all-mw.dat mass]
    RADGYR: Calculating for atoms in mask :1-176 using mass weighting.
  [run]
---------- RUN BEGIN -------------------------------------------------

PARAMETER FILES (1 total):
 0: 2kod_m01_dry.prmtop, 2760 atoms, 176 res, box: Trunc. Oct., 2 mol

INPUT TRAJECTORIES (1 total):
 0: '06_prod_dry_10i.nc' is a NetCDF AMBER trajectory with coordinates, time, box, Parm 2kod_m01_dry.prmtop (Trunc. Oct. box) (reading 20000 of 20000)
  Coordinate processing will occur on 20000 frames.

REFERENCE FRAMES (3 total):
    0: [xtal]:1
    1: [nmr]:1
    2: [REF]:1
	Active reference frame for distance-based masks is '[xtal]:1'

PARALLEL INFO:
  Process 0 will handle 2500 frames.
  Process 1 will handle 2500 frames.
  Process 2 will handle 2500 frames.
  Process 3 will handle 2500 frames.
  Process 4 will handle 2500 frames.
  Process 5 will handle 2500 frames.
  Process 6 will handle 2500 frames.
  Process 7 will handle 2500 frames.
.....................................................
ACTION SETUP FOR PARM '2kod_m01_dry.prmtop' (12 actions):
  0: [rms NMR_RMS_FIT :6-75,94-163&!@H= ref [nmr]]
	Target mask: [:6-75,94-163&!@H*](1114)
	Reference mask: [:6-75,94-163&!@H*](1114)
Warning: Coordinates are being rotated and box coordinates are present.
Warning: Unit cell vectors are NOT rotated; imaging will not be possible
Warning:  after the RMS-fit is performed.
  1: [vector M1 :1-75@CA,C,O,N :39@CA,C,O,N]
	Mask [:1-75@CA,C,O,N] corresponds to 300 atoms.
	Mask [:39@CA,C,O,N] corresponds to 4 atoms.
  2: [vector M2 :89-163@CA,C,O,N :127@CA,C,O,N]
	Mask [:89-163@CA,C,O,N] corresponds to 300 atoms.
	Mask [:127@CA,C,O,N] corresponds to 4 atoms.
  3: [angle helix_angle :43@N :38,126@N :131@N out angle_3pt.dat mass]
	 [:43@N](1) [:38,126@N](2) [:131@N](1)
  4: [distance M1-E175-Oe_M2-W184-He1 :32@OE1,OE2 :129@HE1 out dist_M1-E175_M2-W184.dat]
	:32@OE1,OE2 (2 atoms) to :129@HE1 (1 atoms), imaged.
  5: [distance M2-E175-Oe_M1-W184-He1 :120@OE1,OE2 :41@HE1 out dist_M2-E175_M1-W184.dat]
	:120@OE1,OE2 (2 atoms) to :41@HE1 (1 atoms), imaged.
  6: [distance M1-E175-Oe_M1-T148-HG1 :32@OE1,OE2 :5@HG1 out dist_M1-E175_M1-T148.dat]
	:32@OE1,OE2 (2 atoms) to :5@HG1 (1 atoms), imaged.
  7: [distance M2-E175-Oe_M2-T148-HG1 :120@OE1,OE2 :93@HG1 out dist_M2-E175_M2-T148.dat]
	:120@OE1,OE2 (2 atoms) to :93@HG1 (1 atoms), imaged.
  8: [distance M1-M2-COM :6-75&!@H= :94-163&!@H= out dist_M1-M2_COM.dat]
	:6-75&!@H* (557 atoms) to :94-163&!@H* (557 atoms), imaged.
  9: [distance M1-M2-L46 :46@N :134@N out dist_M1-M2_L46.dat]
	:46@N (1 atoms) to :134@N (1 atoms), imaged.
  10: [radgyr rog-cut-nomw :6-75,94-163&!@H= out rog.dat]
	:6-75,94-163&!@H* (1114 atoms).
  11: [radgyr rog-all-mw :1-176 out rog-all-mw.dat mass]
	:1-176 (2760 atoms).

BEGIN PARALLEL TRAJECTORY PROCESSING:
 0% 10% 20% 30% 40% 50% 60% 70% 80% 90% 100% Complete.
TIME: Rank 0 throughput= 19660.1159 frames / second.
TIME: Rank 1 throughput= 19764.0958 frames / second.
TIME: Rank 2 throughput= 19791.7904 frames / second.
TIME: Rank 3 throughput= 19918.0968 frames / second.
TIME: Rank 4 throughput= 19723.2434 frames / second.
TIME: Rank 5 throughput= 19803.5488 frames / second.
TIME: Rank 6 throughput= 19820.6626 frames / second.
TIME: Rank 7 throughput= 19769.0969 frames / second.
TIME: Avg. throughput= 157273.5065 frames / second.

ACTION OUTPUT:
Warning: Analysis does not currently use multiple MPI processes.

ANALYSIS: Performing 1 analyses:
  0: [vectormath vec1 M1 vec2 M2 out c2_angle.dat name C2_Angle dotangle]
	'M1' size 20000, 'M2' size 20000, output size 20000

TIME: Analyses took 0.0006 seconds.

DATASETS (15 total):
	NMR_RMS_FIT "NMR_RMS_FIT" (double, rms), size is 20000 (160.000 kB)
	M1 "M1" (vector, vector), size is 20000 (960.004 kB)
	M2 "M2" (vector, vector), size is 20000 (960.004 kB)
	C2_Angle "C2_Angle" (double), size is 20000 (160.000 kB)
	helix_angle "helix_angle" (double, angle), size is 20000 (160.000 kB)
	M1-E175-Oe_M2-W184-He1 "M1-E175-Oe_M2-W184-He1" (double, distance), size is 20000 (160.000 kB)
	M2-E175-Oe_M1-W184-He1 "M2-E175-Oe_M1-W184-He1" (double, distance), size is 20000 (160.000 kB)
	M1-E175-Oe_M1-T148-HG1 "M1-E175-Oe_M1-T148-HG1" (double, distance), size is 20000 (160.000 kB)
	M2-E175-Oe_M2-T148-HG1 "M2-E175-Oe_M2-T148-HG1" (double, distance), size is 20000 (160.000 kB)
	M1-M2-COM "M1-M2-COM" (double, distance), size is 20000 (160.000 kB)
	M1-M2-L46 "M1-M2-L46" (double, distance), size is 20000 (160.000 kB)
	rog-cut-nomw "rog-cut-nomw" (double), size is 20000 (160.000 kB)
	rog-cut-nomw[Max] "rog-cut-nomw[Max]" (double), size is 20000 (160.000 kB)
	rog-all-mw "rog-all-mw" (double), size is 20000 (160.000 kB)
	rog-all-mw[Max] "rog-all-mw[Max]" (double), size is 20000 (160.000 kB)
    Total data set memory usage is at least 4.000 MB

DATAFILES (10 total):
  c2_angle.dat (Standard Data File):  C2_Angle
  angle_3pt.dat (Standard Data File):  helix_angle
  dist_M1-E175_M2-W184.dat (Standard Data File):  M1-E175-Oe_M2-W184-He1
  dist_M2-E175_M1-W184.dat (Standard Data File):  M2-E175-Oe_M1-W184-He1
  dist_M1-E175_M1-T148.dat (Standard Data File):  M1-E175-Oe_M1-T148-HG1
  dist_M2-E175_M2-T148.dat (Standard Data File):  M2-E175-Oe_M2-T148-HG1
  dist_M1-M2_COM.dat (Standard Data File):  M1-M2-COM
  dist_M1-M2_L46.dat (Standard Data File):  M1-M2-L46
  rog.dat (Standard Data File):  rog-cut-nomw rog-cut-nomw[Max]
  rog-all-mw.dat (Standard Data File):  rog-all-mw rog-all-mw[Max]

RUN TIMING:
TIME:		Init               : 0.0018 s (  0.47%)
TIME:		Trajectory Process : 0.1272 s ( 33.15%)
TIME:		Data Set Sync      : 0.0373 s (  9.74%)
TIME:		Action Post        : 0.0000 s (  0.00%)
TIME:		Analysis           : 0.0006 s (  0.16%)
TIME:		Data File Write    : 0.2165 s ( 56.43%)
TIME:		Other              : 0.0002 s (  0.00%)
TIME:	Run Total 0.3836 s
---------- RUN END ---------------------------------------------------
  [quit]
TIME: Total execution time: 0.4510 seconds.
--------------------------------------------------------------------------------
To cite CPPTRAJ use:
Daniel R. Roe and Thomas E. Cheatham, III, "PTRAJ and CPPTRAJ: Software for
  Processing and Analysis of Molecular Dynamics Trajectory Data". J. Chem.
  Theory Comput., 2013, 9 (7), pp 3084-3095.
Daniel R. Roe and Thomas E. Cheatham, III, "Parallelization of CPPTRAJ enables
  large scale analysis of molecular dynamics trajectory data". J. Comp.
  Chem., 2018, DOI: 10.1002/jcc25382.

