+ cd /ix/lchong/dty7/hiv1_capsid/ctd-unbinding/2kod/we/2d_v04
+ source env.sh
++ module purge
+++ /ihome/crc/install/lmod/lmod/libexec/lmod bash purge
++ eval 'LMOD_DEFAULT_MODULEPATH="/ihome/crc/modules/Core";' export 'LMOD_DEFAULT_MODULEPATH;' 'MODULEPATH="/ihome/crc/modules/Core";' export 'MODULEPATH;' 'LMOD_DEFAULT_MODULEPATH="/ihome/crc/modules/Core";' export 'LMOD_DEFAULT_MODULEPATH;' 'MODULEPATH="/ihome/crc/modules/Core";' export 'MODULEPATH;' '_ModuleTable001_="X01vZHVsZVRhYmxlXz17WyJhY3RpdmVTaXplIl09MCxiYXNlTXBhdGhBPXsiL2lob21lL2NyYy9tb2R1bGVzL0NvcmUiLH0sWyJjX3JlYnVpbGRUaW1lIl09ZmFsc2UsWyJjX3Nob3J0VGltZSJdPWZhbHNlLGZhbWlseT17fSxpbmFjdGl2ZT17fSxtVD17fSxtcGF0aEE9eyIvaWhvbWUvY3JjL21vZHVsZXMvQ29yZSIsfSxbInN5c3RlbUJhc2VNUEFUSCJdPSIvaWhvbWUvY3JjL21vZHVsZXMvQ29yZSIsWyJ2ZXJzaW9uIl09Mix9";' export '_ModuleTable001_;' '_ModuleTable_Sz_="1";' export '_ModuleTable_Sz_;'
+++ LMOD_DEFAULT_MODULEPATH=/ihome/crc/modules/Core
+++ export LMOD_DEFAULT_MODULEPATH
+++ MODULEPATH=/ihome/crc/modules/Core
+++ export MODULEPATH
+++ LMOD_DEFAULT_MODULEPATH=/ihome/crc/modules/Core
+++ export LMOD_DEFAULT_MODULEPATH
+++ MODULEPATH=/ihome/crc/modules/Core
+++ export MODULEPATH
+++ _ModuleTable001_=X01vZHVsZVRhYmxlXz17WyJhY3RpdmVTaXplIl09MCxiYXNlTXBhdGhBPXsiL2lob21lL2NyYy9tb2R1bGVzL0NvcmUiLH0sWyJjX3JlYnVpbGRUaW1lIl09ZmFsc2UsWyJjX3Nob3J0VGltZSJdPWZhbHNlLGZhbWlseT17fSxpbmFjdGl2ZT17fSxtVD17fSxtcGF0aEE9eyIvaWhvbWUvY3JjL21vZHVsZXMvQ29yZSIsfSxbInN5c3RlbUJhc2VNUEFUSCJdPSIvaWhvbWUvY3JjL21vZHVsZXMvQ29yZSIsWyJ2ZXJzaW9uIl09Mix9
+++ export _ModuleTable001_
+++ _ModuleTable_Sz_=1
+++ export _ModuleTable_Sz_
++ '[' 0 = 0 ']'
+++ : -s sh
++ eval
++ module load gcc/8.2.0
+++ /ihome/crc/install/lmod/lmod/libexec/lmod bash load gcc/8.2.0
++ eval 'LMOD_DEFAULT_MODULEPATH="/ihome/crc/modules/Core";' export 'LMOD_DEFAULT_MODULEPATH;' 'MODULEPATH="/ihome/crc/modules/Core";' export 'MODULEPATH;' 'CPATH="/ihome/crc/install/gcc/8.2.0/include";' export 'CPATH;' 'GCC_ROOT="/ihome/crc/install/gcc/8.2.0";' export 'GCC_ROOT;' 'INCLUDE_PATH="/ihome/crc/install/gcc/8.2.0/include";' export 'INCLUDE_PATH;' 'LD_LIBRARY_PATH="/ihome/crc/install/gcc/8.2.0/lib/gcc/x86_64-pc-linux-gnu/8.2.0:/ihome/crc/install/gcc/8.2.0/lib64";' export 'LD_LIBRARY_PATH;' 'LD_RUN_PATH="/ihome/crc/install/gcc/8.2.0/lib64";' export 'LD_RUN_PATH;' 'LIBPATH="/ihome/crc/install/gcc/8.2.0/lib/gcc/x86_64-pc-linux-gnu/8.2.0";' export 'LIBPATH;' 'LIBRARY_PATH="/ihome/crc/install/gcc/8.2.0/lib/gcc/x86_64-pc-linux-gnu/8.2.0:/ihome/crc/install/gcc/8.2.0/lib64";' export 'LIBRARY_PATH;' 'LMOD_DEFAULT_MODULEPATH="/ihome/crc/modules/Core";' export 'LMOD_DEFAULT_MODULEPATH;' 'LOADEDMODULES="gcc/8.2.0";' export 'LOADEDMODULES;' 'MANPATH="/ihome/crc/install/gcc/8.2.0/share/man:/ihome/crc/install/lmod/lmod/share/man::";' export 'MANPATH;' 'MODULEPATH="/ihome/crc/modules/Compiler/gcc/8.2.0:/ihome/crc/modules/Core";' export 'MODULEPATH;' 'PATH="/ihome/crc/install/gcc/8.2.0/bin:/ihome/lchong/dty7/Apps/anaconda3/envs/wedap/bin:/ihome/lchong/dty7/Apps/anaconda3/condabin:/usr/lib64/qt-3.3/bin:/usr/local/bin:/usr/bin:/usr/local/sbin:/usr/sbin:/ihome/crc/wrappers:/ihome/lchong/dty7/.local/bin:/ihome/lchong/dty7/bin";' export 'PATH;' '_LMFILES_="/ihome/crc/modules/Core/gcc/8.2.0.lua";' export '_LMFILES_;' '_ModuleTable001_="X01vZHVsZVRhYmxlXz17WyJhY3RpdmVTaXplIl09MSxiYXNlTXBhdGhBPXsiL2lob21lL2NyYy9tb2R1bGVzL0NvcmUiLH0sWyJjX3JlYnVpbGRUaW1lIl09ZmFsc2UsWyJjX3Nob3J0VGltZSJdPWZhbHNlLGZhbWlseT17fSxpbmFjdGl2ZT17fSxtVD17Z2NjPXtbIkZOIl09Ii9paG9tZS9jcmMvbW9kdWxlcy9Db3JlL2djYy84LjIuMC5sdWEiLFsiZGVmYXVsdCJdPTAsWyJmdWxsTmFtZSJdPSJnY2MvOC4yLjAiLFsibG9hZE9yZGVyIl09MSxwcm9wVD17fSxbInNob3J0Il09ImdjYyIsWyJzdGF0dXMiXT0iYWN0aXZlIix9LH0sbXBhdGhBPXsiL2lob21lL2NyYy9tb2R1bGVzL0NvbXBpbGVyL2djYy84LjIuMCIsIi9paG9tZS9jcmMvbW9kdWxlcy9Db3JlIix9LFsic3lzdGVt";' export '_ModuleTable001_;' '_ModuleTable002_="QmFzZU1QQVRIIl09Ii9paG9tZS9jcmMvbW9kdWxlcy9Db3JlIixbInZlcnNpb24iXT0yLH0=";' export '_ModuleTable002_;' '_ModuleTable_Sz_="2";' export '_ModuleTable_Sz_;'
+++ LMOD_DEFAULT_MODULEPATH=/ihome/crc/modules/Core
+++ export LMOD_DEFAULT_MODULEPATH
+++ MODULEPATH=/ihome/crc/modules/Core
+++ export MODULEPATH
+++ CPATH=/ihome/crc/install/gcc/8.2.0/include
+++ export CPATH
+++ GCC_ROOT=/ihome/crc/install/gcc/8.2.0
+++ export GCC_ROOT
+++ INCLUDE_PATH=/ihome/crc/install/gcc/8.2.0/include
+++ export INCLUDE_PATH
+++ LD_LIBRARY_PATH=/ihome/crc/install/gcc/8.2.0/lib/gcc/x86_64-pc-linux-gnu/8.2.0:/ihome/crc/install/gcc/8.2.0/lib64
+++ export LD_LIBRARY_PATH
+++ LD_RUN_PATH=/ihome/crc/install/gcc/8.2.0/lib64
+++ export LD_RUN_PATH
+++ LIBPATH=/ihome/crc/install/gcc/8.2.0/lib/gcc/x86_64-pc-linux-gnu/8.2.0
+++ export LIBPATH
+++ LIBRARY_PATH=/ihome/crc/install/gcc/8.2.0/lib/gcc/x86_64-pc-linux-gnu/8.2.0:/ihome/crc/install/gcc/8.2.0/lib64
+++ export LIBRARY_PATH
+++ LMOD_DEFAULT_MODULEPATH=/ihome/crc/modules/Core
+++ export LMOD_DEFAULT_MODULEPATH
+++ LOADEDMODULES=gcc/8.2.0
+++ export LOADEDMODULES
+++ MANPATH=/ihome/crc/install/gcc/8.2.0/share/man:/ihome/crc/install/lmod/lmod/share/man::
+++ export MANPATH
+++ MODULEPATH=/ihome/crc/modules/Compiler/gcc/8.2.0:/ihome/crc/modules/Core
+++ export MODULEPATH
+++ PATH=/ihome/crc/install/gcc/8.2.0/bin:/ihome/lchong/dty7/Apps/anaconda3/envs/wedap/bin:/ihome/lchong/dty7/Apps/anaconda3/condabin:/usr/lib64/qt-3.3/bin:/usr/local/bin:/usr/bin:/usr/local/sbin:/usr/sbin:/ihome/crc/wrappers:/ihome/lchong/dty7/.local/bin:/ihome/lchong/dty7/bin
+++ export PATH
+++ _LMFILES_=/ihome/crc/modules/Core/gcc/8.2.0.lua
+++ export _LMFILES_
+++ _ModuleTable001_=X01vZHVsZVRhYmxlXz17WyJhY3RpdmVTaXplIl09MSxiYXNlTXBhdGhBPXsiL2lob21lL2NyYy9tb2R1bGVzL0NvcmUiLH0sWyJjX3JlYnVpbGRUaW1lIl09ZmFsc2UsWyJjX3Nob3J0VGltZSJdPWZhbHNlLGZhbWlseT17fSxpbmFjdGl2ZT17fSxtVD17Z2NjPXtbIkZOIl09Ii9paG9tZS9jcmMvbW9kdWxlcy9Db3JlL2djYy84LjIuMC5sdWEiLFsiZGVmYXVsdCJdPTAsWyJmdWxsTmFtZSJdPSJnY2MvOC4yLjAiLFsibG9hZE9yZGVyIl09MSxwcm9wVD17fSxbInNob3J0Il09ImdjYyIsWyJzdGF0dXMiXT0iYWN0aXZlIix9LH0sbXBhdGhBPXsiL2lob21lL2NyYy9tb2R1bGVzL0NvbXBpbGVyL2djYy84LjIuMCIsIi9paG9tZS9jcmMvbW9kdWxlcy9Db3JlIix9LFsic3lzdGVt
+++ export _ModuleTable001_
+++ _ModuleTable002_=QmFzZU1QQVRIIl09Ii9paG9tZS9jcmMvbW9kdWxlcy9Db3JlIixbInZlcnNpb24iXT0yLH0=
+++ export _ModuleTable002_
+++ _ModuleTable_Sz_=2
+++ export _ModuleTable_Sz_
++ '[' 0 = 0 ']'
+++ : -s sh
++ eval
++ module load openmpi/4.0.3
+++ /ihome/crc/install/lmod/lmod/libexec/lmod bash load openmpi/4.0.3
++ eval 'LMOD_DEFAULT_MODULEPATH="/ihome/crc/modules/Core";' export 'LMOD_DEFAULT_MODULEPATH;' 'MODULEPATH="/ihome/crc/modules/Compiler/gcc/8.2.0:/ihome/crc/modules/Core";' export 'MODULEPATH;' 'CMAKE_PREFIX_PATH="/ihome/crc/install/openmpi/4.0.3/gcc-8.2.0";' export 'CMAKE_PREFIX_PATH;' 'CPATH="/ihome/crc/install/openmpi/4.0.3/gcc-8.2.0/include:/ihome/crc/install/gcc/8.2.0/include";' export 'CPATH;' 'INCLUDEPATH="/ihome/crc/install/openmpi/4.0.3/gcc-8.2.0/include";' export 'INCLUDEPATH;' 'INCLUDE_PATH="/ihome/crc/install/openmpi/4.0.3/gcc-8.2.0/include:/ihome/crc/install/gcc/8.2.0/include";' export 'INCLUDE_PATH;' 'LD_LIBRARY_PATH="/ihome/crc/install/openmpi/4.0.3/gcc-8.2.0/lib:/ihome/crc/install/gcc/8.2.0/lib/gcc/x86_64-pc-linux-gnu/8.2.0:/ihome/crc/install/gcc/8.2.0/lib64";' export 'LD_LIBRARY_PATH;' 'LMOD_DEFAULT_MODULEPATH="/ihome/crc/modules/Core";' export 'LMOD_DEFAULT_MODULEPATH;' 'LOADEDMODULES="gcc/8.2.0:openmpi/4.0.3";' export 'LOADEDMODULES;' 'MANPATH="/ihome/crc/install/openmpi/4.0.3/gcc-8.2.0/share/man:/ihome/crc/install/gcc/8.2.0/share/man:/ihome/crc/install/lmod/lmod/share/man::";' export 'MANPATH;' 'MODULEPATH="/ihome/crc/modules/MPI/gcc/8.2.0/openmpi/4.0.3:/ihome/crc/modules/Compiler/gcc/8.2.0:/ihome/crc/modules/Core";' export 'MODULEPATH;' 'MPI_ROOT="/ihome/crc/install/openmpi/4.0.3/gcc-8.2.0";' export 'MPI_ROOT;' 'OMPI_MCA_mpi_warn_on_fork="0";' export 'OMPI_MCA_mpi_warn_on_fork;' 'OPENMPI_ROOT="/ihome/crc/install/openmpi/4.0.3/gcc-8.2.0";' export 'OPENMPI_ROOT;' 'PATH="/ihome/crc/install/openmpi/4.0.3/gcc-8.2.0/bin:/ihome/crc/install/gcc/8.2.0/bin:/ihome/lchong/dty7/Apps/anaconda3/envs/wedap/bin:/ihome/lchong/dty7/Apps/anaconda3/condabin:/usr/lib64/qt-3.3/bin:/usr/local/bin:/usr/bin:/usr/local/sbin:/usr/sbin:/ihome/crc/wrappers:/ihome/lchong/dty7/.local/bin:/ihome/lchong/dty7/bin";' export 'PATH;' 'PKG_CONFIG_PATH="/ihome/crc/install/openmpi/4.0.3/gcc-8.2.0/lib/pkgconfig";' export 'PKG_CONFIG_PATH;' '_LMFILES_="/ihome/crc/modules/Core/gcc/8.2.0.lua:/ihome/crc/modules/Compiler/gcc/8.2.0/openmpi/4.0.3.lua";' export '_LMFILES_;' '_ModuleTable001_="X01vZHVsZVRhYmxlXz17WyJhY3RpdmVTaXplIl09MixiYXNlTXBhdGhBPXsiL2lob21lL2NyYy9tb2R1bGVzL0NvcmUiLH0sWyJjX3JlYnVpbGRUaW1lIl09ZmFsc2UsWyJjX3Nob3J0VGltZSJdPWZhbHNlLGZhbWlseT17fSxpbmFjdGl2ZT17fSxtVD17Z2NjPXtbIkZOIl09Ii9paG9tZS9jcmMvbW9kdWxlcy9Db3JlL2djYy84LjIuMC5sdWEiLFsiZGVmYXVsdCJdPTAsWyJmdWxsTmFtZSJdPSJnY2MvOC4yLjAiLFsibG9hZE9yZGVyIl09MSxwcm9wVD17fSxbInNob3J0Il09ImdjYyIsWyJzdGF0dXMiXT0iYWN0aXZlIix9LG9wZW5tcGk9e1siRk4iXT0iL2lob21lL2NyYy9tb2R1bGVzL0NvbXBpbGVyL2djYy84LjIuMC9vcGVubXBpLzQuMC4zLmx1YSIsWyJkZWZhdWx0Il09";' export '_ModuleTable001_;' '_ModuleTable002_="MCxbImZ1bGxOYW1lIl09Im9wZW5tcGkvNC4wLjMiLFsibG9hZE9yZGVyIl09Mixwcm9wVD17fSxbInNob3J0Il09Im9wZW5tcGkiLFsic3RhdHVzIl09ImFjdGl2ZSIsfSx9LG1wYXRoQT17Ii9paG9tZS9jcmMvbW9kdWxlcy9NUEkvZ2NjLzguMi4wL29wZW5tcGkvNC4wLjMiLCIvaWhvbWUvY3JjL21vZHVsZXMvQ29tcGlsZXIvZ2NjLzguMi4wIiwiL2lob21lL2NyYy9tb2R1bGVzL0NvcmUiLH0sWyJzeXN0ZW1CYXNlTVBBVEgiXT0iL2lob21lL2NyYy9tb2R1bGVzL0NvcmUiLFsidmVyc2lvbiJdPTIsfQ==";' export '_ModuleTable002_;' '_ModuleTable_Sz_="2";' export '_ModuleTable_Sz_;'
+++ LMOD_DEFAULT_MODULEPATH=/ihome/crc/modules/Core
+++ export LMOD_DEFAULT_MODULEPATH
+++ MODULEPATH=/ihome/crc/modules/Compiler/gcc/8.2.0:/ihome/crc/modules/Core
+++ export MODULEPATH
+++ CMAKE_PREFIX_PATH=/ihome/crc/install/openmpi/4.0.3/gcc-8.2.0
+++ export CMAKE_PREFIX_PATH
+++ CPATH=/ihome/crc/install/openmpi/4.0.3/gcc-8.2.0/include:/ihome/crc/install/gcc/8.2.0/include
+++ export CPATH
+++ INCLUDEPATH=/ihome/crc/install/openmpi/4.0.3/gcc-8.2.0/include
+++ export INCLUDEPATH
+++ INCLUDE_PATH=/ihome/crc/install/openmpi/4.0.3/gcc-8.2.0/include:/ihome/crc/install/gcc/8.2.0/include
+++ export INCLUDE_PATH
+++ LD_LIBRARY_PATH=/ihome/crc/install/openmpi/4.0.3/gcc-8.2.0/lib:/ihome/crc/install/gcc/8.2.0/lib/gcc/x86_64-pc-linux-gnu/8.2.0:/ihome/crc/install/gcc/8.2.0/lib64
+++ export LD_LIBRARY_PATH
+++ LMOD_DEFAULT_MODULEPATH=/ihome/crc/modules/Core
+++ export LMOD_DEFAULT_MODULEPATH
+++ LOADEDMODULES=gcc/8.2.0:openmpi/4.0.3
+++ export LOADEDMODULES
+++ MANPATH=/ihome/crc/install/openmpi/4.0.3/gcc-8.2.0/share/man:/ihome/crc/install/gcc/8.2.0/share/man:/ihome/crc/install/lmod/lmod/share/man::
+++ export MANPATH
+++ MODULEPATH=/ihome/crc/modules/MPI/gcc/8.2.0/openmpi/4.0.3:/ihome/crc/modules/Compiler/gcc/8.2.0:/ihome/crc/modules/Core
+++ export MODULEPATH
+++ MPI_ROOT=/ihome/crc/install/openmpi/4.0.3/gcc-8.2.0
+++ export MPI_ROOT
+++ OMPI_MCA_mpi_warn_on_fork=0
+++ export OMPI_MCA_mpi_warn_on_fork
+++ OPENMPI_ROOT=/ihome/crc/install/openmpi/4.0.3/gcc-8.2.0
+++ export OPENMPI_ROOT
+++ PATH=/ihome/crc/install/openmpi/4.0.3/gcc-8.2.0/bin:/ihome/crc/install/gcc/8.2.0/bin:/ihome/lchong/dty7/Apps/anaconda3/envs/wedap/bin:/ihome/lchong/dty7/Apps/anaconda3/condabin:/usr/lib64/qt-3.3/bin:/usr/local/bin:/usr/bin:/usr/local/sbin:/usr/sbin:/ihome/crc/wrappers:/ihome/lchong/dty7/.local/bin:/ihome/lchong/dty7/bin
+++ export PATH
+++ PKG_CONFIG_PATH=/ihome/crc/install/openmpi/4.0.3/gcc-8.2.0/lib/pkgconfig
+++ export PKG_CONFIG_PATH
+++ _LMFILES_=/ihome/crc/modules/Core/gcc/8.2.0.lua:/ihome/crc/modules/Compiler/gcc/8.2.0/openmpi/4.0.3.lua
+++ export _LMFILES_
+++ _ModuleTable001_=X01vZHVsZVRhYmxlXz17WyJhY3RpdmVTaXplIl09MixiYXNlTXBhdGhBPXsiL2lob21lL2NyYy9tb2R1bGVzL0NvcmUiLH0sWyJjX3JlYnVpbGRUaW1lIl09ZmFsc2UsWyJjX3Nob3J0VGltZSJdPWZhbHNlLGZhbWlseT17fSxpbmFjdGl2ZT17fSxtVD17Z2NjPXtbIkZOIl09Ii9paG9tZS9jcmMvbW9kdWxlcy9Db3JlL2djYy84LjIuMC5sdWEiLFsiZGVmYXVsdCJdPTAsWyJmdWxsTmFtZSJdPSJnY2MvOC4yLjAiLFsibG9hZE9yZGVyIl09MSxwcm9wVD17fSxbInNob3J0Il09ImdjYyIsWyJzdGF0dXMiXT0iYWN0aXZlIix9LG9wZW5tcGk9e1siRk4iXT0iL2lob21lL2NyYy9tb2R1bGVzL0NvbXBpbGVyL2djYy84LjIuMC9vcGVubXBpLzQuMC4zLmx1YSIsWyJkZWZhdWx0Il09
+++ export _ModuleTable001_
+++ _ModuleTable002_=MCxbImZ1bGxOYW1lIl09Im9wZW5tcGkvNC4wLjMiLFsibG9hZE9yZGVyIl09Mixwcm9wVD17fSxbInNob3J0Il09Im9wZW5tcGkiLFsic3RhdHVzIl09ImFjdGl2ZSIsfSx9LG1wYXRoQT17Ii9paG9tZS9jcmMvbW9kdWxlcy9NUEkvZ2NjLzguMi4wL29wZW5tcGkvNC4wLjMiLCIvaWhvbWUvY3JjL21vZHVsZXMvQ29tcGlsZXIvZ2NjLzguMi4wIiwiL2lob21lL2NyYy9tb2R1bGVzL0NvcmUiLH0sWyJzeXN0ZW1CYXNlTVBBVEgiXT0iL2lob21lL2NyYy9tb2R1bGVzL0NvcmUiLFsidmVyc2lvbiJdPTIsfQ==
+++ export _ModuleTable002_
+++ _ModuleTable_Sz_=2
+++ export _ModuleTable_Sz_
++ '[' 0 = 0 ']'
+++ : -s sh
++ eval
++ module load amber/22
+++ /ihome/crc/install/lmod/lmod/libexec/lmod bash load amber/22
Warning: When compiling code please add the following flags to nvcc:
         -gencode arch=compute_35,code=[compute_35,sm_35] \
         -gencode arch=compute_61,code=[compute_61,sm_61] 
         -gencode arch=compute_70,code=[compute_70,sm_70] 
++ eval 'LMOD_DEFAULT_MODULEPATH="/ihome/crc/modules/Core";' export 'LMOD_DEFAULT_MODULEPATH;' 'MODULEPATH="/ihome/crc/modules/MPI/gcc/8.2.0/openmpi/4.0.3:/ihome/crc/modules/Compiler/gcc/8.2.0:/ihome/crc/modules/Core";' export 'MODULEPATH;' 'AMBERHOME="/ihome/crc/build/amber/amber22/amber22";' export 'AMBERHOME;' 'CMAKE_PREFIX_PATH="/ihome/crc/install/openmpi/4.0.3/gcc-8.2.0:/ihome/crc/install/cuda/11.6.1";' export 'CMAKE_PREFIX_PATH;' 'CPATH="/ihome/crc/install/zlib/1.2.11/gcc/8.2.0/include:/ihome/crc/install/openmpi/4.0.3/gcc-8.2.0/include:/ihome/crc/install/gcc/8.2.0/include";' export 'CPATH;' 'CPLUS_INCLUDE_PATH="/ihome/crc/install/zlib/1.2.11/gcc/8.2.0/include";' export 'CPLUS_INCLUDE_PATH;' 'CUDAROOT="/ihome/crc/install/cuda/11.6.1";' export 'CUDAROOT;' 'CUDA_ROOT="/ihome/crc/install/cuda/11.6.1";' export 'CUDA_ROOT;' 'C_INCLUDE_PATH="/ihome/crc/install/zlib/1.2.11/gcc/8.2.0/include";' export 'C_INCLUDE_PATH;' 'GCC_ROOT="/ihome/crc/install/gcc/8.2.0";' export 'GCC_ROOT;' 'INCLUDEPATH="/ihome/crc/install/openmpi/4.0.3/gcc-8.2.0/include";' export 'INCLUDEPATH;' 'INCLUDE_PATH="/ihome/crc/install/openmpi/4.0.3/gcc-8.2.0/include:/ihome/crc/install/gcc/8.2.0/include";' export 'INCLUDE_PATH;' 'LD_LIBRARY_PATH="/ihome/crc/install/zlib/1.2.11/gcc/8.2.0/lib:/ihome/crc/install/openmpi/4.0.3/gcc-8.2.0/lib:/ihome/crc/install/gcc/8.2.0/lib/gcc/x86_64-pc-linux-gnu/8.2.0:/ihome/crc/install/gcc/8.2.0/lib64:/usr/lib64:/ihome/crc/install/cuda/11.6.1/lib64/stubs:/ihome/crc/install/cuda/11.6.1/lib64";' export 'LD_LIBRARY_PATH;' 'LD_RUN_PATH="/ihome/crc/install/zlib/1.2.11/gcc/8.2.0/lib:/ihome/crc/install/gcc/8.2.0/lib64";' export 'LD_RUN_PATH;' 'LIBPATH="/ihome/crc/install/gcc/8.2.0/lib/gcc/x86_64-pc-linux-gnu/8.2.0";' export 'LIBPATH;' 'LIBRARY_PATH="/ihome/crc/install/zlib/1.2.11/gcc/8.2.0/lib:/ihome/crc/install/gcc/8.2.0/lib/gcc/x86_64-pc-linux-gnu/8.2.0:/ihome/crc/install/gcc/8.2.0/lib64:/usr/lib64:/ihome/crc/install/cuda/11.6.1/lib64/stubs:/ihome/crc/install/cuda/11.6.1/lib64";' export 'LIBRARY_PATH;' 'LMOD_DEFAULT_MODULEPATH="/ihome/crc/modules/Core";' export 'LMOD_DEFAULT_MODULEPATH;' 'LOADEDMODULES="cuda/11.6.1:gcc/8.2.0:openmpi/4.0.3:zlib/1.2.11:amber/22";' export 'LOADEDMODULES;' 'MANPATH="/ihome/crc/install/zlib/1.2.11/gcc/8.2.0/share/man:/ihome/crc/install/openmpi/4.0.3/gcc-8.2.0/share/man:/ihome/crc/install/gcc/8.2.0/share/man:/ihome/crc/install/cuda/11.6.1/doc/man:/ihome/crc/install/lmod/lmod/share/man::";' export 'MANPATH;' 'MODULEPATH="/ihome/crc/modules/MPI/gcc/8.2.0/openmpi/4.0.3:/ihome/crc/modules/Compiler/gcc/8.2.0:/ihome/crc/modules/Compiler/cuda/11.6.1:/ihome/crc/modules/Core";' export 'MODULEPATH;' 'MPI_ROOT="/ihome/crc/install/openmpi/4.0.3/gcc-8.2.0";' export 'MPI_ROOT;' 'OMPI_MCA_mpi_warn_on_fork="0";' export 'OMPI_MCA_mpi_warn_on_fork;' 'OPENMPI_ROOT="/ihome/crc/install/openmpi/4.0.3/gcc-8.2.0";' export 'OPENMPI_ROOT;' 'PATH="/ihome/crc/install/openmpi/4.0.3/gcc-8.2.0/bin:/ihome/crc/install/gcc/8.2.0/bin:/ihome/crc/install/cuda/11.6.1/bin:/ihome/lchong/dty7/Apps/anaconda3/envs/wedap/bin:/ihome/lchong/dty7/Apps/anaconda3/condabin:/usr/lib64/qt-3.3/bin:/usr/local/bin:/usr/bin:/usr/local/sbin:/usr/sbin:/ihome/crc/wrappers:/ihome/lchong/dty7/.local/bin:/ihome/lchong/dty7/bin";' export 'PATH;' 'PKG_CONFIG_PATH="/ihome/crc/install/openmpi/4.0.3/gcc-8.2.0/lib/pkgconfig";' export 'PKG_CONFIG_PATH;' 'ZLIB_HOME="/ihome/crc/install/zlib/1.2.11/gcc/8.2.0";' export 'ZLIB_HOME;' '_LMFILES_="/ihome/crc/modules/Core/cuda/11.6.1.lua:/ihome/crc/modules/Core/gcc/8.2.0.lua:/ihome/crc/modules/Compiler/gcc/8.2.0/openmpi/4.0.3.lua:/ihome/crc/modules/Compiler/gcc/8.2.0/zlib/1.2.11.lua:/ihome/crc/modules/MPI/gcc/8.2.0/openmpi/4.0.3/amber/22.lua";' export '_LMFILES_;' '_ModuleTable001_="X01vZHVsZVRhYmxlXz17WyJhY3RpdmVTaXplIl09NSxiYXNlTXBhdGhBPXsiL2lob21lL2NyYy9tb2R1bGVzL0NvcmUiLH0sWyJjX3JlYnVpbGRUaW1lIl09ZmFsc2UsWyJjX3Nob3J0VGltZSJdPWZhbHNlLGZhbWlseT17fSxpbmFjdGl2ZT17fSxtVD17YW1iZXI9e1siRk4iXT0iL2lob21lL2NyYy9tb2R1bGVzL01QSS9nY2MvOC4yLjAvb3Blbm1waS80LjAuMy9hbWJlci8yMi5sdWEiLFsiZGVmYXVsdCJdPTAsWyJmdWxsTmFtZSJdPSJhbWJlci8yMiIsWyJsb2FkT3JkZXIiXT01LHByb3BUPXt9LFsic2hvcnQiXT0iYW1iZXIiLFsic3RhdHVzIl09ImFjdGl2ZSIsfSxjdWRhPXtbIkZOIl09Ii9paG9tZS9jcmMvbW9kdWxlcy9Db3JlL2N1ZGEvMTEuNi4xLmx1YSIsWyJkZWZh";' export '_ModuleTable001_;' '_ModuleTable002_="dWx0Il09MCxbImZ1bGxOYW1lIl09ImN1ZGEvMTEuNi4xIixbImxvYWRPcmRlciJdPTEscHJvcFQ9e30sWyJzaG9ydCJdPSJjdWRhIixbInN0YXR1cyJdPSJhY3RpdmUiLH0sZ2NjPXtbIkZOIl09Ii9paG9tZS9jcmMvbW9kdWxlcy9Db3JlL2djYy84LjIuMC5sdWEiLFsiZGVmYXVsdCJdPTAsWyJmdWxsTmFtZSJdPSJnY2MvOC4yLjAiLFsibG9hZE9yZGVyIl09Mixwcm9wVD17fSxbInNob3J0Il09ImdjYyIsWyJzdGF0dXMiXT0iYWN0aXZlIix9LG9wZW5tcGk9e1siRk4iXT0iL2lob21lL2NyYy9tb2R1bGVzL0NvbXBpbGVyL2djYy84LjIuMC9vcGVubXBpLzQuMC4zLmx1YSIsWyJkZWZhdWx0Il09MCxbImZ1bGxOYW1lIl09Im9wZW5tcGkvNC4wLjMiLFsibG9hZE9yZGVyIl09";' export '_ModuleTable002_;' '_ModuleTable003_="Myxwcm9wVD17fSxbInNob3J0Il09Im9wZW5tcGkiLFsic3RhdHVzIl09ImFjdGl2ZSIsfSx6bGliPXtbIkZOIl09Ii9paG9tZS9jcmMvbW9kdWxlcy9Db21waWxlci9nY2MvOC4yLjAvemxpYi8xLjIuMTEubHVhIixbImRlZmF1bHQiXT0wLFsiZnVsbE5hbWUiXT0iemxpYi8xLjIuMTEiLFsibG9hZE9yZGVyIl09NCxwcm9wVD17fSxbInNob3J0Il09InpsaWIiLFsic3RhdHVzIl09ImFjdGl2ZSIsfSx9LG1wYXRoQT17Ii9paG9tZS9jcmMvbW9kdWxlcy9NUEkvZ2NjLzguMi4wL29wZW5tcGkvNC4wLjMiLCIvaWhvbWUvY3JjL21vZHVsZXMvQ29tcGlsZXIvZ2NjLzguMi4wIiwiL2lob21lL2NyYy9tb2R1bGVzL0NvbXBpbGVyL2N1ZGEvMTEuNi4xIiwiL2lob21lL2NyYy9tb2R1";' export '_ModuleTable003_;' '_ModuleTable004_="bGVzL0NvcmUiLH0sWyJzeXN0ZW1CYXNlTVBBVEgiXT0iL2lob21lL2NyYy9tb2R1bGVzL0NvcmUiLFsidmVyc2lvbiJdPTIsfQ==";' export '_ModuleTable004_;' '_ModuleTable_Sz_="4";' export '_ModuleTable_Sz_;' source '/ihome/crc/build/amber/amber22/amber22/amber.sh;'
+++ LMOD_DEFAULT_MODULEPATH=/ihome/crc/modules/Core
+++ export LMOD_DEFAULT_MODULEPATH
+++ MODULEPATH=/ihome/crc/modules/MPI/gcc/8.2.0/openmpi/4.0.3:/ihome/crc/modules/Compiler/gcc/8.2.0:/ihome/crc/modules/Core
+++ export MODULEPATH
+++ AMBERHOME=/ihome/crc/build/amber/amber22/amber22
+++ export AMBERHOME
+++ CMAKE_PREFIX_PATH=/ihome/crc/install/openmpi/4.0.3/gcc-8.2.0:/ihome/crc/install/cuda/11.6.1
+++ export CMAKE_PREFIX_PATH
+++ CPATH=/ihome/crc/install/zlib/1.2.11/gcc/8.2.0/include:/ihome/crc/install/openmpi/4.0.3/gcc-8.2.0/include:/ihome/crc/install/gcc/8.2.0/include
+++ export CPATH
+++ CPLUS_INCLUDE_PATH=/ihome/crc/install/zlib/1.2.11/gcc/8.2.0/include
+++ export CPLUS_INCLUDE_PATH
+++ CUDAROOT=/ihome/crc/install/cuda/11.6.1
+++ export CUDAROOT
+++ CUDA_ROOT=/ihome/crc/install/cuda/11.6.1
+++ export CUDA_ROOT
+++ C_INCLUDE_PATH=/ihome/crc/install/zlib/1.2.11/gcc/8.2.0/include
+++ export C_INCLUDE_PATH
+++ GCC_ROOT=/ihome/crc/install/gcc/8.2.0
+++ export GCC_ROOT
+++ INCLUDEPATH=/ihome/crc/install/openmpi/4.0.3/gcc-8.2.0/include
+++ export INCLUDEPATH
+++ INCLUDE_PATH=/ihome/crc/install/openmpi/4.0.3/gcc-8.2.0/include:/ihome/crc/install/gcc/8.2.0/include
+++ export INCLUDE_PATH
+++ LD_LIBRARY_PATH=/ihome/crc/install/zlib/1.2.11/gcc/8.2.0/lib:/ihome/crc/install/openmpi/4.0.3/gcc-8.2.0/lib:/ihome/crc/install/gcc/8.2.0/lib/gcc/x86_64-pc-linux-gnu/8.2.0:/ihome/crc/install/gcc/8.2.0/lib64:/usr/lib64:/ihome/crc/install/cuda/11.6.1/lib64/stubs:/ihome/crc/install/cuda/11.6.1/lib64
+++ export LD_LIBRARY_PATH
+++ LD_RUN_PATH=/ihome/crc/install/zlib/1.2.11/gcc/8.2.0/lib:/ihome/crc/install/gcc/8.2.0/lib64
+++ export LD_RUN_PATH
+++ LIBPATH=/ihome/crc/install/gcc/8.2.0/lib/gcc/x86_64-pc-linux-gnu/8.2.0
+++ export LIBPATH
+++ LIBRARY_PATH=/ihome/crc/install/zlib/1.2.11/gcc/8.2.0/lib:/ihome/crc/install/gcc/8.2.0/lib/gcc/x86_64-pc-linux-gnu/8.2.0:/ihome/crc/install/gcc/8.2.0/lib64:/usr/lib64:/ihome/crc/install/cuda/11.6.1/lib64/stubs:/ihome/crc/install/cuda/11.6.1/lib64
+++ export LIBRARY_PATH
+++ LMOD_DEFAULT_MODULEPATH=/ihome/crc/modules/Core
+++ export LMOD_DEFAULT_MODULEPATH
+++ LOADEDMODULES=cuda/11.6.1:gcc/8.2.0:openmpi/4.0.3:zlib/1.2.11:amber/22
+++ export LOADEDMODULES
+++ MANPATH=/ihome/crc/install/zlib/1.2.11/gcc/8.2.0/share/man:/ihome/crc/install/openmpi/4.0.3/gcc-8.2.0/share/man:/ihome/crc/install/gcc/8.2.0/share/man:/ihome/crc/install/cuda/11.6.1/doc/man:/ihome/crc/install/lmod/lmod/share/man::
+++ export MANPATH
+++ MODULEPATH=/ihome/crc/modules/MPI/gcc/8.2.0/openmpi/4.0.3:/ihome/crc/modules/Compiler/gcc/8.2.0:/ihome/crc/modules/Compiler/cuda/11.6.1:/ihome/crc/modules/Core
+++ export MODULEPATH
+++ MPI_ROOT=/ihome/crc/install/openmpi/4.0.3/gcc-8.2.0
+++ export MPI_ROOT
+++ OMPI_MCA_mpi_warn_on_fork=0
+++ export OMPI_MCA_mpi_warn_on_fork
+++ OPENMPI_ROOT=/ihome/crc/install/openmpi/4.0.3/gcc-8.2.0
+++ export OPENMPI_ROOT
+++ PATH=/ihome/crc/install/openmpi/4.0.3/gcc-8.2.0/bin:/ihome/crc/install/gcc/8.2.0/bin:/ihome/crc/install/cuda/11.6.1/bin:/ihome/lchong/dty7/Apps/anaconda3/envs/wedap/bin:/ihome/lchong/dty7/Apps/anaconda3/condabin:/usr/lib64/qt-3.3/bin:/usr/local/bin:/usr/bin:/usr/local/sbin:/usr/sbin:/ihome/crc/wrappers:/ihome/lchong/dty7/.local/bin:/ihome/lchong/dty7/bin
+++ export PATH
+++ PKG_CONFIG_PATH=/ihome/crc/install/openmpi/4.0.3/gcc-8.2.0/lib/pkgconfig
+++ export PKG_CONFIG_PATH
+++ ZLIB_HOME=/ihome/crc/install/zlib/1.2.11/gcc/8.2.0
+++ export ZLIB_HOME
+++ _LMFILES_=/ihome/crc/modules/Core/cuda/11.6.1.lua:/ihome/crc/modules/Core/gcc/8.2.0.lua:/ihome/crc/modules/Compiler/gcc/8.2.0/openmpi/4.0.3.lua:/ihome/crc/modules/Compiler/gcc/8.2.0/zlib/1.2.11.lua:/ihome/crc/modules/MPI/gcc/8.2.0/openmpi/4.0.3/amber/22.lua
+++ export _LMFILES_
+++ _ModuleTable001_=X01vZHVsZVRhYmxlXz17WyJhY3RpdmVTaXplIl09NSxiYXNlTXBhdGhBPXsiL2lob21lL2NyYy9tb2R1bGVzL0NvcmUiLH0sWyJjX3JlYnVpbGRUaW1lIl09ZmFsc2UsWyJjX3Nob3J0VGltZSJdPWZhbHNlLGZhbWlseT17fSxpbmFjdGl2ZT17fSxtVD17YW1iZXI9e1siRk4iXT0iL2lob21lL2NyYy9tb2R1bGVzL01QSS9nY2MvOC4yLjAvb3Blbm1waS80LjAuMy9hbWJlci8yMi5sdWEiLFsiZGVmYXVsdCJdPTAsWyJmdWxsTmFtZSJdPSJhbWJlci8yMiIsWyJsb2FkT3JkZXIiXT01LHByb3BUPXt9LFsic2hvcnQiXT0iYW1iZXIiLFsic3RhdHVzIl09ImFjdGl2ZSIsfSxjdWRhPXtbIkZOIl09Ii9paG9tZS9jcmMvbW9kdWxlcy9Db3JlL2N1ZGEvMTEuNi4xLmx1YSIsWyJkZWZh
+++ export _ModuleTable001_
+++ _ModuleTable002_=dWx0Il09MCxbImZ1bGxOYW1lIl09ImN1ZGEvMTEuNi4xIixbImxvYWRPcmRlciJdPTEscHJvcFQ9e30sWyJzaG9ydCJdPSJjdWRhIixbInN0YXR1cyJdPSJhY3RpdmUiLH0sZ2NjPXtbIkZOIl09Ii9paG9tZS9jcmMvbW9kdWxlcy9Db3JlL2djYy84LjIuMC5sdWEiLFsiZGVmYXVsdCJdPTAsWyJmdWxsTmFtZSJdPSJnY2MvOC4yLjAiLFsibG9hZE9yZGVyIl09Mixwcm9wVD17fSxbInNob3J0Il09ImdjYyIsWyJzdGF0dXMiXT0iYWN0aXZlIix9LG9wZW5tcGk9e1siRk4iXT0iL2lob21lL2NyYy9tb2R1bGVzL0NvbXBpbGVyL2djYy84LjIuMC9vcGVubXBpLzQuMC4zLmx1YSIsWyJkZWZhdWx0Il09MCxbImZ1bGxOYW1lIl09Im9wZW5tcGkvNC4wLjMiLFsibG9hZE9yZGVyIl09
+++ export _ModuleTable002_
+++ _ModuleTable003_=Myxwcm9wVD17fSxbInNob3J0Il09Im9wZW5tcGkiLFsic3RhdHVzIl09ImFjdGl2ZSIsfSx6bGliPXtbIkZOIl09Ii9paG9tZS9jcmMvbW9kdWxlcy9Db21waWxlci9nY2MvOC4yLjAvemxpYi8xLjIuMTEubHVhIixbImRlZmF1bHQiXT0wLFsiZnVsbE5hbWUiXT0iemxpYi8xLjIuMTEiLFsibG9hZE9yZGVyIl09NCxwcm9wVD17fSxbInNob3J0Il09InpsaWIiLFsic3RhdHVzIl09ImFjdGl2ZSIsfSx9LG1wYXRoQT17Ii9paG9tZS9jcmMvbW9kdWxlcy9NUEkvZ2NjLzguMi4wL29wZW5tcGkvNC4wLjMiLCIvaWhvbWUvY3JjL21vZHVsZXMvQ29tcGlsZXIvZ2NjLzguMi4wIiwiL2lob21lL2NyYy9tb2R1bGVzL0NvbXBpbGVyL2N1ZGEvMTEuNi4xIiwiL2lob21lL2NyYy9tb2R1
+++ export _ModuleTable003_
+++ _ModuleTable004_=bGVzL0NvcmUiLH0sWyJzeXN0ZW1CYXNlTVBBVEgiXT0iL2lob21lL2NyYy9tb2R1bGVzL0NvcmUiLFsidmVyc2lvbiJdPTIsfQ==
+++ export _ModuleTable004_
+++ _ModuleTable_Sz_=4
+++ export _ModuleTable_Sz_
+++ source /ihome/crc/build/amber/amber22/amber22/amber.sh
++++ '[' -n /ihome/crc/build/amber/amber22/amber22/amber.sh ']'
++++ this_script=/ihome/crc/build/amber/amber22/amber22/amber.sh
++++++ dirname /ihome/crc/build/amber/amber22/amber22/amber.sh
+++++ cd /ihome/crc/build/amber/amber22/amber22
+++++ pwd
++++ export AMBERHOME=/ihome/crc/build/amber/amber22/amber22
++++ AMBERHOME=/ihome/crc/build/amber/amber22/amber22
++++ export PATH=/ihome/crc/build/amber/amber22/amber22/bin:/ihome/crc/install/openmpi/4.0.3/gcc-8.2.0/bin:/ihome/crc/install/gcc/8.2.0/bin:/ihome/crc/install/cuda/11.6.1/bin:/ihome/lchong/dty7/Apps/anaconda3/envs/wedap/bin:/ihome/lchong/dty7/Apps/anaconda3/condabin:/usr/lib64/qt-3.3/bin:/usr/local/bin:/usr/bin:/usr/local/sbin:/usr/sbin:/ihome/crc/wrappers:/ihome/lchong/dty7/.local/bin:/ihome/lchong/dty7/bin
++++ PATH=/ihome/crc/build/amber/amber22/amber22/bin:/ihome/crc/install/openmpi/4.0.3/gcc-8.2.0/bin:/ihome/crc/install/gcc/8.2.0/bin:/ihome/crc/install/cuda/11.6.1/bin:/ihome/lchong/dty7/Apps/anaconda3/envs/wedap/bin:/ihome/lchong/dty7/Apps/anaconda3/condabin:/usr/lib64/qt-3.3/bin:/usr/local/bin:/usr/bin:/usr/local/sbin:/usr/sbin:/ihome/crc/wrappers:/ihome/lchong/dty7/.local/bin:/ihome/lchong/dty7/bin
++++ '[' 1 = 1 ']'
++++ '[' -z /ihome/crc/install/zlib/1.2.11/gcc/8.2.0/lib:/ihome/crc/install/openmpi/4.0.3/gcc-8.2.0/lib:/ihome/crc/install/gcc/8.2.0/lib/gcc/x86_64-pc-linux-gnu/8.2.0:/ihome/crc/install/gcc/8.2.0/lib64:/usr/lib64:/ihome/crc/install/cuda/11.6.1/lib64/stubs:/ihome/crc/install/cuda/11.6.1/lib64 ']'
++++ export LD_LIBRARY_PATH=/ihome/crc/build/amber/amber22/amber22/lib:/ihome/crc/install/zlib/1.2.11/gcc/8.2.0/lib:/ihome/crc/install/openmpi/4.0.3/gcc-8.2.0/lib:/ihome/crc/install/gcc/8.2.0/lib/gcc/x86_64-pc-linux-gnu/8.2.0:/ihome/crc/install/gcc/8.2.0/lib64:/usr/lib64:/ihome/crc/install/cuda/11.6.1/lib64/stubs:/ihome/crc/install/cuda/11.6.1/lib64
++++ LD_LIBRARY_PATH=/ihome/crc/build/amber/amber22/amber22/lib:/ihome/crc/install/zlib/1.2.11/gcc/8.2.0/lib:/ihome/crc/install/openmpi/4.0.3/gcc-8.2.0/lib:/ihome/crc/install/gcc/8.2.0/lib/gcc/x86_64-pc-linux-gnu/8.2.0:/ihome/crc/install/gcc/8.2.0/lib64:/usr/lib64:/ihome/crc/install/cuda/11.6.1/lib64/stubs:/ihome/crc/install/cuda/11.6.1/lib64
++++ '[' 1 = 1 ']'
++++ '[' -z '' ']'
++++ export PERL5LIB=/ihome/crc/build/amber/amber22/amber22/lib/perl
++++ PERL5LIB=/ihome/crc/build/amber/amber22/amber22/lib/perl
++++ '[' 1 = 1 ']'
++++ '[' -z '' ']'
++++ export PYTHONPATH=/ihome/crc/build/amber/amber22/amber22/lib/python3.9/site-packages
++++ PYTHONPATH=/ihome/crc/build/amber/amber22/amber22/lib/python3.9/site-packages
++++ '[' 0 = 1 ']'
++ '[' 0 = 0 ']'
+++ : -s sh
++ eval
++ module rm python/intel-3.6
+++ /ihome/crc/install/lmod/lmod/libexec/lmod bash rm python/intel-3.6
++ eval 'LMOD_DEFAULT_MODULEPATH="/ihome/crc/modules/Core";' export 'LMOD_DEFAULT_MODULEPATH;' 'MODULEPATH="/ihome/crc/modules/MPI/gcc/8.2.0/openmpi/4.0.3:/ihome/crc/modules/Compiler/gcc/8.2.0:/ihome/crc/modules/Compiler/cuda/11.6.1:/ihome/crc/modules/Core";' export 'MODULEPATH;' 'LMOD_DEFAULT_MODULEPATH="/ihome/crc/modules/Core";' export 'LMOD_DEFAULT_MODULEPATH;' 'MODULEPATH="/ihome/crc/modules/MPI/gcc/8.2.0/openmpi/4.0.3:/ihome/crc/modules/Compiler/gcc/8.2.0:/ihome/crc/modules/Compiler/cuda/11.6.1:/ihome/crc/modules/Core";' export 'MODULEPATH;' '_ModuleTable001_="X01vZHVsZVRhYmxlXz17WyJhY3RpdmVTaXplIl09NSxiYXNlTXBhdGhBPXsiL2lob21lL2NyYy9tb2R1bGVzL0NvcmUiLH0sWyJjX3JlYnVpbGRUaW1lIl09ZmFsc2UsWyJjX3Nob3J0VGltZSJdPWZhbHNlLGZhbWlseT17fSxpbmFjdGl2ZT17fSxtVD17YW1iZXI9e1siRk4iXT0iL2lob21lL2NyYy9tb2R1bGVzL01QSS9nY2MvOC4yLjAvb3Blbm1waS80LjAuMy9hbWJlci8yMi5sdWEiLFsiZGVmYXVsdCJdPTAsWyJmdWxsTmFtZSJdPSJhbWJlci8yMiIsWyJsb2FkT3JkZXIiXT01LHByb3BUPXt9LFsic2hvcnQiXT0iYW1iZXIiLFsic3RhdHVzIl09ImFjdGl2ZSIsfSxjdWRhPXtbIkZOIl09Ii9paG9tZS9jcmMvbW9kdWxlcy9Db3JlL2N1ZGEvMTEuNi4xLmx1YSIsWyJkZWZh";' export '_ModuleTable001_;' '_ModuleTable002_="dWx0Il09MCxbImZ1bGxOYW1lIl09ImN1ZGEvMTEuNi4xIixbImxvYWRPcmRlciJdPTEscHJvcFQ9e30sWyJzaG9ydCJdPSJjdWRhIixbInN0YXR1cyJdPSJhY3RpdmUiLH0sZ2NjPXtbIkZOIl09Ii9paG9tZS9jcmMvbW9kdWxlcy9Db3JlL2djYy84LjIuMC5sdWEiLFsiZGVmYXVsdCJdPTAsWyJmdWxsTmFtZSJdPSJnY2MvOC4yLjAiLFsibG9hZE9yZGVyIl09Mixwcm9wVD17fSxbInNob3J0Il09ImdjYyIsWyJzdGF0dXMiXT0iYWN0aXZlIix9LG9wZW5tcGk9e1siRk4iXT0iL2lob21lL2NyYy9tb2R1bGVzL0NvbXBpbGVyL2djYy84LjIuMC9vcGVubXBpLzQuMC4zLmx1YSIsWyJkZWZhdWx0Il09MCxbImZ1bGxOYW1lIl09Im9wZW5tcGkvNC4wLjMiLFsibG9hZE9yZGVyIl09";' export '_ModuleTable002_;' '_ModuleTable003_="Myxwcm9wVD17fSxbInNob3J0Il09Im9wZW5tcGkiLFsic3RhdHVzIl09ImFjdGl2ZSIsfSx6bGliPXtbIkZOIl09Ii9paG9tZS9jcmMvbW9kdWxlcy9Db21waWxlci9nY2MvOC4yLjAvemxpYi8xLjIuMTEubHVhIixbImRlZmF1bHQiXT0wLFsiZnVsbE5hbWUiXT0iemxpYi8xLjIuMTEiLFsibG9hZE9yZGVyIl09NCxwcm9wVD17fSxbInNob3J0Il09InpsaWIiLFsic3RhdHVzIl09ImFjdGl2ZSIsfSx9LG1wYXRoQT17Ii9paG9tZS9jcmMvbW9kdWxlcy9NUEkvZ2NjLzguMi4wL29wZW5tcGkvNC4wLjMiLCIvaWhvbWUvY3JjL21vZHVsZXMvQ29tcGlsZXIvZ2NjLzguMi4wIiwiL2lob21lL2NyYy9tb2R1bGVzL0NvbXBpbGVyL2N1ZGEvMTEuNi4xIiwiL2lob21lL2NyYy9tb2R1";' export '_ModuleTable003_;' '_ModuleTable004_="bGVzL0NvcmUiLH0sWyJzeXN0ZW1CYXNlTVBBVEgiXT0iL2lob21lL2NyYy9tb2R1bGVzL0NvcmUiLFsidmVyc2lvbiJdPTIsfQ==";' export '_ModuleTable004_;' '_ModuleTable_Sz_="4";' export '_ModuleTable_Sz_;'
+++ LMOD_DEFAULT_MODULEPATH=/ihome/crc/modules/Core
+++ export LMOD_DEFAULT_MODULEPATH
+++ MODULEPATH=/ihome/crc/modules/MPI/gcc/8.2.0/openmpi/4.0.3:/ihome/crc/modules/Compiler/gcc/8.2.0:/ihome/crc/modules/Compiler/cuda/11.6.1:/ihome/crc/modules/Core
+++ export MODULEPATH
+++ LMOD_DEFAULT_MODULEPATH=/ihome/crc/modules/Core
+++ export LMOD_DEFAULT_MODULEPATH
+++ MODULEPATH=/ihome/crc/modules/MPI/gcc/8.2.0/openmpi/4.0.3:/ihome/crc/modules/Compiler/gcc/8.2.0:/ihome/crc/modules/Compiler/cuda/11.6.1:/ihome/crc/modules/Core
+++ export MODULEPATH
+++ _ModuleTable001_=X01vZHVsZVRhYmxlXz17WyJhY3RpdmVTaXplIl09NSxiYXNlTXBhdGhBPXsiL2lob21lL2NyYy9tb2R1bGVzL0NvcmUiLH0sWyJjX3JlYnVpbGRUaW1lIl09ZmFsc2UsWyJjX3Nob3J0VGltZSJdPWZhbHNlLGZhbWlseT17fSxpbmFjdGl2ZT17fSxtVD17YW1iZXI9e1siRk4iXT0iL2lob21lL2NyYy9tb2R1bGVzL01QSS9nY2MvOC4yLjAvb3Blbm1waS80LjAuMy9hbWJlci8yMi5sdWEiLFsiZGVmYXVsdCJdPTAsWyJmdWxsTmFtZSJdPSJhbWJlci8yMiIsWyJsb2FkT3JkZXIiXT01LHByb3BUPXt9LFsic2hvcnQiXT0iYW1iZXIiLFsic3RhdHVzIl09ImFjdGl2ZSIsfSxjdWRhPXtbIkZOIl09Ii9paG9tZS9jcmMvbW9kdWxlcy9Db3JlL2N1ZGEvMTEuNi4xLmx1YSIsWyJkZWZh
+++ export _ModuleTable001_
+++ _ModuleTable002_=dWx0Il09MCxbImZ1bGxOYW1lIl09ImN1ZGEvMTEuNi4xIixbImxvYWRPcmRlciJdPTEscHJvcFQ9e30sWyJzaG9ydCJdPSJjdWRhIixbInN0YXR1cyJdPSJhY3RpdmUiLH0sZ2NjPXtbIkZOIl09Ii9paG9tZS9jcmMvbW9kdWxlcy9Db3JlL2djYy84LjIuMC5sdWEiLFsiZGVmYXVsdCJdPTAsWyJmdWxsTmFtZSJdPSJnY2MvOC4yLjAiLFsibG9hZE9yZGVyIl09Mixwcm9wVD17fSxbInNob3J0Il09ImdjYyIsWyJzdGF0dXMiXT0iYWN0aXZlIix9LG9wZW5tcGk9e1siRk4iXT0iL2lob21lL2NyYy9tb2R1bGVzL0NvbXBpbGVyL2djYy84LjIuMC9vcGVubXBpLzQuMC4zLmx1YSIsWyJkZWZhdWx0Il09MCxbImZ1bGxOYW1lIl09Im9wZW5tcGkvNC4wLjMiLFsibG9hZE9yZGVyIl09
+++ export _ModuleTable002_
+++ _ModuleTable003_=Myxwcm9wVD17fSxbInNob3J0Il09Im9wZW5tcGkiLFsic3RhdHVzIl09ImFjdGl2ZSIsfSx6bGliPXtbIkZOIl09Ii9paG9tZS9jcmMvbW9kdWxlcy9Db21waWxlci9nY2MvOC4yLjAvemxpYi8xLjIuMTEubHVhIixbImRlZmF1bHQiXT0wLFsiZnVsbE5hbWUiXT0iemxpYi8xLjIuMTEiLFsibG9hZE9yZGVyIl09NCxwcm9wVD17fSxbInNob3J0Il09InpsaWIiLFsic3RhdHVzIl09ImFjdGl2ZSIsfSx9LG1wYXRoQT17Ii9paG9tZS9jcmMvbW9kdWxlcy9NUEkvZ2NjLzguMi4wL29wZW5tcGkvNC4wLjMiLCIvaWhvbWUvY3JjL21vZHVsZXMvQ29tcGlsZXIvZ2NjLzguMi4wIiwiL2lob21lL2NyYy9tb2R1bGVzL0NvbXBpbGVyL2N1ZGEvMTEuNi4xIiwiL2lob21lL2NyYy9tb2R1
+++ export _ModuleTable003_
+++ _ModuleTable004_=bGVzL0NvcmUiLH0sWyJzeXN0ZW1CYXNlTVBBVEgiXT0iL2lob21lL2NyYy9tb2R1bGVzL0NvcmUiLFsidmVyc2lvbiJdPTIsfQ==
+++ export _ModuleTable004_
+++ _ModuleTable_Sz_=4
+++ export _ModuleTable_Sz_
++ '[' 0 = 0 ']'
+++ : -s sh
++ eval
++ export NODELOC=/scratch/slurm-429007
++ NODELOC=/scratch/slurm-429007
++ export USE_LOCAL_SCRATCH=1
++ USE_LOCAL_SCRATCH=1
++ . /ihome/lchong/dty7/.bashrc
+++ '[' -f /etc/bashrc ']'
+++ . /etc/bashrc
++++ '[' '' ']'
++++ shopt -q login_shell
++++ '[' 155282 -gt 199 ']'
+++++ /usr/bin/id -gn
+++++ /usr/bin/id -un
++++ '[' lchong = dty7 ']'
++++ umask 022
++++ SHELL=/bin/bash
++++ for i in '/etc/profile.d/*.sh'
++++ '[' -r /etc/profile.d/256term.sh ']'
++++ '[' '' ']'
++++ . /etc/profile.d/256term.sh
+++++ local256=
+++++ '[' -n '' ']'
+++++ '[' -n '' ']'
+++++ unset local256
++++ for i in '/etc/profile.d/*.sh'
++++ '[' -r /etc/profile.d/colorgrep.sh ']'
++++ '[' '' ']'
++++ . /etc/profile.d/colorgrep.sh
+++++ /usr/libexec/grepconf.sh -c
+++++ alias 'grep=grep --color=auto'
+++++ alias 'egrep=egrep --color=auto'
+++++ alias 'fgrep=fgrep --color=auto'
++++ for i in '/etc/profile.d/*.sh'
++++ '[' -r /etc/profile.d/colorls.sh ']'
++++ '[' '' ']'
++++ . /etc/profile.d/colorls.sh
+++++ '[' '!' -t 0 ']'
+++++ return
++++ for i in '/etc/profile.d/*.sh'
++++ '[' -r /etc/profile.d/lang.sh ']'
++++ '[' '' ']'
++++ . /etc/profile.d/lang.sh
+++++ sourced=0
+++++ '[' -n en_US.UTF-8 ']'
+++++ saved_lang=en_US.UTF-8
+++++ '[' -f /ihome/lchong/dty7/.i18n ']'
+++++ LANG=en_US.UTF-8
+++++ unset saved_lang
+++++ '[' 0 = 1 ']'
+++++ unset sourced
+++++ unset langfile
++++ for i in '/etc/profile.d/*.sh'
++++ '[' -r /etc/profile.d/less.sh ']'
++++ '[' '' ']'
++++ . /etc/profile.d/less.sh
+++++ '[' -x /usr/bin/lesspipe.sh ']'
+++++ export 'LESSOPEN=||/usr/bin/lesspipe.sh %s'
+++++ LESSOPEN='||/usr/bin/lesspipe.sh %s'
++++ for i in '/etc/profile.d/*.sh'
++++ '[' -r /etc/profile.d/lmod.sh ']'
++++ '[' '' ']'
++++ . /etc/profile.d/lmod.sh
+++++ [[ hB != hxB ]]
+++++ echo 'Start of Lmod init/bash script to define the module command'
+++++ LMOD_PKG=/ihome/crc/install/lmod/lmod
+++++ LMOD_DIR=/ihome/crc/install/lmod/lmod/libexec
+++++ LMOD_CMD=/ihome/crc/install/lmod/lmod/libexec/lmod
+++++ MODULESHOME=/ihome/crc/install/lmod/lmod
+++++ MODULEPATH=/ihome/crc/modules/Core
+++++ export LMOD_PKG
+++++ export LMOD_CMD
+++++ export LMOD_DIR
+++++ export MODULESHOME
+++++ export MODULEPATH
+++++ LMOD_VERSION=6.6.3
+++++ export LMOD_VERSION
+++++ '[' : '!=' : ']'
+++++ unalias ml
+++++ true
++++++ echo YES
++++++ /usr/bin/tr '[:upper:]' '[:lower:]'
+++++ export_module=yes
+++++ '[' -n '4.2.46(2)-release' -a yes '!=' no ']'
+++++ export -f module
+++++ export -f ml
+++++ unset export_module
+++++ '[' -n '' ']'
+++++ '[' 4 -ge 3 ']'
+++++ '[' -r /ihome/crc/install/lmod/lmod/init/lmod_bash_completions ']'
+++++ '[' -n '' ']'
+++++ [[ hB != hxB ]]
+++++ echo 'End of Lmod init/bash script to define the module command'
++++ for i in '/etc/profile.d/*.sh'
++++ '[' -r /etc/profile.d/mpi-selector.sh ']'
++++ '[' '' ']'
++++ . /etc/profile.d/mpi-selector.sh
+++++ mpi_selector_dir=/var/mpi-selector/data
+++++ mpi_selector_homefile=/ihome/lchong/dty7/.mpi-selector
+++++ mpi_selector_sysfile=/etc/sysconfig/mpi-selector
+++++ mpi_selection=
+++++ test -f /ihome/lchong/dty7/.mpi-selector
+++++ test -f /etc/sysconfig/mpi-selector
+++++ test '' '!=' '' -a -f /var/mpi-selector/data/.sh
++++ for i in '/etc/profile.d/*.sh'
++++ '[' -r /etc/profile.d/vim.sh ']'
++++ '[' '' ']'
++++ . /etc/profile.d/vim.sh
+++++ '[' -n '4.2.46(2)-release' -o -n '' -o -n '' ']'
+++++ '[' -x /usr/bin/id ']'
++++++ /usr/bin/id -u
+++++ ID=155282
+++++ '[' -n 155282 -a 155282 -le 200 ']'
+++++ alias vi
+++++ alias vi=vim
++++ for i in '/etc/profile.d/*.sh'
++++ '[' -r /etc/profile.d/which2.sh ']'
++++ '[' '' ']'
++++ . /etc/profile.d/which2.sh
+++++ alias 'which=alias | /usr/bin/which --tty-only --read-alias --show-dot --show-tilde'
++++ for i in '/etc/profile.d/*.sh'
++++ '[' -r /etc/profile.d/z00_lmod.sh ']'
++++ '[' '' ']'
++++ . /etc/profile.d/z00_lmod.sh
+++++ '[' -z '' ']'
+++++ '[' -z /ihome/crc/modules ']'
+++++ PS_CMD=/usr/bin/ps
+++++ '[' '!' -x /usr/bin/ps ']'
+++++ EXPR_CMD=/usr/bin/expr
+++++ '[' '!' -x /usr/bin/expr ']'
+++++ BASENAME_CMD=/usr/bin/basename
+++++ '[' '!' -x /usr/bin/basename ']'
++++++ /usr/bin/ps -p 50651 -ocomm=
+++++ my_shell=slurm_script
++++++ /usr/bin/expr slurm_script : '-*\(.*\)'
+++++ my_shell=slurm_script
++++++ /usr/bin/basename slurm_script
+++++ my_shell=slurm_script
+++++ '[' -f /ihome/crc/install/lmod/lmod/init/slurm_script ']'
+++++ . /ihome/crc/install/lmod/lmod/init/sh
++++++ LMOD_PKG=/ihome/crc/install/lmod/lmod
++++++ LMOD_DIR=/ihome/crc/install/lmod/lmod/libexec/
++++++ LMOD_CMD=/ihome/crc/install/lmod/lmod/libexec/lmod
++++++ MODULESHOME=/ihome/crc/install/lmod/lmod
++++++ export LMOD_CMD
++++++ export LMOD_PKG
++++++ export LMOD_DIR
++++++ export MODULESHOME
++++++ export LMOD_DIR
+++++ unset my_shell PS_CMD EXPR_CMD BASENAME_CMD
++++ unset i
++++ unset -f pathmunge
++++ /ihome/lchong/dty7/Apps/anaconda3/bin/conda shell.bash hook
slurmstepd: error: *** JOB 429007 ON gpu-n37 CANCELLED AT 2022-11-16T15:54:52 ***
